<?xml version="1.0" encoding="UTF-8"?>
<testsuites>
  <testsuite name="Tests\Feature\AdminLoginRecoveryRegressionTest" file="[repo]\tests\Feature\AdminLoginRecoveryRegressionTest.php" tests="33" assertions="134" errors="0" failures="0" skipped="0" time="20.619475">
    <testcase name="test_omitted_custom_captcha_is_rejected" file="[repo]\tests\Feature\AdminLoginRecoveryRegressionTest.php" line="138" class="Tests\Feature\AdminLoginRecoveryRegressionTest" classname="Tests.Feature.AdminLoginRecoveryRegressionTest" assertions="4" time="1.449855"/>
    <testcase name="test_missing_custom_captcha_session_phrase_is_rejected" file="[repo]\tests\Feature\AdminLoginRecoveryRegressionTest.php" line="159" class="Tests\Feature\AdminLoginRecoveryRegressionTest" classname="Tests.Feature.AdminLoginRecoveryRegressionTest" assertions="4" time="0.439306"/>
    <testcase name="test_missing_google_recaptcha_token_is_rejected" file="[repo]\tests\Feature\AdminLoginRecoveryRegressionTest.php" line="181" class="Tests\Feature\AdminLoginRecoveryRegressionTest" classname="Tests.Feature.AdminLoginRecoveryRegressionTest" assertions="5" time="0.532545"/>
    <testcase name="test_failed_google_recaptcha_verification_is_rejected" file="[repo]\tests\Feature\AdminLoginRecoveryRegressionTest.php" line="204" class="Tests\Feature\AdminLoginRecoveryRegressionTest" classname="Tests.Feature.AdminLoginRecoveryRegressionTest" assertions="4" time="0.709669"/>
    <testcase name="test_google_recaptcha_verification_timeout_is_rejected" file="[repo]\tests\Feature\AdminLoginRecoveryRegressionTest.php" line="229" class="Tests\Feature\AdminLoginRecoveryRegressionTest" classname="Tests.Feature.AdminLoginRecoveryRegressionTest" assertions="4" time="0.649855"/>
    <testcase name="test_google_recaptcha_missing_secret_is_rejected" file="[repo]\tests\Feature\AdminLoginRecoveryRegressionTest.php" line="254" class="Tests\Feature\AdminLoginRecoveryRegressionTest" classname="Tests.Feature.AdminLoginRecoveryRegressionTest" assertions="5" time="0.679257"/>
    <testcase name="test_google_recaptcha_non_success_http_status_is_rejected" file="[repo]\tests\Feature\AdminLoginRecoveryRegressionTest.php" line="269" class="Tests\Feature\AdminLoginRecoveryRegressionTest" classname="Tests.Feature.AdminLoginRecoveryRegressionTest" assertions="4" time="0.767893"/>
    <testcase name="test_google_recaptcha_generic_exception_is_rejected" file="[repo]\tests\Feature\AdminLoginRecoveryRegressionTest.php" line="285" class="Tests\Feature\AdminLoginRecoveryRegressionTest" classname="Tests.Feature.AdminLoginRecoveryRegressionTest" assertions="4" time="0.566320"/>
    <testcase name="test_google_recaptcha_missing_score_is_rejected" file="[repo]\tests\Feature\AdminLoginRecoveryRegressionTest.php" line="301" class="Tests\Feature\AdminLoginRecoveryRegressionTest" classname="Tests.Feature.AdminLoginRecoveryRegressionTest" assertions="4" time="0.430828"/>
    <testcase name="test_google_recaptcha_non_numeric_score_is_rejected" file="[repo]\tests\Feature\AdminLoginRecoveryRegressionTest.php" line="317" class="Tests\Feature\AdminLoginRecoveryRegressionTest" classname="Tests.Feature.AdminLoginRecoveryRegressionTest" assertions="4" time="0.449759"/>
    <testcase name="test_google_recaptcha_low_score_is_rejected" file="[repo]\tests\Feature\AdminLoginRecoveryRegressionTest.php" line="333" class="Tests\Feature\AdminLoginRecoveryRegressionTest" classname="Tests.Feature.AdminLoginRecoveryRegressionTest" assertions="4" time="0.445017"/>
    <testcase name="test_google_recaptcha_missing_action_is_rejected" file="[repo]\tests\Feature\AdminLoginRecoveryRegressionTest.php" line="349" class="Tests\Feature\AdminLoginRecoveryRegressionTest" classname="Tests.Feature.AdminLoginRecoveryRegressionTest" assertions="4" time="0.432536"/>
    <testcase name="test_google_recaptcha_wrong_action_is_rejected" file="[repo]\tests\Feature\AdminLoginRecoveryRegressionTest.php" line="365" class="Tests\Feature\AdminLoginRecoveryRegressionTest" classname="Tests.Feature.AdminLoginRecoveryRegressionTest" assertions="4" time="0.354915"/>
    <testcase name="test_google_recaptcha_valid_response_at_score_threshold_succeeds" file="[repo]\tests\Feature\AdminLoginRecoveryRegressionTest.php" line="381" class="Tests\Feature\AdminLoginRecoveryRegressionTest" classname="Tests.Feature.AdminLoginRecoveryRegressionTest" assertions="5" time="0.380221"/>
    <testcase name="test_invalid_credentials_are_rejected" file="[repo]\tests\Feature\AdminLoginRecoveryRegressionTest.php" line="396" class="Tests\Feature\AdminLoginRecoveryRegressionTest" classname="Tests.Feature.AdminLoginRecoveryRegressionTest" assertions="4" time="0.546492"/>
    <testcase name="test_unknown_email_and_wrong_password_produce_identical_responses" file="[repo]\tests\Feature\AdminLoginRecoveryRegressionTest.php" line="458" class="Tests\Feature\AdminLoginRecoveryRegressionTest" classname="Tests.Feature.AdminLoginRecoveryRegressionTest" assertions="8" time="0.638605"/>
    <testcase name="test_successful_admin_login_reaches_the_dashboard_redirect" file="[repo]\tests\Feature\AdminLoginRecoveryRegressionTest.php" line="482" class="Tests\Feature\AdminLoginRecoveryRegressionTest" classname="Tests.Feature.AdminLoginRecoveryRegressionTest" assertions="5" time="0.537875"/>
    <testcase name="test_logout_invalidates_the_admin_session" file="[repo]\tests\Feature\AdminLoginRecoveryRegressionTest.php" line="502" class="Tests\Feature\AdminLoginRecoveryRegressionTest" classname="Tests.Feature.AdminLoginRecoveryRegressionTest" assertions="3" time="0.475840"/>
    <testcase name="test_repeated_failed_attempts_are_rate_limited" file="[repo]\tests\Feature\AdminLoginRecoveryRegressionTest.php" line="516" class="Tests\Feature\AdminLoginRecoveryRegressionTest" classname="Tests.Feature.AdminLoginRecoveryRegressionTest" assertions="8" time="0.621135"/>
    <testcase name="test_module_permission_check_grants_urban_goodz_view_to_the_primary_admin" file="[repo]\tests\Feature\AdminLoginRecoveryRegressionTest.php" line="550" class="Tests\Feature\AdminLoginRecoveryRegressionTest" classname="Tests.Feature.AdminLoginRecoveryRegressionTest" assertions="1" time="0.602177"/>
    <testcase name="test_module_permission_check_grants_urban_goodz_view_when_role_includes_it" file="[repo]\tests\Feature\AdminLoginRecoveryRegressionTest.php" line="559" class="Tests\Feature\AdminLoginRecoveryRegressionTest" classname="Tests.Feature.AdminLoginRecoveryRegressionTest" assertions="1" time="1.002846"/>
    <testcase name="test_module_permission_check_denies_urban_goodz_view_when_role_excludes_it" file="[repo]\tests\Feature\AdminLoginRecoveryRegressionTest.php" line="577" class="Tests\Feature\AdminLoginRecoveryRegressionTest" classname="Tests.Feature.AdminLoginRecoveryRegressionTest" assertions="1" time="0.634238"/>
    <testcase name="test_urban_goodz_dashboard_data_is_empty_for_a_guest" file="[repo]\tests\Feature\AdminLoginRecoveryRegressionTest.php" line="595" class="Tests\Feature\AdminLoginRecoveryRegressionTest" classname="Tests.Feature.AdminLoginRecoveryRegressionTest" assertions="1" time="0.584247"/>
    <testcase name="test_urban_goodz_dashboard_data_is_empty_for_an_admin_without_the_permission" file="[repo]\tests\Feature\AdminLoginRecoveryRegressionTest.php" line="604" class="Tests\Feature\AdminLoginRecoveryRegressionTest" classname="Tests.Feature.AdminLoginRecoveryRegressionTest" assertions="1" time="0.699668"/>
    <testcase name="test_urban_goodz_dashboard_data_is_populated_for_the_primary_admin" file="[repo]\tests\Feature\AdminLoginRecoveryRegressionTest.php" line="624" class="Tests\Feature\AdminLoginRecoveryRegressionTest" classname="Tests.Feature.AdminLoginRecoveryRegressionTest" assertions="5" time="0.669080"/>
    <testcase name="test_urban_goodz_dashboard_data_is_populated_for_a_role_with_the_permission" file="[repo]\tests\Feature\AdminLoginRecoveryRegressionTest.php" line="639" class="Tests\Feature\AdminLoginRecoveryRegressionTest" classname="Tests.Feature.AdminLoginRecoveryRegressionTest" assertions="2" time="0.615100"/>
    <testcase name="test_dashboard_controller_gates_urban_goodz_data_behind_module_permission_check" file="[repo]\tests\Feature\AdminLoginRecoveryRegressionTest.php" line="660" class="Tests\Feature\AdminLoginRecoveryRegressionTest" classname="Tests.Feature.AdminLoginRecoveryRegressionTest" assertions="2" time="0.652974"/>
    <testcase name="test_settings_dashboard_is_restricted_to_the_primary_admin_role" file="[repo]\tests\Feature\AdminLoginRecoveryRegressionTest.php" line="671" class="Tests\Feature\AdminLoginRecoveryRegressionTest" classname="Tests.Feature.AdminLoginRecoveryRegressionTest" assertions="2" time="0.715682"/>
    <testcase name="test_valid_admin_credentials_with_invalid_custom_captcha_are_rejected_cleanly" file="[repo]\tests\Feature\AdminLoginRecoveryRegressionTest.php" line="685" class="Tests\Feature\AdminLoginRecoveryRegressionTest" classname="Tests.Feature.AdminLoginRecoveryRegressionTest" assertions="6" time="0.770357"/>
    <testcase name="test_admin_hostname_root_redirects_to_the_registered_admin_login_route" file="[repo]\tests\Feature\AdminLoginRecoveryRegressionTest.php" line="742" class="Tests\Feature\AdminLoginRecoveryRegressionTest" classname="Tests.Feature.AdminLoginRecoveryRegressionTest" assertions="4" time="0.735058"/>
    <testcase name="test_dashboard_links_use_registered_route_names" file="[repo]\tests\Feature\AdminLoginRecoveryRegressionTest.php" line="751" class="Tests\Feature\AdminLoginRecoveryRegressionTest" classname="Tests.Feature.AdminLoginRecoveryRegressionTest" assertions="8" time="0.667750"/>
    <testcase name="test_admin_login_uses_the_approved_command_center_assets" file="[repo]\tests\Feature\AdminLoginRecoveryRegressionTest.php" line="765" class="Tests\Feature\AdminLoginRecoveryRegressionTest" classname="Tests.Feature.AdminLoginRecoveryRegressionTest" assertions="8" time="0.612715"/>
    <testcase name="test_business_login_uses_the_approved_operations_hub_assets" file="[repo]\tests\Feature\AdminLoginRecoveryRegressionTest.php" line="779" class="Tests\Feature\AdminLoginRecoveryRegressionTest" classname="Tests.Feature.AdminLoginRecoveryRegressionTest" assertions="5" time="0.549662"/>
  </testsuite>
</testsuites>
