<?xml version="1.0" encoding="UTF-8"?>
<testsuites>
  <testsuite name="C:\Users\D'Andre Good\Documents\GitHub\AdminPanel_Auth_Recovery\phpunit.xml" tests="388" assertions="1057" errors="112" failures="7" skipped="0" time="161.082916">
    <testsuite name="Unit" tests="56" assertions="206" errors="0" failures="1" skipped="0" time="12.155622">
      <testsuite name="Tests\Unit\CreatorCommerceContractTest" file="C:\Users\D'Andre Good\Documents\GitHub\AdminPanel_Auth_Recovery\tests\Unit\CreatorCommerceContractTest.php" tests="4" assertions="9" errors="0" failures="1" skipped="0" time="0.065680">
        <testcase name="test_public_feed_requires_published_and_moderated_reels" file="C:\Users\D'Andre Good\Documents\GitHub\AdminPanel_Auth_Recovery\tests\Unit\CreatorCommerceContractTest.php" line="9" class="Tests\Unit\CreatorCommerceContractTest" classname="Tests.Unit.CreatorCommerceContractTest" assertions="2" time="0.012628"/>
        <testcase name="test_vendor_tags_and_reel_mutations_are_store_scoped" file="C:\Users\D'Andre Good\Documents\GitHub\AdminPanel_Auth_Recovery\tests\Unit\CreatorCommerceContractTest.php" line="16" class="Tests\Unit\CreatorCommerceContractTest" classname="Tests.Unit.CreatorCommerceContractTest" assertions="3" time="0.007572"/>
        <testcase name="test_attribution_validates_customer_and_store_order_ownership" file="C:\Users\D'Andre Good\Documents\GitHub\AdminPanel_Auth_Recovery\tests\Unit\CreatorCommerceContractTest.php" line="24" class="Tests\Unit\CreatorCommerceContractTest" classname="Tests.Unit.CreatorCommerceContractTest" assertions="3" time="0.002109"/>
        <testcase name="test_file_backed_tester_routes_are_removed" file="C:\Users\D'Andre Good\Documents\GitHub\AdminPanel_Auth_Recovery\tests\Unit\CreatorCommerceContractTest.php" line="32" class="Tests\Unit\CreatorCommerceContractTest" classname="Tests.Unit.CreatorCommerceContractTest" assertions="1" time="0.043370">
          <failure type="PHPUnit\Framework\ExpectationFailedException">Tests\Unit\CreatorCommerceContractTest::test_file_backed_tester_routes_are_removed&#13;
Failed asserting that '&lt;?php\r\n
\r\n
use Illuminate\Support\Facades\Route;\r\n
\r\n
Route::group(['prefix' =&gt; 'urban-goodz', 'middleware' =&gt; ['auth:api', 'throttle:60,1']], function () {\r\n
    Route::get('app-config', 'Api\V1\UrbanGoodz\UrbanGoodzAppConfigController@index');\r\n
});\r\n
Route::get('urban-goodz/driver/vehicle-options', 'Api\UrbanGoodzDriverCapabilityController@vehicleOptionsEndpoint')-&gt;middleware('throttle:60,1');\r\n
Route::group(['prefix' =&gt; 'urban-goodz/discovery', 'middleware' =&gt; ['auth:api', 'throttle:60,1']], function () {\r\n
    Route::post('search-capture', 'Api\V1\UrbanGoodzDiscoveryController@searchCapture');\r\n
    Route::get('entities', 'Api\V1\UrbanGoodzDiscoveryController@entities');\r\n
    Route::get('entities/{id}', 'Api\V1\UrbanGoodzDiscoveryController@entity');\r\n
    Route::post('entities/{id}/action', 'Api\V1\UrbanGoodzDiscoveryController@entityAction');\r\n
    Route::get('opportunities', 'Api\V1\UrbanGoodzDiscoveryController@opportunities');\r\n
    Route::post('opportunities/{id}/accept', 'Api\V1\UrbanGoodzDiscoveryController@acceptOpportunity');\r\n
});\r\n
\r\n
Route::group(['prefix' =&gt; 'urban-goodz/earn-money', 'middleware' =&gt; ['auth:api', 'throttle:60,1']], function () {\r\n
    Route::get('opportunities', 'Api\V1\UrbanGoodzOpportunityController@earnMoneyOpportunities');\r\n
    Route::get('opportunities/{record}', 'Api\V1\UrbanGoodzOpportunityController@earnMoneyOpportunity');\r\n
    Route::post('opportunities/{record}/accept', 'Api\V1\UrbanGoodzOpportunityController@acceptEarnMoneyOpportunity');\r\n
});\r\n
\r\n
Route::group(['prefix' =&gt; 'urban-goodz/logistics', 'middleware' =&gt; ['auth:api', 'throttle:60,1']], function () {\r\n
    Route::get('jobs', 'Api\V1\UrbanGoodzOpportunityController@logisticsJobs');\r\n
    Route::get('jobs/{record}', 'Api\V1\UrbanGoodzOpportunityController@logisticsJob');\r\n
    Route::post('jobs/{record}/accept', 'Api\V1\UrbanGoodzOpportunityController@acceptLogisticsJob');\r\n
    Route::post('jobs/{record}/status', 'Api\V1\UrbanGoodzOpportunityController@updateLogisticsJobStatus');\r\n
});\r\n
\r\n
Route::group(['prefix' =&gt; 'urban-goodz/load-board', 'middleware' =&gt; 'auth:api'], function () {\r\n
    Route::get('loads', 'Api\V1\UrbanGoodzOpportunityController@loadBoardLoads');\r\n
    Route::get('loads/{record}', 'Api\V1\UrbanGoodzOpportunityController@loadBoardLoad');\r\n
    Route::post('loads/{record}/accept', 'Api\V1\UrbanGoodzOpportunityController@acceptLoadBoardLoad');\r\n
    Route::post('loads/{record}/status', 'Api\V1\UrbanGoodzOpportunityController@updateLoadBoardLoadStatus');\r\n
});\r\n
\r\n
Route::group(['prefix' =&gt; 'urban-goodz/medical-courier', 'middleware' =&gt; ['auth:api', 'throttle:60,1']], function () {\r\n
    Route::get('jobs', 'Api\V1\UrbanGoodzOpportunityController@medicalCourierJobs');\r\n
    Route::get('jobs/{record}', 'Api\V1\UrbanGoodzOpportunityController@medicalCourierJob');\r\n
    Route::post('jobs/{record}/accept', 'Api\V1\UrbanGoodzOpportunityController@acceptMedicalCourierJob');\r\n
    Route::post('jobs/{record}/status', 'Api\V1\UrbanGoodzOpportunityController@updateMedicalCourierJobStatus');\r\n
    Route::post('jobs/{record}/custody', 'Api\V1\UrbanGoodzOpportunityController@updateMedicalCourierCustody');\r\n
});\r\n
\r\n
Route::group(['prefix' =&gt; 'urban-goodz/book-anything', 'middleware' =&gt; ['auth:api', 'throttle:60,1']], function () {\r\n
    Route::get('records', 'Api\V1\UrbanGoodzOpportunityController@bookAnythingRecords');\r\n
    Route::get('records/{record}', 'Api\V1\UrbanGoodzOpportunityController@bookAnythingRecord');\r\n
    Route::post('request', 'Api\V1\UrbanGoodzOpportunityController@submitBookAnythingRequest');\r\n
});\r\n
\r\n
Route::group(['prefix' =&gt; 'urban-goodz/events', 'middleware' =&gt; ['auth:api', 'throttle:60,1']], function () {\r\n
    Route::get('/', 'Api\V1\UrbanGoodzOpportunityController@events');\r\n
    Route::get('{record}', 'Api\V1\UrbanGoodzOpportunityController@event');\r\n
    Route::post('{record}/interest', 'Api\V1\UrbanGoodzOpportunityController@eventInterest');\r\n
    Route::post('{record}/vendor-opportunity', 'Api\V1\UrbanGoodzOpportunityController@eventVendorOpportunity');\r\n
    Route::post('{record}/creator-opportunity', 'Api\V1\UrbanGoodzOpportunityController@eventCreatorOpportunity');\r\n
    Route::post('{record}/logistics-support', 'Api\V1\UrbanGoodzOpportunityController@eventLogisticsSupport');\r\n
});\r\n
\r\n
Route::group(['prefix' =&gt; 'urban-goodz/creator-commerce', 'middleware' =&gt; ['auth:api', 'throttle:60,1']], function () {\r\n
    Route::get('featured-reels', 'Api\V1\CreatorCommerceTesterController@featuredReels');\r\n
    Route::get('customer/applications', 'Api\V1\CreatorCommerceTesterController@customerApplications');\r\n
    Route::post('applications', 'Api\V1\CreatorCommerceTesterController@storeApplication');\r\n
    Route::get('promotions', 'Api\V1\CreatorCommerceTesterController@promotions');\r\n
    Route::post('promotions', 'Api\V1\CreatorCommerceTesterController@storePromotion');\r\n
});\r\n
\r\n
    // Creator Space AI\r\n
    Route::group(['prefix' =&gt; 'urban-goodz/creator/ai', 'middleware' =&gt; ['auth:api', 'throttle:60,1']], function () {\r\n
        Route::post('reel-script', 'Api\V1\UrbanGoodz\CreatorSpaceAIController@generateReelScript');\r\n
        Route::post('product-tags', 'Api\V1\UrbanGoodz\CreatorSpaceAIController@generateProductTags');\r\n
        Route::post('caption', 'Api\V1\UrbanGoodz\CreatorSpaceAIController@generateCaption');\r\n
        Route::post('performance', 'Api\V1\UrbanGoodz\CreatorSpaceAIController@analyzePerformance');\r\n
        Route::get('brand-matches', 'Api\V1\UrbanGoodz\CreatorSpaceAIController@matchBrand');\r\n
        Route::post('reel-analytics', 'Api\V1\UrbanGoodz\CreatorSpaceAIController@generateReelAnalytics');\r\n
    });\r\n
\r\n
Route::group(['prefix' =&gt; 'urban-goodz/fashion', 'middleware' =&gt; ['auth:api', 'throttle:60,1']], function () {\r\n
    Route::get('stylist-requests', 'Api\V1\UrbanGoodzFashionMeasurementController@stylistRequests');\r\n
    Route::post('stylist-requests', 'Api\V1\UrbanGoodzFashionMeasurementController@submitStylistRequest');\r\n
    Route::post('stylist-requests/{id}/status', 'Api\V1\UrbanGoodzFashionMeasurementController@updateStylistRequestStatus');\r\n
});\r\n
\r\n
Route::post('adyen/webhook', 'Api\V1\AdyenWebhookController@handle');\r\n
\r\n
Route::post('payments/webhooks/{provider}', 'Api\V1\PaymentWebhookController@handle')\r\n
    -&gt;where('provider', 'adyen|stripe|staged_test');\r\n
\r\n
Route::group(['prefix' =&gt; 'order-anywhere', 'middleware' =&gt; ['auth:api', 'throttle:60,1']], function () {\r\n
    Route::post('requests', 'Api\V1\OrderAnywhereController@store');\r\n
    Route::post('requests/estimate', 'Api\V1\OrderAnywhereController@estimate');\r\n
    Route::get('requests/{record}', 'Api\V1\OrderAnywhereController@show');\r\n
    Route::post('requests/{record}/authorize-payment', 'Api\V1\OrderAnywhereController@authorizePayment');\r\n
    Route::post('requests/{record}/receipt', 'Api\V1\OrderAnywhereController@uploadReceipt');\r\n
    Route::get('customer/requests', 'Api\V1\OrderAnywhereController@customerRequests');\r\n
    Route::post('orders/{orderId}/dispatch/trigger-nearest', 'Api\V1\UrbanGoodz\OrderAiDispatchController@triggerNearestDriver');\r\n
    Route::get('orders/{orderId}/dispatch/status', 'Api\V1\UrbanGoodz\OrderAiDispatchController@dispatchStatus');\r\n
});\r\n
\r\n
Route::group(['prefix' =&gt; 'order-anywhere/admin', 'middleware' =&gt; ['auth:admin', 'throttle:60,1']], function () {\r\n
    Route::get('requests', 'Api\V1\OrderAnywhereController@adminRequests');\r\n
    Route::post('requests/{record}/status', 'Api\V1\OrderAnywhereController@updateStatus');\r\n
    Route::post('requests/{record}/notes', 'Api\V1\OrderAnywhereController@addNotes');\r\n
    Route::post('requests/{record}/assign-driver', 'Api\V1\OrderAnywhereController@assignDriver');\r\n
    Route::post('requests/{record}/payment-link', 'Api\V1\OrderAnywhereController@createPaymentLink');\r\n
    Route::get('pending-orders', 'Api\V1\UrbanGoodz\OrderAiDispatchAdminController@pendingOrders');\r\n
    Route::post('orders/{orderId}/dispatch/trigger-nearest', 'Api\V1\UrbanGoodz\OrderAiDispatchAdminController@triggerNearestDriver');\r\n
    Route::post('orders/{orderId}/dispatch/assign', 'Api\V1\UrbanGoodz\OrderAiDispatchAdminController@assignDriver');\r\n
    Route::post('dispatches/{dispatchId}/cancel', 'Api\V1\UrbanGoodz\OrderAiDispatchAdminController@cancelDispatch');\r\n
    Route::get('dispatches', 'Api\V1\UrbanGoodz\OrderAiDispatchAdminController@getAllDispatches');\r\n
    Route::get('dispatches/{dispatchId}', 'Api\V1\UrbanGoodz\OrderAiDispatchAdminController@getDispatchDetail');\r\n
});\r\n
\r\n
Route::group(['prefix' =&gt; 'order-anywhere/vendor', 'middleware' =&gt; ['vendor.api', 'throttle:60,1']], function () {\r\n
    Route::post('requests/{record}/update', 'Api\V1\OrderAnywhereController@vendorUpdate');\r\n
    Route::get('orders', 'Api\V1\UrbanGoodz\OrderAiDispatchVendorController@orders');\r\n
    Route::get('orders/{orderId}', 'Api\V1\UrbanGoodz\OrderAiDispatchVendorController@orderDetail');\r\n
    Route::get('dispatches', 'Api\V1\UrbanGoodz\OrderAiDispatchVendorController@dispatches');\r\n
});\r\n
\r\n
Route::group(['prefix' =&gt; 'order-anywhere/driver', 'middleware' =&gt; ['dm.api', 'throttle:60,1']], function () {\r\n
    Route::get('available', 'Api\V1\OrderAnywhereController@driverAvailable');\r\n
    Route::post('{record}/accept', 'Api\V1\OrderAnywhereController@driverAccept');\r\n
    Route::post('{record}/status', 'Api\V1\OrderAnywhereController@driverStatus');\r\n
    Route::post('{record}/issue', 'Api\V1\OrderAnywhereController@driverIssue');\r\n
});\r\n
\r\n
Route::group(['prefix' =&gt; 'urban-goodz/fashion-fit'], function () {\r\n
    Route::post('photos/upload', 'Api\V1\UrbanGoodz\FashionFitFileController@uploadPhoto')-&gt;middleware('auth:api');\r\n
});\r\n
\r\n
Route::group(['prefix' =&gt; 'urban-goodz/files', 'middleware' =&gt; ['auth:api', 'throttle:60,1']], function () {\r\n
    Route::post('upload/{category}', 'Api\V1\UrbanGoodz\UrbanGoodzFileUploadController@upload');\r\n
});\r\n
\r\n
Route::group(['prefix' =&gt; 'urban-goodz/ai-concierge', 'middleware' =&gt; ['auth:api', 'throttle:60,1']], function () {\r\n
    Route::post('query', 'Api\V1\UrbanGoodz\UrbanGoodzAIConciergeController@query');\r\n
    Route::post('chat', 'Api\V1\UrbanGoodz\UrbanGoodzAIConciergeController@query');\r\n
    Route::get('history', 'Api\V1\UrbanGoodz\UrbanGoodzAIConciergeController@history');\r\n
});\r\n
\r\n
Route::group(['prefix' =&gt; 'urban-goodz/notifications/ai', 'middleware' =&gt; ['auth:api', 'throttle:60,1']], function () {\r\n
    Route::post('generate', 'Api\V1\UrbanGoodz\NotificationAIController@generateNotification');\r\n
    Route::post('batch', 'Api\V1\UrbanGoodz\NotificationAIController@generateBatch');\r\n
    Route::get('history', 'Api\V1\UrbanGoodz\NotificationAIController@history');\r\n
    Route::post('mark-read', 'Api\V1\UrbanGoodz\NotificationAIController@markAsRead');\r\n
    Route::post('preview', 'Api\V1\UrbanGoodz\NotificationAIController@previewTemplate');\r\n
});\r\n
\r\n
// Driver API - dedicated routes, package scanning, earnings, payouts\r\n
Route::group(['prefix' =&gt; 'urban-goodz/driver', 'middleware' =&gt; 'dm.api'], function () {\r\n
    Route::get('routes', 'Api\UrbanGoodzDriverApiController@assignedRoutes');\r\n
    Route::get('routes/{routeId}', 'Api\UrbanGoodzDriverApiController@routeDetail');\r\n
    Route::post('routes/{routeId}/sequence', 'Api\UrbanGoodzDriverApiController@resequenceRoute');\r\n
    Route::post('routes/{routeId}/started', 'Api\UrbanGoodzDriverApiController@routeStarted');\r\n
    Route::post('routes/{routeId}/completed', 'Api\UrbanGoodzDriverApiController@routeCompleted');\r\n
    Route::post('routes/{routeId}/scan-pickup', 'Api\UrbanGoodzDriverApiController@scanPickup');\r\n
    Route::post('routes/{routeId}/scan-dropoff', 'Api\UrbanGoodzDriverApiController@scanDropoff');\r\n
    Route::post('routes/{routeId}/scan-exception', 'Api\UrbanGoodzDriverApiController@scanException');\r\n
    Route::post('routes/{routeId}/age-verify', 'Api\UrbanGoodzDriverApiController@submitAgeVerification');\r\n
    Route::post('routes/{routeId}/age-refuse', 'Api\UrbanGoodzDriverApiController@submitAgeRefusal');\r\n
    Route::get('routes/{routeId}/age-status', 'Api\UrbanGoodzDriverApiController@checkAgeStatus');\r\n
    Route::get('earnings', 'Api\UrbanGoodzDriverApiController@earnings');\r\n
    Route::post('payout-request', 'Api\UrbanGoodzDriverApiController@requestPayout');\r\n
    Route::get('payout-history', 'Api\UrbanGoodzDriverApiController@payoutHistory');\r\n
    // Driver capability and vehicle profile\r\n
    Route::get('capability-profile', 'Api\UrbanGoodzDriverCapabilityController@profile');\r\n
    Route::get('capability-summary', 'Api\UrbanGoodzDriverCapabilityController@summary');\r\n
    Route::post('capability-profile/vehicle', 'Api\UrbanGoodzDriverCapabilityController@updateVehicle');\r\n
    Route::post('capability-profile/trailer', 'Api\UrbanGoodzDriverCapabilityController@updateTrailer');\r\n
    Route::post('capability-profile/commercial', 'Api\UrbanGoodzDriverCapabilityController@updateCommercial');\r\n
    Route::post('capability-profile/cargo', 'Api\UrbanGoodzDriverCapabilityController@updateCargo');\r\n
    Route::post('capability-profile/zones', 'Api\UrbanGoodzDriverCapabilityController@updateZones');\r\n
    Route::post('capability-profile/work-types', 'Api\UrbanGoodzDriverCapabilityController@updateWorkTypes');\r\n
    Route::post('capability-profile/tags', 'Api\UrbanGoodzDriverCapabilityController@updateTags');\r\n
    Route::post('capability-profile/availability', 'Api\UrbanGoodzDriverCapabilityController@updateAvailability');\r\n
\r\n
    // Driver job discovery (read-only discovery of available work)\r\n
    Route::get('job-discovery', 'Api\UrbanGoodzDriverJobDiscoveryController@index');\r\n
    Route::get('job-discovery/summary', 'Api\UrbanGoodzDriverJobDiscoveryController@summary');\r\n
    Route::get('job-discovery/{type}/{id}', 'Api\UrbanGoodzDriverJobDiscoveryController@detail');\r\n
\r\n
    // Driver dispatch notifications (read-only inbox over existing notification system)\r\n
    Route::get('dispatch-notifications', 'Api\UrbanGoodzDriverDispatchNotificationController@index');\r\n
    Route::get('dispatch-notifications/unread-count', 'Api\UrbanGoodzDriverDispatchNotificationController@unreadCount');\r\n
    Route::post('dispatch-notifications/read-all', 'Api\UrbanGoodzDriverDispatchNotificationController@readAll');\r\n
    Route::post('dispatch-notifications/{notificationId}/read', 'Api\UrbanGoodzDriverDispatchNotificationController@markRead');\r\n
    Route::post('dispatch-notifications/{notificationId}/dismiss', 'Api\UrbanGoodzDriverDispatchNotificationController@dismiss');\r\n
\r\n
    // Business courier jobs for driver\r\n
    Route::get('business-jobs', 'Api\UrbanGoodzDriverBusinessCourierController@assignedJobs');\r\n
    Route::get('business-jobs/{jobId}', 'Api\UrbanGoodzDriverBusinessCourierController@jobDetail');\r\n
    Route::post('business-jobs/{jobId}/accept', 'Api\UrbanGoodzDriverBusinessCourierController@acceptJob');\r\n
    Route::post('business-jobs/{jobId}/start', 'Api\UrbanGoodzDriverBusinessCourierController@startJob');\r\n
    Route::post('business-jobs/{jobId}/pickup', 'Api\UrbanGoodzDriverBusinessCourierController@markPickup');\r\n
    Route::post('business-jobs/{jobId}/delivery', 'Api\UrbanGoodzDriverBusinessCourierController@markDelivery');\r\n
    Route::post('business-jobs/{jobId}/proof-pickup', 'Api\UrbanGoodzDriverBusinessCourierController@submitPickupProof');\r\n
    Route::post('business-jobs/{jobId}/proof-delivery', 'Api\UrbanGoodzDriverBusinessCourierController@submitDeliveryProof');\r\n
    Route::post('business-jobs/{jobId}/exception', 'Api\UrbanGoodzDriverBusinessCourierController@reportException');\r\n
\r\n
    // Driver load board browsing and bidding\r\n
    Route::get('load-board', 'Api\UrbanGoodzDriverApiController@loadBoardAvailable');\r\n
    Route::get('load-board/{loadId}', 'Api\UrbanGoodzDriverApiController@loadBoardDetail');\r\n
    Route::post('load-board/{loadId}/bid', 'Api\UrbanGoodzDriverApiController@loadBoardPlaceBid');\r\n
    Route::get('my-bids', 'Api\UrbanGoodzDriverApiController@loadBoardMyBids');\r\n
    Route::post('my-bids/{bidId}/withdraw', 'Api\UrbanGoodzDriverApiController@loadBoardWithdrawBid');\r\n
\r\n
    // Active jobs overview\r\n
    Route::get('active-jobs', 'Api\UrbanGoodzDriverApiController@activeJobs');\r\n
\r\n
    // Load sourcing — AI recommendations\r\n
    Route::get('load-sourcing/recommendations', 'Api\UrbanGoodzDriverApiController@loadSourcingRecommendations');\r\n
    Route::get('load-sourcing/recommendations/{recommendationId}', 'Api\UrbanGoodzDriverApiController@loadSourcingDetail');\r\n
    Route::post('load-sourcing/recommendations/{recommendationId}/save', 'Api\UrbanGoodzDriverApiController@loadSourcingSave');\r\n
    Route::post('load-sourcing/recommendations/{recommendationId}/hide', 'Api\UrbanGoodzDriverApiController@loadSourcingHide');\r\n
    Route::post('load-sourcing/recommendations/{recommendationId}/interest', 'Api\UrbanGoodzDriverApiController@loadSourcingExpressInterest');\r\n
    Route::post('load-sourcing/recommendations/{recommendationId}/handoff', 'Api\UrbanGoodzDriverApiController@loadSourcingHandoff');\r\n
    Route::post('load-sourcing/confirm-booking/{referralId}', 'Api\UrbanGoodzDriverApiController@loadSourcingConfirmBooking');\r\n
    Route::put('load-sourcing/preferences', 'Api\UrbanGoodzDriverApiController@loadSourcingUpdatePreferences');\r\n
    Route::get('load-sourcing/available-external', 'Api\UrbanGoodzDriverApiController@loadSourcingAvailableExternal');\r\n
    Route::post('load-sourcing/share-external', 'Api\UrbanGoodzDriverApiController@loadSourcingShareExternal');\r\n
\r\n
    // Driver Order Anywhere purchase card\r\n
    Route::get('order-anywhere/{requestId}/purchase-card', 'Api\V1\UrbanGoodzDriverPurchaseCardController@getCard');\r\n
    Route::post('order-anywhere/{requestId}/purchase-card/authorize', 'Api\V1\UrbanGoodzDriverPurchaseCardController@authorizePurchase');\r\n
    Route::post('order-anywhere/{requestId}/purchase-card/complete', 'Api\V1\UrbanGoodzDriverPurchaseCardController@completePurchase');\r\n
\r\n
    // Driver active jobs (unified across all sources)\r\n
    Route::get('active-jobs', 'Api\UrbanGoodzDriverActiveJobsController@index');\r\n
    Route::get('active-jobs/{jobId}', 'Api\UrbanGoodzDriverActiveJobsController@detail');\r\n
    Route::post('active-jobs/{jobId}/start', 'Api\UrbanGoodzDriverActiveJobsController@startJob');\r\n
    Route::post('active-jobs/{jobId}/complete', 'Api\UrbanGoodzDriverActiveJobsController@completeJob');\r\n
    Route::post('active-jobs/{jobId}/cancel', 'Api\UrbanGoodzDriverActiveJobsController@cancelJob');\r\n
    Route::post('active-jobs/{jobId}/status', 'Api\UrbanGoodzDriverActiveJobsController@updateStatus');\r\n
\r\n
    // Driver load board\r\n
    Route::get('load-board', 'Api\UrbanGoodzDriverActiveJobsController@loadBoardAvailable');\r\n
    Route::post('load-board/{loadId}/bid', 'Api\UrbanGoodzDriverActiveJobsController@loadBoardBid');\r\n
    Route::post('load-board/{loadId}/accept', 'Api\UrbanGoodzDriverActiveJobsController@acceptJob');\r\n
\r\n
    // Driver opportunities\r\n
    Route::get('opportunities', 'Api\UrbanGoodzDriverActiveJobsController@opportunities');\r\n
    Route::post('opportunities/{opportunityId}/claim', 'Api\UrbanGoodzDriverActiveJobsController@claimOpportunity');\r\n
\r\n
    // Driver vehicles and certifications\r\n
    Route::get('vehicles', 'Api\UrbanGoodzDriverActiveJobsController@vehicles');\r\n
    Route::get('certifications', 'Api\UrbanGoodzDriverActiveJobsController@certifications');\r\n
    Route::post('certifications/{certId}/upload', 'Api\UrbanGoodzDriverActiveJobsController@uploadCertDocument');\r\n
Route::post('certifications/{certId}/renew', 'Api\UrbanGoodzDriverActiveJobsController@renewCertification');\r\n
\r\n
    // Driver AI dispatches (AiDispatch lifecycle)\r\n
    Route::get('ai-dispatches', 'Api\UrbanGoodzDriverDispatchController@index');\r\n
    Route::get('ai-dispatches/{dispatch}', 'Api\UrbanGoodzDriverDispatchController@show');\r\n
    Route::post('ai-dispatches/{dispatch}/accept', 'Api\UrbanGoodzDriverDispatchController@accept');\r\n
    Route::post('ai-dispatches/{dispatch}/decline', 'Api\UrbanGoodzDriverDispatchController@decline');\r\n
    Route::get('ai-dispatches/{dispatch}/route-guidance', 'Api\UrbanGoodzDriverDispatchController@routeGuidance');\r\n
    Route::post('ai-dispatches/{dispatch}/exceptions', 'Api\UrbanGoodzDriverDispatchController@reportException');\r\n
    Route::post('ai-dispatches/{dispatch}/deliver', 'Api\UrbanGoodzDriverDispatchController@markDelivered');\r\n
    Route::get('ai-performance-summary', 'Api\UrbanGoodzDriverDispatchController@performanceSummary');\r\n
    });\r\n
\r\n
    // Driver AI\r\n
    Route::group(['prefix' =&gt; 'ai', 'middleware' =&gt; 'dm.api'], function () {\r\n
        Route::get('route-optimization', 'Api\V1\UrbanGoodz\UrbanGoodzDriverAIController@optimizeRoute');\r\n
        Route::get('earnings-comparison', 'Api\V1\UrbanGoodz\UrbanGoodzDriverAIController@earningsComparison');\r\n
        Route::get('load-recommendations', 'Api\V1\UrbanGoodz\UrbanGoodzDriverAIController@loadRecommendations');\r\n
        Route::post('verify-pickup', 'Api\V1\UrbanGoodz\UrbanGoodzDriverAIController@verifyPickup');\r\n
        Route::post('verify-delivery', 'Api\V1\UrbanGoodz\UrbanGoodzDriverAIController@verifyDelivery');\r\n
        Route::post('exception', 'Api\V1\UrbanGoodz\UrbanGoodzDriverAIController@handleException');\r\n
        Route::get('warnings', 'Api\V1\UrbanGoodz\UrbanGoodzDriverAIController@getWarnings');\r\n
        Route::get('earnings-per-hour', 'Api\V1\UrbanGoodz\UrbanGoodzDriverAIController@earningsPerHour');\r\n
    });\r\n
\r\n
    // Dispatcher AI\r\n
    Route::group(['prefix' =&gt; 'urban-goodz/dispatcher/ai', 'middleware' =&gt; ['auth:admin', 'throttle:60,1']], function () {\r\n
        Route::post('load-ranking', 'Api\V1\Dispatcher\DispatcherAIController@rankLoads');\r\n
        Route::post('driver-match', 'Api\V1\Dispatcher\DispatcherAIController@matchDriver');\r\n
        Route::post('rate-estimate', 'Api\V1\Dispatcher\DispatcherAIController@estimateRate');\r\n
        Route::post('duplicate-check', 'Api\V1\Dispatcher\DispatcherAIController@checkDuplicates');\r\n
        Route::get('ops-summary', 'Api\V1\Dispatcher\DispatcherAIController@opsSummary');\r\n
        Route::post('parse-load', 'Api\V1\Dispatcher\DispatcherAIController@parseLoad');\r\n
        Route::post('parse-email', 'Api\V1\Dispatcher\DispatcherAIController@parseEmail');\r\n
        Route::post('parse-batch', 'Api\V1\Dispatcher\DispatcherAIController@parseBatch');\r\n
        Route::get('source-status', 'Api\V1\Dispatcher\DispatcherAIController@sourceStatus');\r\n
        Route::post('sync-source', 'Api\V1\Dispatcher\DispatcherAIController@syncSource');\r\n
    });\r\n
\r\n
    // Rental AI\r\n
    Route::group(['prefix' =&gt; 'urban-goodz/rentals/ai', 'middleware' =&gt; ['auth:api', 'throttle:60,1']], function () {\r\n
        Route::post('search', 'Api\V1\UrbanGoodz\RentalAIController@searchAssets');\r\n
        Route::post('match', 'Api\V1\UrbanGoodz\RentalAIController@matchAssets');\r\n
        Route::post('availability', 'Api\V1\UrbanGoodz\RentalAIController@checkAvailability');\r\n
        Route::post('quote', 'Api\V1\UrbanGoodz\RentalAIController@getQuote');\r\n
        Route::post('extension', 'Api\V1\UrbanGoodz\RentalAIController@extendRental');\r\n
        Route::post('late-return', 'Api\V1\UrbanGoodz\RentalAIController@handleLateReturn');\r\n
        Route::post('damage-report', 'Api\V1\UrbanGoodz\RentalAIController@reportDamage');\r\n
        Route::post('return-inspection', 'Api\V1\UrbanGoodz\RentalAIController@inspectReturn');\r\n
    });\r\n
\r\n
    // Support AI\r\n
    Route::group(['prefix' =&gt; 'urban-goodz/support/ai', 'middleware' =&gt; ['auth:api', 'throttle:60,1']], function () {\r\n
        Route::post('classify', 'Api\V1\UrbanGoodz\SupportAIController@classifyIssue');\r\n
        Route::post('auto-resolve', 'Api\V1\UrbanGoodz\SupportAIController@autoResolve');\r\n
        Route::post('escalate', 'Api\V1\UrbanGoodz\SupportAIController@escalateToHuman');\r\n
        Route::get('knowledge-base', 'Api\V1\UrbanGoodz\SupportAIController@searchKnowledgeBase');\r\n
        Route::post('feedback', 'Api\V1\UrbanGoodz\SupportAIController@submitFeedback');\r\n
    });\r\n
\r\n
    // Fraud Detection AI\r\n
    Route::group(['prefix' =&gt; 'urban-goodz/fraud/ai', 'middleware' =&gt; ['auth:admin', 'throttle:60,1']], function () {\r\n
        Route::post('scan-transaction', 'Api\V1\UrbanGoodz\FraudDetectionController@scanTransaction');\r\n
        Route::post('scan-account', 'Api\V1\UrbanGoodz\FraudDetectionController@scanAccount');\r\n
        Route::get('flags', 'Api\V1\UrbanGoodz\FraudDetectionController@getFlags');\r\n
        Route::post('review', 'Api\V1\UrbanGoodz\FraudDetectionController@reviewFlag');\r\n
        Route::get('risk-score/{entity_type}/{entity_id}', 'Api\V1\UrbanGoodz\FraudDetectionController@getRiskScore');\r\n
        Route::get('dashboard', 'Api\V1\UrbanGoodz\FraudDetectionController@getDashboard');\r\n
    });\r\n
\r\n
    // ETA Prediction AI\r\n
    Route::group(['prefix' =&gt; 'urban-goodz/eta/ai', 'middleware' =&gt; ['auth:api', 'throttle:60,1']], function () {\r\n
        Route::post('predict', 'Api\V1\UrbanGoodz\ETAPredictionController@predictETA');\r\n
        Route::post('batch-predict', 'Api\V1\UrbanGoodz\ETAPredictionController@batchPredict');\r\n
        Route::get('driver/{driver_id}', 'Api\V1\UrbanGoodz\ETAPredictionController@getDriverETA');\r\n
        Route::get('order/{order_id}', 'Api\V1\UrbanGoodz\ETAPredictionController@getOrderETA');\r\n
    });\r\n
\r\n
    // Dynamic Pricing AI\r\n
    Route::group(['prefix' =&gt; 'urban-goodz/pricing/ai', 'middleware' =&gt; ['vendor.api', 'actch:vendor_app', 'throttle:60,1']], function () {\r\n
        Route::post('recommend', 'Api\V1\UrbanGoodz\DynamicPricingController@recommendPrices');\r\n
        Route::post('simulate', 'Api\V1\UrbanGoodz\DynamicPricingController@simulatePriceChange');\r\n
        Route::get('history', 'Api\V1\UrbanGoodz\DynamicPricingController@getPriceHistory');\r\n
        Route::post('rollback', 'Api\V1\UrbanGoodz\DynamicPricingController@rollbackPrice');\r\n
});\r\n
\r\n
    // Cross-App AI (unified endpoints for all apps)\r\n
    Route::group(['prefix' =&gt; 'urban-goodz/cross-app/ai', 'middleware' =&gt; ['auth:api', 'throttle:120,1']], function () {\r\n
        // Customer\r\n
        Route::post('customer/query', 'Api\V1\UrbanGoodz\CrossAppAIController@customerQuery');\r\n
        Route::get('customer/history', 'Api\V1\UrbanGoodz\CrossAppAIController@customerHistory');\r\n
        Route::post('customer/fashion-fit/measurements', 'Api\V1\UrbanGoodz\CrossAppAIController@fashionFitMeasurements');\r\n
        Route::post('customer/order-anywhere', 'Api\V1\UrbanGoodz\CrossAppAIController@orderAnywhere');\r\n
        Route::post('customer/smart-reorder', 'Api\V1\UrbanGoodz\CrossAppAIController@smartReorder');\r\n
        Route::post('customer/delivery-eta', 'Api\V1\UrbanGoodz\CrossAppAIController@deliveryETA');\r\n
\r\n
        // Vendor\r\n
        Route::get('vendor/daily-brief', 'Api\V1\UrbanGoodz\CrossAppAIController@vendorDailyBrief');\r\n
        Route::post('vendor/order-summary', 'Api\V1\UrbanGoodz\CrossAppAIController@vendorOrderSummary');\r\n
        Route::get('vendor/alerts', 'Api\V1\UrbanGoodz\CrossAppAIController@vendorAlerts');\r\n
        Route::get('vendor/performance', 'Api\V1\UrbanGoodz\CrossAppAIController@vendorPerformance');\r\n
        Route::get('vendor/pricing', 'Api\V1\UrbanGoodz\CrossAppAIController@vendorPricing');\r\n
        Route::get('vendor/promotions', 'Api\V1\UrbanGoodz\CrossAppAIController@vendorPromotions');\r\n
        Route::post('vendor/prep-time', 'Api\V1\UrbanGoodz\CrossAppAIController@vendorPrepTime');\r\n
\r\n
        // Driver\r\n
        Route::get('driver/daily-summary', 'Api\V1\UrbanGoodz\CrossAppAIController@driverDailySummary');\r\n
        Route::post('driver/route-optimization', 'Api\V1\UrbanGoodz\CrossAppAIController@driverRouteOptimization');\r\n
        Route::post('driver/verify-package', 'Api\V1\UrbanGoodz\CrossAppAIController@driverVerifyPackage');\r\n
        Route::post('driver/verify-delivery', 'Api\V1\UrbanGoodz\CrossAppAIController@driverVerifyDelivery');\r\n
\r\n
        // Business\r\n
        Route::post('business/manifest/import', 'Api\V1\UrbanGoodz\CrossAppAIController@importManifest');\r\n
        Route::post('business/packages/group', 'Api\V1\UrbanGoodz\CrossAppAIController@groupPackages');\r\n
        Route::post('business/route/create', 'Api\V1\UrbanGoodz\CrossAppAIController@createRoute');\r\n
        Route::post('business/route/optimize', 'Api\V1\UrbanGoodz\CrossAppAIController@optimizeRoute');\r\n
        Route::post('business/driver/match', 'Api\V1\UrbanGoodz\CrossAppAIController@matchDriver');\r\n
        Route::post('business/route/predict', 'Api\V1\UrbanGoodz\CrossAppAIController@predictRouteCompletion');\r\n
        Route::post('business/route/risk', 'Api\V1\UrbanGoodz\CrossAppAIController@assessRouteRisk');\r\n
        Route::get('business/performance', 'Api\V1\UrbanGoodz\CrossAppAIController@routePerformance');\r\n
        Route::get('business/cost-anomaly', 'Api\V1\UrbanGoodz\CrossAppAIController@costAnomalyAlert');\r\n
        Route::post('business/invoice-support', 'Api\V1\UrbanGoodz\CrossAppAIController@generateInvoiceSupport');\r\n
        Route::post('business/delivery-proof', 'Api\V1\UrbanGoodz\CrossAppAIController@compileDeliveryProof');\r\n
\r\n
        // Dispatcher\r\n
        Route::post('dispatcher/load-ranking', 'Api\V1\UrbanGoodz\CrossAppAIController@rankLoads');\r\n
        Route::post('dispatcher/driver-match', 'Api\V1\UrbanGoodz\CrossAppAIController@matchDriver');\r\n
        Route::post('dispatcher/rate-estimate', 'Api\V1\UrbanGoodz\CrossAppAIController@estimateRate');\r\n
        Route::post('dispatcher/duplicate-check', 'Api\V1\UrbanGoodz\CrossAppAIController@checkDuplicates');\r\n
        Route::get('dispatcher/ops-summary', 'Api\V1\UrbanGoodz\CrossAppAIController@opsSummary');\r\n
        Route::post('dispatcher/parse-load', 'Api\V1\UrbanGoodz\CrossAppAIController@parseLoad');\r\n
        Route::post('dispatcher/parse-email', 'Api\V1\UrbanGoodz\CrossAppAIController@parseEmail');\r\n
        Route::post('dispatcher/parse-batch', 'Api\V1\UrbanGoodz\CrossAppAIController@parseBatch');\r\n
        Route::get('dispatcher/source-status', 'Api\V1\UrbanGoodz\CrossAppAIController@sourceStatus');\r\n
        Route::post('dispatcher/sync-source', 'Api\V1\UrbanGoodz\CrossAppAIController@syncSource');\r\n
    });\r\n
' [UTF-8](length: 29931) does not contain "CreatorCommerceTesterController" [ASCII](length: 31).
&#13;
C:\Users\D'Andre Good\Documents\GitHub\AdminPanel_Auth_Recovery\tests\Unit\CreatorCommerceContractTest.php:35</failure>
        </testcase>
      </testsuite>
      <testsuite name="Tests\Unit\DynamicPricingServiceTest" file="C:\Users\D'Andre Good\Documents\GitHub\AdminPanel_Auth_Recovery\tests\Unit\DynamicPricingServiceTest.php" tests="7" assertions="40" errors="0" failures="0" skipped="0" time="1.647270">
        <testcase name="test_calculate_dynamic_price_uses_ai_when_available" file="C:\Users\D'Andre Good\Documents\GitHub\AdminPanel_Auth_Recovery\tests\Unit\DynamicPricingServiceTest.php" line="26" class="Tests\Unit\DynamicPricingServiceTest" classname="Tests.Unit.DynamicPricingServiceTest" assertions="7" time="0.702281"/>
        <testcase name="test_calculate_dynamic_price_clamps_multiplier_to_bounds" file="C:\Users\D'Andre Good\Documents\GitHub\AdminPanel_Auth_Recovery\tests\Unit\DynamicPricingServiceTest.php" line="60" class="Tests\Unit\DynamicPricingServiceTest" classname="Tests.Unit.DynamicPricingServiceTest" assertions="3" time="0.161668"/>
        <testcase name="test_calculate_dynamic_price_fallback_when_ai_fails" file="C:\Users\D'Andre Good\Documents\GitHub\AdminPanel_Auth_Recovery\tests\Unit\DynamicPricingServiceTest.php" line="85" class="Tests\Unit\DynamicPricingServiceTest" classname="Tests.Unit.DynamicPricingServiceTest" assertions="5" time="0.162068"/>
        <testcase name="test_calculate_dynamic_price_fallback_when_ai_returns_invalid_json" file="C:\Users\D'Andre Good\Documents\GitHub\AdminPanel_Auth_Recovery\tests\Unit\DynamicPricingServiceTest.php" line="104" class="Tests\Unit\DynamicPricingServiceTest" classname="Tests.Unit.DynamicPricingServiceTest" assertions="4" time="0.157700"/>
        <testcase name="test_fallback_pricing_by_demand_level" file="C:\Users\D'Andre Good\Documents\GitHub\AdminPanel_Auth_Recovery\tests\Unit\DynamicPricingServiceTest.php" line="122" class="Tests\Unit\DynamicPricingServiceTest" classname="Tests.Unit.DynamicPricingServiceTest" assertions="8" time="0.143249"/>
        <testcase name="test_simulate_price_change_uses_ai_when_available" file="C:\Users\D'Andre Good\Documents\GitHub\AdminPanel_Auth_Recovery\tests\Unit\DynamicPricingServiceTest.php" line="147" class="Tests\Unit\DynamicPricingServiceTest" classname="Tests.Unit.DynamicPricingServiceTest" assertions="6" time="0.145231"/>
        <testcase name="test_simulate_price_change_fallback_when_ai_fails" file="C:\Users\D'Andre Good\Documents\GitHub\AdminPanel_Auth_Recovery\tests\Unit\DynamicPricingServiceTest.php" line="177" class="Tests\Unit\DynamicPricingServiceTest" classname="Tests.Unit.DynamicPricingServiceTest" assertions="7" time="0.175074"/>
      </testsuite>
      <testsuite name="Tests\Unit\ExampleTest" file="C:\Users\D'Andre Good\Documents\GitHub\AdminPanel_Auth_Recovery\tests\Unit\ExampleTest.php" tests="1" assertions="1" errors="0" failures="0" skipped="0" time="0.001170">
        <testcase name="test_example" file="C:\Users\D'Andre Good\Documents\GitHub\AdminPanel_Auth_Recovery\tests\Unit\ExampleTest.php" line="14" class="Tests\Unit\ExampleTest" classname="Tests.Unit.ExampleTest" assertions="1" time="0.001170"/>
      </testsuite>
      <testsuite name="Tests\Unit\FashionFitAiContractTest" file="C:\Users\D'Andre Good\Documents\GitHub\AdminPanel_Auth_Recovery\tests\Unit\FashionFitAiContractTest.php" tests="7" assertions="18" errors="0" failures="0" skipped="0" time="1.489401">
        <testcase name="test_completed_provider_fixture_passes_structured_validation" file="C:\Users\D'Andre Good\Documents\GitHub\AdminPanel_Auth_Recovery\tests\Unit\FashionFitAiContractTest.php" line="11" class="Tests\Unit\FashionFitAiContractTest" classname="Tests.Unit.FashionFitAiContractTest" assertions="4" time="0.191989"/>
        <testcase name="test_invalid_or_fabricated_measurements_are_rejected" file="C:\Users\D'Andre Good\Documents\GitHub\AdminPanel_Auth_Recovery\tests\Unit\FashionFitAiContractTest.php" line="22" class="Tests\Unit\FashionFitAiContractTest" classname="Tests.Unit.FashionFitAiContractTest" assertions="1" time="0.202126"/>
        <testcase name="test_retake_response_requires_view_specific_instructions" file="C:\Users\D'Andre Good\Documents\GitHub\AdminPanel_Auth_Recovery\tests\Unit\FashionFitAiContractTest.php" line="38" class="Tests\Unit\FashionFitAiContractTest" classname="Tests.Unit.FashionFitAiContractTest" assertions="2" time="0.153624"/>
        <testcase name="test_customer_provider_and_admin_routes_are_authenticated" file="C:\Users\D'Andre Good\Documents\GitHub\AdminPanel_Auth_Recovery\tests\Unit\FashionFitAiContractTest.php" line="50" class="Tests\Unit\FashionFitAiContractTest" classname="Tests.Unit.FashionFitAiContractTest" assertions="3" time="0.204027"/>
        <testcase name="test_photo_storage_and_provider_access_fail_closed" file="C:\Users\D'Andre Good\Documents\GitHub\AdminPanel_Auth_Recovery\tests\Unit\FashionFitAiContractTest.php" line="59" class="Tests\Unit\FashionFitAiContractTest" classname="Tests.Unit.FashionFitAiContractTest" assertions="4" time="0.213626"/>
        <testcase name="test_queued_analysis_rechecks_consent_and_required_views" file="C:\Users\D'Andre Good\Documents\GitHub\AdminPanel_Auth_Recovery\tests\Unit\FashionFitAiContractTest.php" line="70" class="Tests\Unit\FashionFitAiContractTest" classname="Tests.Unit.FashionFitAiContractTest" assertions="2" time="0.250797"/>
        <testcase name="test_staged_payment_and_legacy_upload_fail_closed" file="C:\Users\D'Andre Good\Documents\GitHub\AdminPanel_Auth_Recovery\tests\Unit\FashionFitAiContractTest.php" line="78" class="Tests\Unit\FashionFitAiContractTest" classname="Tests.Unit.FashionFitAiContractTest" assertions="2" time="0.273211"/>
      </testsuite>
      <testsuite name="Tests\Unit\FraudDetectionServiceTest" file="C:\Users\D'Andre Good\Documents\GitHub\AdminPanel_Auth_Recovery\tests\Unit\FraudDetectionServiceTest.php" tests="8" assertions="53" errors="0" failures="0" skipped="0" time="2.226958">
        <testcase name="test_analyze_transaction_uses_ai_when_available" file="C:\Users\D'Andre Good\Documents\GitHub\AdminPanel_Auth_Recovery\tests\Unit\FraudDetectionServiceTest.php" line="26" class="Tests\Unit\FraudDetectionServiceTest" classname="Tests.Unit.FraudDetectionServiceTest" assertions="7" time="0.258992"/>
        <testcase name="test_analyze_transaction_fallback_when_ai_fails" file="C:\Users\D'Andre Good\Documents\GitHub\AdminPanel_Auth_Recovery\tests\Unit\FraudDetectionServiceTest.php" line="59" class="Tests\Unit\FraudDetectionServiceTest" classname="Tests.Unit.FraudDetectionServiceTest" assertions="8" time="0.256213"/>
        <testcase name="test_analyze_transaction_fallback_below_threshold" file="C:\Users\D'Andre Good\Documents\GitHub\AdminPanel_Auth_Recovery\tests\Unit\FraudDetectionServiceTest.php" line="80" class="Tests\Unit\FraudDetectionServiceTest" classname="Tests.Unit.FraudDetectionServiceTest" assertions="6" time="0.303087"/>
        <testcase name="test_analyze_account_uses_ai_when_available" file="C:\Users\D'Andre Good\Documents\GitHub\AdminPanel_Auth_Recovery\tests\Unit\FraudDetectionServiceTest.php" line="99" class="Tests\Unit\FraudDetectionServiceTest" classname="Tests.Unit.FraudDetectionServiceTest" assertions="8" time="0.288084"/>
        <testcase name="test_analyze_account_fallback_when_ai_fails" file="C:\Users\D'Andre Good\Documents\GitHub\AdminPanel_Auth_Recovery\tests\Unit\FraudDetectionServiceTest.php" line="134" class="Tests\Unit\FraudDetectionServiceTest" classname="Tests.Unit.FraudDetectionServiceTest" assertions="8" time="0.234244"/>
        <testcase name="test_analyze_receipt_uses_ai_when_available" file="C:\Users\D'Andre Good\Documents\GitHub\AdminPanel_Auth_Recovery\tests\Unit\FraudDetectionServiceTest.php" line="155" class="Tests\Unit\FraudDetectionServiceTest" classname="Tests.Unit.FraudDetectionServiceTest" assertions="5" time="0.242916"/>
        <testcase name="test_analyze_receipt_fallback_when_ai_fails" file="C:\Users\D'Andre Good\Documents\GitHub\AdminPanel_Auth_Recovery\tests\Unit\FraudDetectionServiceTest.php" line="182" class="Tests\Unit\FraudDetectionServiceTest" classname="Tests.Unit.FraudDetectionServiceTest" assertions="6" time="0.371676"/>
        <testcase name="test_classify_risk_levels" file="C:\Users\D'Andre Good\Documents\GitHub\AdminPanel_Auth_Recovery\tests\Unit\FraudDetectionServiceTest.php" line="202" class="Tests\Unit\FraudDetectionServiceTest" classname="Tests.Unit.FraudDetectionServiceTest" assertions="5" time="0.271748"/>
      </testsuite>
      <testsuite name="Tests\Unit\MailRuntimeConfigurationTest" file="C:\Users\D'Andre Good\Documents\GitHub\AdminPanel_Auth_Recovery\tests\Unit\MailRuntimeConfigurationTest.php" tests="4" assertions="14" errors="0" failures="0" skipped="0" time="1.129405">
        <testcase name="test_it_encrypts_and_decrypts_smtp_passwords" file="C:\Users\D'Andre Good\Documents\GitHub\AdminPanel_Auth_Recovery\tests\Unit\MailRuntimeConfigurationTest.php" line="11" class="Tests\Unit\MailRuntimeConfigurationTest" classname="Tests.Unit.MailRuntimeConfigurationTest" assertions="3" time="0.259314"/>
        <testcase name="test_it_maps_saved_admin_values_into_runtime_configuration" file="C:\Users\D'Andre Good\Documents\GitHub\AdminPanel_Auth_Recovery\tests\Unit\MailRuntimeConfigurationTest.php" line="21" class="Tests\Unit\MailRuntimeConfigurationTest" classname="Tests.Unit.MailRuntimeConfigurationTest" assertions="6" time="0.305685"/>
        <testcase name="test_it_classifies_authentication_errors_without_returning_the_secret" file="C:\Users\D'Andre Good\Documents\GitHub\AdminPanel_Auth_Recovery\tests\Unit\MailRuntimeConfigurationTest.php" line="47" class="Tests\Unit\MailRuntimeConfigurationTest" classname="Tests.Unit.MailRuntimeConfigurationTest" assertions="2" time="0.316319"/>
        <testcase name="test_redacted_diagnostics_never_return_the_password" file="C:\Users\D'Andre Good\Documents\GitHub\AdminPanel_Auth_Recovery\tests\Unit\MailRuntimeConfigurationTest.php" line="56" class="Tests\Unit\MailRuntimeConfigurationTest" classname="Tests.Unit.MailRuntimeConfigurationTest" assertions="3" time="0.248087"/>
      </testsuite>
      <testsuite name="Tests\Unit\NotificationAIServiceTest" file="C:\Users\D'Andre Good\Documents\GitHub\AdminPanel_Auth_Recovery\tests\Unit\NotificationAIServiceTest.php" tests="6" assertions="23" errors="0" failures="0" skipped="0" time="1.586339">
        <testcase name="test_generate_smart_notification_uses_ai_when_available" file="C:\Users\D'Andre Good\Documents\GitHub\AdminPanel_Auth_Recovery\tests\Unit\NotificationAIServiceTest.php" line="26" class="Tests\Unit\NotificationAIServiceTest" classname="Tests.Unit.NotificationAIServiceTest" assertions="6" time="0.275889"/>
        <testcase name="test_generate_smart_notification_fallback_when_ai_fails" file="C:\Users\D'Andre Good\Documents\GitHub\AdminPanel_Auth_Recovery\tests\Unit\NotificationAIServiceTest.php" line="58" class="Tests\Unit\NotificationAIServiceTest" classname="Tests.Unit.NotificationAIServiceTest" assertions="3" time="0.257139"/>
        <testcase name="test_generate_digest_uses_ai_when_available" file="C:\Users\D'Andre Good\Documents\GitHub\AdminPanel_Auth_Recovery\tests\Unit\NotificationAIServiceTest.php" line="77" class="Tests\Unit\NotificationAIServiceTest" classname="Tests.Unit.NotificationAIServiceTest" assertions="4" time="0.291610"/>
        <testcase name="test_generate_digest_fallback_when_ai_fails" file="C:\Users\D'Andre Good\Documents\GitHub\AdminPanel_Auth_Recovery\tests\Unit\NotificationAIServiceTest.php" line="106" class="Tests\Unit\NotificationAIServiceTest" classname="Tests.Unit.NotificationAIServiceTest" assertions="3" time="0.269256"/>
        <testcase name="test_prioritize_notifications_uses_ai_when_available" file="C:\Users\D'Andre Good\Documents\GitHub\AdminPanel_Auth_Recovery\tests\Unit\NotificationAIServiceTest.php" line="122" class="Tests\Unit\NotificationAIServiceTest" classname="Tests.Unit.NotificationAIServiceTest" assertions="4" time="0.241515"/>
        <testcase name="test_prioritize_notifications_fallback_when_ai_fails" file="C:\Users\D'Andre Good\Documents\GitHub\AdminPanel_Auth_Recovery\tests\Unit\NotificationAIServiceTest.php" line="145" class="Tests\Unit\NotificationAIServiceTest" classname="Tests.Unit.NotificationAIServiceTest" assertions="3" time="0.250932"/>
      </testsuite>
      <testsuite name="Tests\Unit\ServiceBookingContractTest" file="C:\Users\D'Andre Good\Documents\GitHub\AdminPanel_Auth_Recovery\tests\Unit\ServiceBookingContractTest.php" tests="8" assertions="19" errors="0" failures="0" skipped="0" time="2.241515">
        <testcase name="test_stripe_gateway_uses_sandbox_key_and_validates_response" file="C:\Users\D'Andre Good\Documents\GitHub\AdminPanel_Auth_Recovery\tests\Unit\ServiceBookingContractTest.php" line="14" class="Tests\Unit\ServiceBookingContractTest" classname="Tests.Unit.ServiceBookingContractTest" assertions="2" time="0.297945"/>
        <testcase name="test_stripe_gateway_uses_live_key_when_sandbox_false" file="C:\Users\D'Andre Good\Documents\GitHub\AdminPanel_Auth_Recovery\tests\Unit\ServiceBookingContractTest.php" line="34" class="Tests\Unit\ServiceBookingContractTest" classname="Tests.Unit.ServiceBookingContractTest" assertions="2" time="0.231352"/>
        <testcase name="test_stripe_gateway_fails_closed_on_missing_key" file="C:\Users\D'Andre Good\Documents\GitHub\AdminPanel_Auth_Recovery\tests\Unit\ServiceBookingContractTest.php" line="54" class="Tests\Unit\ServiceBookingContractTest" classname="Tests.Unit.ServiceBookingContractTest" assertions="2" time="0.234563"/>
        <testcase name="test_stripe_gateway_fails_closed_on_rejection" file="C:\Users\D'Andre Good\Documents\GitHub\AdminPanel_Auth_Recovery\tests\Unit\ServiceBookingContractTest.php" line="72" class="Tests\Unit\ServiceBookingContractTest" classname="Tests.Unit.ServiceBookingContractTest" assertions="2" time="0.282070"/>
        <testcase name="test_sandbox_gateway_uses_server_configuration_and_validates_response" file="C:\Users\D'Andre Good\Documents\GitHub\AdminPanel_Auth_Recovery\tests\Unit\ServiceBookingContractTest.php" line="93" class="Tests\Unit\ServiceBookingContractTest" classname="Tests.Unit.ServiceBookingContractTest" assertions="2" time="0.360211"/>
        <testcase name="test_sandbox_gateway_fails_closed_on_provider_rejection" file="C:\Users\D'Andre Good\Documents\GitHub\AdminPanel_Auth_Recovery\tests\Unit\ServiceBookingContractTest.php" line="103" class="Tests\Unit\ServiceBookingContractTest" classname="Tests.Unit.ServiceBookingContractTest" assertions="1" time="0.284432"/>
        <testcase name="test_ownership_status_money_and_notifications_are_server_enforced" file="C:\Users\D'Andre Good\Documents\GitHub\AdminPanel_Auth_Recovery\tests\Unit\ServiceBookingContractTest.php" line="111" class="Tests\Unit\ServiceBookingContractTest" classname="Tests.Unit.ServiceBookingContractTest" assertions="7" time="0.291741"/>
        <testcase name="test_all_required_categories_are_configured" file="C:\Users\D'Andre Good\Documents\GitHub\AdminPanel_Auth_Recovery\tests\Unit\ServiceBookingContractTest.php" line="125" class="Tests\Unit\ServiceBookingContractTest" classname="Tests.Unit.ServiceBookingContractTest" assertions="1" time="0.259201"/>
      </testsuite>
      <testsuite name="Tests\Unit\SmtpSecuritySourceTest" file="C:\Users\D'Andre Good\Documents\GitHub\AdminPanel_Auth_Recovery\tests\Unit\SmtpSecuritySourceTest.php" tests="2" assertions="7" errors="0" failures="0" skipped="0" time="0.005368">
        <testcase name="test_test_email_is_authorized_post_and_rate_limited" file="C:\Users\D'Andre Good\Documents\GitHub\AdminPanel_Auth_Recovery\tests\Unit\SmtpSecuritySourceTest.php" line="9" class="Tests\Unit\SmtpSecuritySourceTest" classname="Tests.Unit.SmtpSecuritySourceTest" assertions="3" time="0.000591"/>
        <testcase name="test_password_is_not_rendered_or_logged_in_plaintext" file="C:\Users\D'Andre Good\Documents\GitHub\AdminPanel_Auth_Recovery\tests\Unit\SmtpSecuritySourceTest.php" line="18" class="Tests\Unit\SmtpSecuritySourceTest" classname="Tests.Unit.SmtpSecuritySourceTest" assertions="4" time="0.004777"/>
      </testsuite>
      <testsuite name="Tests\Unit\UrbanGoodzDriverPricingServiceTest" file="C:\Users\D'Andre Good\Documents\GitHub\AdminPanel_Auth_Recovery\tests\Unit\UrbanGoodzDriverPricingServiceTest.php" tests="5" assertions="13" errors="0" failures="0" skipped="0" time="1.753149">
        <testcase name="test_calculate_payout_uses_fallback_when_policy_not_found" file="C:\Users\D'Andre Good\Documents\GitHub\AdminPanel_Auth_Recovery\tests\Unit\UrbanGoodzDriverPricingServiceTest.php" line="49" class="Tests\Unit\UrbanGoodzDriverPricingServiceTest" classname="Tests.Unit.UrbanGoodzDriverPricingServiceTest" assertions="3" time="0.374831"/>
        <testcase name="test_calculate_payout_applies_operational_rates_and_limits" file="C:\Users\D'Andre Good\Documents\GitHub\AdminPanel_Auth_Recovery\tests\Unit\UrbanGoodzDriverPricingServiceTest.php" line="67" class="Tests\Unit\UrbanGoodzDriverPricingServiceTest" classname="Tests.Unit.UrbanGoodzDriverPricingServiceTest" assertions="3" time="0.373885"/>
        <testcase name="test_calculate_payout_supports_numeric_string_inputs" file="C:\Users\D'Andre Good\Documents\GitHub\AdminPanel_Auth_Recovery\tests\Unit\UrbanGoodzDriverPricingServiceTest.php" line="108" class="Tests\Unit\UrbanGoodzDriverPricingServiceTest" classname="Tests.Unit.UrbanGoodzDriverPricingServiceTest" assertions="1" time="0.363769"/>
        <testcase name="test_calculate_payout_uses_dynamic_pricing_service_for_dynamic_mode" file="C:\Users\D'Andre Good\Documents\GitHub\AdminPanel_Auth_Recovery\tests\Unit\UrbanGoodzDriverPricingServiceTest.php" line="129" class="Tests\Unit\UrbanGoodzDriverPricingServiceTest" classname="Tests.Unit.UrbanGoodzDriverPricingServiceTest" assertions="4" time="0.321094"/>
        <testcase name="test_calculate_payout_enforces_minimum_margin" file="C:\Users\D'Andre Good\Documents\GitHub\AdminPanel_Auth_Recovery\tests\Unit\UrbanGoodzDriverPricingServiceTest.php" line="161" class="Tests\Unit\UrbanGoodzDriverPricingServiceTest" classname="Tests.Unit.UrbanGoodzDriverPricingServiceTest" assertions="2" time="0.319571"/>
      </testsuite>
      <testsuite name="Tests\Unit\VendorApiSecuritySourceTest" file="C:\Users\D'Andre Good\Documents\GitHub\AdminPanel_Auth_Recovery\tests\Unit\VendorApiSecuritySourceTest.php" tests="4" assertions="9" errors="0" failures="0" skipped="0" time="0.009366">
        <testcase name="test_vendor_routes_require_vendor_middleware_and_expose_logout" file="C:\Users\D'Andre Good\Documents\GitHub\AdminPanel_Auth_Recovery\tests\Unit\VendorApiSecuritySourceTest.php" line="9" class="Tests\Unit\VendorApiSecuritySourceTest" classname="Tests.Unit.VendorApiSecuritySourceTest" assertions="2" time="0.000653"/>
        <testcase name="test_order_status_updates_enforce_ownership_and_transition_rules" file="C:\Users\D'Andre Good\Documents\GitHub\AdminPanel_Auth_Recovery\tests\Unit\VendorApiSecuritySourceTest.php" line="17" class="Tests\Unit\VendorApiSecuritySourceTest" classname="Tests.Unit.VendorApiSecuritySourceTest" assertions="3" time="0.003678"/>
        <testcase name="test_inventory_updates_are_scoped_to_the_authenticated_store" file="C:\Users\D'Andre Good\Documents\GitHub\AdminPanel_Auth_Recovery\tests\Unit\VendorApiSecuritySourceTest.php" line="26" class="Tests\Unit\VendorApiSecuritySourceTest" classname="Tests.Unit.VendorApiSecuritySourceTest" assertions="1" time="0.001948"/>
        <testcase name="test_fashion_fit_queries_fail_closed_and_redact_unapproved_photos" file="C:\Users\D'Andre Good\Documents\GitHub\AdminPanel_Auth_Recovery\tests\Unit\VendorApiSecuritySourceTest.php" line="33" class="Tests\Unit\VendorApiSecuritySourceTest" classname="Tests.Unit.VendorApiSecuritySourceTest" assertions="3" time="0.003087"/>
      </testsuite>
    </testsuite>
    <testsuite name="Feature" tests="332" assertions="851" errors="112" failures="6" skipped="0" time="148.927294">
      <testsuite name="Tests\Feature\AdminLoginRecoveryRegressionTest" file="C:\Users\D'Andre Good\Documents\GitHub\AdminPanel_Auth_Recovery\tests\Feature\AdminLoginRecoveryRegressionTest.php" tests="33" assertions="134" errors="0" failures="0" skipped="0" time="24.781772">
        <testcase name="test_omitted_custom_captcha_is_rejected" file="C:\Users\D'Andre Good\Documents\GitHub\AdminPanel_Auth_Recovery\tests\Feature\AdminLoginRecoveryRegressionTest.php" line="138" class="Tests\Feature\AdminLoginRecoveryRegressionTest" classname="Tests.Feature.AdminLoginRecoveryRegressionTest" assertions="4" time="0.398024"/>
        <testcase name="test_missing_custom_captcha_session_phrase_is_rejected" file="C:\Users\D'Andre Good\Documents\GitHub\AdminPanel_Auth_Recovery\tests\Feature\AdminLoginRecoveryRegressionTest.php" line="159" class="Tests\Feature\AdminLoginRecoveryRegressionTest" classname="Tests.Feature.AdminLoginRecoveryRegressionTest" assertions="4" time="0.261178"/>
        <testcase name="test_missing_google_recaptcha_token_is_rejected" file="C:\Users\D'Andre Good\Documents\GitHub\AdminPanel_Auth_Recovery\tests\Feature\AdminLoginRecoveryRegressionTest.php" line="181" class="Tests\Feature\AdminLoginRecoveryRegressionTest" classname="Tests.Feature.AdminLoginRecoveryRegressionTest" assertions="5" time="0.256750"/>
        <testcase name="test_failed_google_recaptcha_verification_is_rejected" file="C:\Users\D'Andre Good\Documents\GitHub\AdminPanel_Auth_Recovery\tests\Feature\AdminLoginRecoveryRegressionTest.php" line="204" class="Tests\Feature\AdminLoginRecoveryRegressionTest" classname="Tests.Feature.AdminLoginRecoveryRegressionTest" assertions="4" time="0.402954"/>
        <testcase name="test_google_recaptcha_verification_timeout_is_rejected" file="C:\Users\D'Andre Good\Documents\GitHub\AdminPanel_Auth_Recovery\tests\Feature\AdminLoginRecoveryRegressionTest.php" line="229" class="Tests\Feature\AdminLoginRecoveryRegressionTest" classname="Tests.Feature.AdminLoginRecoveryRegressionTest" assertions="4" time="0.541348"/>
        <testcase name="test_google_recaptcha_missing_secret_is_rejected" file="C:\Users\D'Andre Good\Documents\GitHub\AdminPanel_Auth_Recovery\tests\Feature\AdminLoginRecoveryRegressionTest.php" line="254" class="Tests\Feature\AdminLoginRecoveryRegressionTest" classname="Tests.Feature.AdminLoginRecoveryRegressionTest" assertions="5" time="0.662724"/>
        <testcase name="test_google_recaptcha_non_success_http_status_is_rejected" file="C:\Users\D'Andre Good\Documents\GitHub\AdminPanel_Auth_Recovery\tests\Feature\AdminLoginRecoveryRegressionTest.php" line="269" class="Tests\Feature\AdminLoginRecoveryRegressionTest" classname="Tests.Feature.AdminLoginRecoveryRegressionTest" assertions="4" time="0.916921"/>
        <testcase name="test_google_recaptcha_generic_exception_is_rejected" file="C:\Users\D'Andre Good\Documents\GitHub\AdminPanel_Auth_Recovery\tests\Feature\AdminLoginRecoveryRegressionTest.php" line="285" class="Tests\Feature\AdminLoginRecoveryRegressionTest" classname="Tests.Feature.AdminLoginRecoveryRegressionTest" assertions="4" time="1.219683"/>
        <testcase name="test_google_recaptcha_missing_score_is_rejected" file="C:\Users\D'Andre Good\Documents\GitHub\AdminPanel_Auth_Recovery\tests\Feature\AdminLoginRecoveryRegressionTest.php" line="301" class="Tests\Feature\AdminLoginRecoveryRegressionTest" classname="Tests.Feature.AdminLoginRecoveryRegressionTest" assertions="4" time="1.064412"/>
        <testcase name="test_google_recaptcha_non_numeric_score_is_rejected" file="C:\Users\D'Andre Good\Documents\GitHub\AdminPanel_Auth_Recovery\tests\Feature\AdminLoginRecoveryRegressionTest.php" line="317" class="Tests\Feature\AdminLoginRecoveryRegressionTest" classname="Tests.Feature.AdminLoginRecoveryRegressionTest" assertions="4" time="0.990664"/>
        <testcase name="test_google_recaptcha_low_score_is_rejected" file="C:\Users\D'Andre Good\Documents\GitHub\AdminPanel_Auth_Recovery\tests\Feature\AdminLoginRecoveryRegressionTest.php" line="333" class="Tests\Feature\AdminLoginRecoveryRegressionTest" classname="Tests.Feature.AdminLoginRecoveryRegressionTest" assertions="4" time="0.903289"/>
        <testcase name="test_google_recaptcha_missing_action_is_rejected" file="C:\Users\D'Andre Good\Documents\GitHub\AdminPanel_Auth_Recovery\tests\Feature\AdminLoginRecoveryRegressionTest.php" line="349" class="Tests\Feature\AdminLoginRecoveryRegressionTest" classname="Tests.Feature.AdminLoginRecoveryRegressionTest" assertions="4" time="0.659190"/>
        <testcase name="test_google_recaptcha_wrong_action_is_rejected" file="C:\Users\D'Andre Good\Documents\GitHub\AdminPanel_Auth_Recovery\tests\Feature\AdminLoginRecoveryRegressionTest.php" line="365" class="Tests\Feature\AdminLoginRecoveryRegressionTest" classname="Tests.Feature.AdminLoginRecoveryRegressionTest" assertions="4" time="0.620490"/>
        <testcase name="test_google_recaptcha_valid_response_at_score_threshold_succeeds" file="C:\Users\D'Andre Good\Documents\GitHub\AdminPanel_Auth_Recovery\tests\Feature\AdminLoginRecoveryRegressionTest.php" line="381" class="Tests\Feature\AdminLoginRecoveryRegressionTest" classname="Tests.Feature.AdminLoginRecoveryRegressionTest" assertions="5" time="0.635998"/>
        <testcase name="test_invalid_credentials_are_rejected" file="C:\Users\D'Andre Good\Documents\GitHub\AdminPanel_Auth_Recovery\tests\Feature\AdminLoginRecoveryRegressionTest.php" line="396" class="Tests\Feature\AdminLoginRecoveryRegressionTest" classname="Tests.Feature.AdminLoginRecoveryRegressionTest" assertions="4" time="1.014699"/>
        <testcase name="test_unknown_email_and_wrong_password_produce_identical_responses" file="C:\Users\D'Andre Good\Documents\GitHub\AdminPanel_Auth_Recovery\tests\Feature\AdminLoginRecoveryRegressionTest.php" line="458" class="Tests\Feature\AdminLoginRecoveryRegressionTest" classname="Tests.Feature.AdminLoginRecoveryRegressionTest" assertions="8" time="1.392846"/>
        <testcase name="test_successful_admin_login_reaches_the_dashboard_redirect" file="C:\Users\D'Andre Good\Documents\GitHub\AdminPanel_Auth_Recovery\tests\Feature\AdminLoginRecoveryRegressionTest.php" line="482" class="Tests\Feature\AdminLoginRecoveryRegressionTest" classname="Tests.Feature.AdminLoginRecoveryRegressionTest" assertions="5" time="1.110148"/>
        <testcase name="test_logout_invalidates_the_admin_session" file="C:\Users\D'Andre Good\Documents\GitHub\AdminPanel_Auth_Recovery\tests\Feature\AdminLoginRecoveryRegressionTest.php" line="502" class="Tests\Feature\AdminLoginRecoveryRegressionTest" classname="Tests.Feature.AdminLoginRecoveryRegressionTest" assertions="3" time="1.145540"/>
        <testcase name="test_repeated_failed_attempts_are_rate_limited" file="C:\Users\D'Andre Good\Documents\GitHub\AdminPanel_Auth_Recovery\tests\Feature\AdminLoginRecoveryRegressionTest.php" line="516" class="Tests\Feature\AdminLoginRecoveryRegressionTest" classname="Tests.Feature.AdminLoginRecoveryRegressionTest" assertions="8" time="1.152196"/>
        <testcase name="test_module_permission_check_grants_urban_goodz_view_to_the_primary_admin" file="C:\Users\D'Andre Good\Documents\GitHub\AdminPanel_Auth_Recovery\tests\Feature\AdminLoginRecoveryRegressionTest.php" line="550" class="Tests\Feature\AdminLoginRecoveryRegressionTest" classname="Tests.Feature.AdminLoginRecoveryRegressionTest" assertions="1" time="1.067338"/>
        <testcase name="test_module_permission_check_grants_urban_goodz_view_when_role_includes_it" file="C:\Users\D'Andre Good\Documents\GitHub\AdminPanel_Auth_Recovery\tests\Feature\AdminLoginRecoveryRegressionTest.php" line="559" class="Tests\Feature\AdminLoginRecoveryRegressionTest" classname="Tests.Feature.AdminLoginRecoveryRegressionTest" assertions="1" time="0.817698"/>
        <testcase name="test_module_permission_check_denies_urban_goodz_view_when_role_excludes_it" file="C:\Users\D'Andre Good\Documents\GitHub\AdminPanel_Auth_Recovery\tests\Feature\AdminLoginRecoveryRegressionTest.php" line="577" class="Tests\Feature\AdminLoginRecoveryRegressionTest" classname="Tests.Feature.AdminLoginRecoveryRegressionTest" assertions="1" time="0.749129"/>
        <testcase name="test_urban_goodz_dashboard_data_is_empty_for_a_guest" file="C:\Users\D'Andre Good\Documents\GitHub\AdminPanel_Auth_Recovery\tests\Feature\AdminLoginRecoveryRegressionTest.php" line="595" class="Tests\Feature\AdminLoginRecoveryRegressionTest" classname="Tests.Feature.AdminLoginRecoveryRegressionTest" assertions="1" time="0.909215"/>
        <testcase name="test_urban_goodz_dashboard_data_is_empty_for_an_admin_without_the_permission" file="C:\Users\D'Andre Good\Documents\GitHub\AdminPanel_Auth_Recovery\tests\Feature\AdminLoginRecoveryRegressionTest.php" line="604" class="Tests\Feature\AdminLoginRecoveryRegressionTest" classname="Tests.Feature.AdminLoginRecoveryRegressionTest" assertions="1" time="0.824942"/>
        <testcase name="test_urban_goodz_dashboard_data_is_populated_for_the_primary_admin" file="C:\Users\D'Andre Good\Documents\GitHub\AdminPanel_Auth_Recovery\tests\Feature\AdminLoginRecoveryRegressionTest.php" line="624" class="Tests\Feature\AdminLoginRecoveryRegressionTest" classname="Tests.Feature.AdminLoginRecoveryRegressionTest" assertions="5" time="0.766157"/>
        <testcase name="test_urban_goodz_dashboard_data_is_populated_for_a_role_with_the_permission" file="C:\Users\D'Andre Good\Documents\GitHub\AdminPanel_Auth_Recovery\tests\Feature\AdminLoginRecoveryRegressionTest.php" line="639" class="Tests\Feature\AdminLoginRecoveryRegressionTest" classname="Tests.Feature.AdminLoginRecoveryRegressionTest" assertions="2" time="0.620353"/>
        <testcase name="test_dashboard_controller_gates_urban_goodz_data_behind_module_permission_check" file="C:\Users\D'Andre Good\Documents\GitHub\AdminPanel_Auth_Recovery\tests\Feature\AdminLoginRecoveryRegressionTest.php" line="660" class="Tests\Feature\AdminLoginRecoveryRegressionTest" classname="Tests.Feature.AdminLoginRecoveryRegressionTest" assertions="2" time="0.559207"/>
        <testcase name="test_settings_dashboard_is_restricted_to_the_primary_admin_role" file="C:\Users\D'Andre Good\Documents\GitHub\AdminPanel_Auth_Recovery\tests\Feature\AdminLoginRecoveryRegressionTest.php" line="671" class="Tests\Feature\AdminLoginRecoveryRegressionTest" classname="Tests.Feature.AdminLoginRecoveryRegressionTest" assertions="2" time="0.510195"/>
        <testcase name="test_valid_admin_credentials_with_invalid_custom_captcha_are_rejected_cleanly" file="C:\Users\D'Andre Good\Documents\GitHub\AdminPanel_Auth_Recovery\tests\Feature\AdminLoginRecoveryRegressionTest.php" line="685" class="Tests\Feature\AdminLoginRecoveryRegressionTest" classname="Tests.Feature.AdminLoginRecoveryRegressionTest" assertions="6" time="0.534491"/>
        <testcase name="test_admin_hostname_root_redirects_to_the_registered_admin_login_route" file="C:\Users\D'Andre Good\Documents\GitHub\AdminPanel_Auth_Recovery\tests\Feature\AdminLoginRecoveryRegressionTest.php" line="742" class="Tests\Feature\AdminLoginRecoveryRegressionTest" classname="Tests.Feature.AdminLoginRecoveryRegressionTest" assertions="4" time="0.609498"/>
        <testcase name="test_dashboard_links_use_registered_route_names" file="C:\Users\D'Andre Good\Documents\GitHub\AdminPanel_Auth_Recovery\tests\Feature\AdminLoginRecoveryRegressionTest.php" line="751" class="Tests\Feature\AdminLoginRecoveryRegressionTest" classname="Tests.Feature.AdminLoginRecoveryRegressionTest" assertions="8" time="0.536820"/>
        <testcase name="test_admin_login_uses_the_approved_command_center_assets" file="C:\Users\D'Andre Good\Documents\GitHub\AdminPanel_Auth_Recovery\tests\Feature\AdminLoginRecoveryRegressionTest.php" line="765" class="Tests\Feature\AdminLoginRecoveryRegressionTest" classname="Tests.Feature.AdminLoginRecoveryRegressionTest" assertions="8" time="0.454216"/>
        <testcase name="test_business_login_uses_the_approved_operations_hub_assets" file="C:\Users\D'Andre Good\Documents\GitHub\AdminPanel_Auth_Recovery\tests\Feature\AdminLoginRecoveryRegressionTest.php" line="779" class="Tests\Feature\AdminLoginRecoveryRegressionTest" classname="Tests.Feature.AdminLoginRecoveryRegressionTest" assertions="5" time="0.473461"/>
      </testsuite>
      <testsuite name="Tests\Feature\ConfigControllerMapApiTest" file="C:\Users\D'Andre Good\Documents\GitHub\AdminPanel_Auth_Recovery\tests\Feature\ConfigControllerMapApiTest.php" tests="36" assertions="62" errors="0" failures="0" skipped="0" time="17.276715">
        <testcase name="test_place_autocomplete_validation_fails_without_search_text" file="C:\Users\D'Andre Good\Documents\GitHub\AdminPanel_Auth_Recovery\tests\Feature\ConfigControllerMapApiTest.php" line="25" class="Tests\Feature\ConfigControllerMapApiTest" classname="Tests.Feature.ConfigControllerMapApiTest" assertions="2" time="1.306297"/>
        <testcase name="test_distance_api_validation_fails_without_required_fields" file="C:\Users\D'Andre Good\Documents\GitHub\AdminPanel_Auth_Recovery\tests\Feature\ConfigControllerMapApiTest.php" line="33" class="Tests\Feature\ConfigControllerMapApiTest" classname="Tests.Feature.ConfigControllerMapApiTest" assertions="2" time="0.821521"/>
        <testcase name="test_distance_api_validation_fails_with_partial_fields" file="C:\Users\D'Andre Good\Documents\GitHub\AdminPanel_Auth_Recovery\tests\Feature\ConfigControllerMapApiTest.php" line="41" class="Tests\Feature\ConfigControllerMapApiTest" classname="Tests.Feature.ConfigControllerMapApiTest" assertions="2" time="0.724222"/>
        <testcase name="test_distance_api_validation_fails_with_invalid_mode" file="C:\Users\D'Andre Good\Documents\GitHub\AdminPanel_Auth_Recovery\tests\Feature\ConfigControllerMapApiTest.php" line="49" class="Tests\Feature\ConfigControllerMapApiTest" classname="Tests.Feature.ConfigControllerMapApiTest" assertions="1" time="0.705515"/>
        <testcase name="test_place_details_validation_fails_without_placeid" file="C:\Users\D'Andre Good\Documents\GitHub\AdminPanel_Auth_Recovery\tests\Feature\ConfigControllerMapApiTest.php" line="62" class="Tests\Feature\ConfigControllerMapApiTest" classname="Tests.Feature.ConfigControllerMapApiTest" assertions="2" time="0.548323"/>
        <testcase name="test_geocode_api_validation_fails_without_coordinates" file="C:\Users\D'Andre Good\Documents\GitHub\AdminPanel_Auth_Recovery\tests\Feature\ConfigControllerMapApiTest.php" line="70" class="Tests\Feature\ConfigControllerMapApiTest" classname="Tests.Feature.ConfigControllerMapApiTest" assertions="2" time="0.395870"/>
        <testcase name="test_geocode_api_validation_fails_with_partial_coordinates" file="C:\Users\D'Andre Good\Documents\GitHub\AdminPanel_Auth_Recovery\tests\Feature\ConfigControllerMapApiTest.php" line="78" class="Tests\Feature\ConfigControllerMapApiTest" classname="Tests.Feature.ConfigControllerMapApiTest" assertions="2" time="0.422451"/>
        <testcase name="test_direction_api_validation_fails_without_required_fields" file="C:\Users\D'Andre Good\Documents\GitHub\AdminPanel_Auth_Recovery\tests\Feature\ConfigControllerMapApiTest.php" line="86" class="Tests\Feature\ConfigControllerMapApiTest" classname="Tests.Feature.ConfigControllerMapApiTest" assertions="2" time="0.567878"/>
        <testcase name="test_place_autocomplete_returns_cached_data_on_cache_hit" file="C:\Users\D'Andre Good\Documents\GitHub\AdminPanel_Auth_Recovery\tests\Feature\ConfigControllerMapApiTest.php" line="96" class="Tests\Feature\ConfigControllerMapApiTest" classname="Tests.Feature.ConfigControllerMapApiTest" assertions="2" time="0.347470"/>
        <testcase name="test_distance_api_returns_cached_data_on_cache_hit" file="C:\Users\D'Andre Good\Documents\GitHub\AdminPanel_Auth_Recovery\tests\Feature\ConfigControllerMapApiTest.php" line="111" class="Tests\Feature\ConfigControllerMapApiTest" classname="Tests.Feature.ConfigControllerMapApiTest" assertions="2" time="0.406508"/>
        <testcase name="test_place_details_returns_cached_data_on_cache_hit" file="C:\Users\D'Andre Good\Documents\GitHub\AdminPanel_Auth_Recovery\tests\Feature\ConfigControllerMapApiTest.php" line="135" class="Tests\Feature\ConfigControllerMapApiTest" classname="Tests.Feature.ConfigControllerMapApiTest" assertions="2" time="0.273088"/>
        <testcase name="test_geocode_api_returns_cached_data_on_cache_hit" file="C:\Users\D'Andre Good\Documents\GitHub\AdminPanel_Auth_Recovery\tests\Feature\ConfigControllerMapApiTest.php" line="154" class="Tests\Feature\ConfigControllerMapApiTest" classname="Tests.Feature.ConfigControllerMapApiTest" assertions="2" time="0.304329"/>
        <testcase name="test_direction_api_returns_cached_data_on_cache_hit" file="C:\Users\D'Andre Good\Documents\GitHub\AdminPanel_Auth_Recovery\tests\Feature\ConfigControllerMapApiTest.php" line="172" class="Tests\Feature\ConfigControllerMapApiTest" classname="Tests.Feature.ConfigControllerMapApiTest" assertions="2" time="0.401085"/>
        <testcase name="test_distance_api_nearby_coordinates_use_same_cache_key" file="C:\Users\D'Andre Good\Documents\GitHub\AdminPanel_Auth_Recovery\tests\Feature\ConfigControllerMapApiTest.php" line="200" class="Tests\Feature\ConfigControllerMapApiTest" classname="Tests.Feature.ConfigControllerMapApiTest" assertions="1" time="0.264736"/>
        <testcase name="test_geocode_api_nearby_coordinates_use_same_cache_key" file="C:\Users\D'Andre Good\Documents\GitHub\AdminPanel_Auth_Recovery\tests\Feature\ConfigControllerMapApiTest.php" line="213" class="Tests\Feature\ConfigControllerMapApiTest" classname="Tests.Feature.ConfigControllerMapApiTest" assertions="1" time="0.312396"/>
        <testcase name="test_distance_api_different_modes_produce_different_cache_keys" file="C:\Users\D'Andre Good\Documents\GitHub\AdminPanel_Auth_Recovery\tests\Feature\ConfigControllerMapApiTest.php" line="226" class="Tests\Feature\ConfigControllerMapApiTest" classname="Tests.Feature.ConfigControllerMapApiTest" assertions="1" time="0.313924"/>
        <testcase name="test_place_autocomplete_different_locales_produce_different_cache_keys" file="C:\Users\D'Andre Good\Documents\GitHub\AdminPanel_Auth_Recovery\tests\Feature\ConfigControllerMapApiTest.php" line="236" class="Tests\Feature\ConfigControllerMapApiTest" classname="Tests.Feature.ConfigControllerMapApiTest" assertions="1" time="0.292070"/>
        <testcase name="test_geocode_api_does_not_cache_non_ok_status" file="C:\Users\D'Andre Good\Documents\GitHub\AdminPanel_Auth_Recovery\tests\Feature\ConfigControllerMapApiTest.php" line="248" class="Tests\Feature\ConfigControllerMapApiTest" classname="Tests.Feature.ConfigControllerMapApiTest" assertions="2" time="0.310311"/>
        <testcase name="test_geocode_api_does_not_cache_request_denied" file="C:\Users\D'Andre Good\Documents\GitHub\AdminPanel_Auth_Recovery\tests\Feature\ConfigControllerMapApiTest.php" line="267" class="Tests\Feature\ConfigControllerMapApiTest" classname="Tests.Feature.ConfigControllerMapApiTest" assertions="1" time="0.627466"/>
        <testcase name="test_geocode_api_caches_successful_ok_response" file="C:\Users\D'Andre Good\Documents\GitHub\AdminPanel_Auth_Recovery\tests\Feature\ConfigControllerMapApiTest.php" line="286" class="Tests\Feature\ConfigControllerMapApiTest" classname="Tests.Feature.ConfigControllerMapApiTest" assertions="2" time="0.693660"/>
        <testcase name="test_geocode_api_does_not_cache_http_failure" file="C:\Users\D'Andre Good\Documents\GitHub\AdminPanel_Auth_Recovery\tests\Feature\ConfigControllerMapApiTest.php" line="308" class="Tests\Feature\ConfigControllerMapApiTest" classname="Tests.Feature.ConfigControllerMapApiTest" assertions="1" time="0.529212"/>
        <testcase name="test_geocode_api_makes_api_call_on_cache_miss" file="C:\Users\D'Andre Good\Documents\GitHub\AdminPanel_Auth_Recovery\tests\Feature\ConfigControllerMapApiTest.php" line="325" class="Tests\Feature\ConfigControllerMapApiTest" classname="Tests.Feature.ConfigControllerMapApiTest" assertions="3" time="0.515978"/>
        <testcase name="test_geocode_api_does_not_call_api_on_cache_hit" file="C:\Users\D'Andre Good\Documents\GitHub\AdminPanel_Auth_Recovery\tests\Feature\ConfigControllerMapApiTest.php" line="347" class="Tests\Feature\ConfigControllerMapApiTest" classname="Tests.Feature.ConfigControllerMapApiTest" assertions="3" time="0.556369"/>
        <testcase name="test_distance_api_handles_null_decoded_response_safely" file="C:\Users\D'Andre Good\Documents\GitHub\AdminPanel_Auth_Recovery\tests\Feature\ConfigControllerMapApiTest.php" line="369" class="Tests\Feature\ConfigControllerMapApiTest" classname="Tests.Feature.ConfigControllerMapApiTest" assertions="3" time="0.577979"/>
        <testcase name="test_distance_api_handles_error_json_response_safely" file="C:\Users\D'Andre Good\Documents\GitHub\AdminPanel_Auth_Recovery\tests\Feature\ConfigControllerMapApiTest.php" line="399" class="Tests\Feature\ConfigControllerMapApiTest" classname="Tests.Feature.ConfigControllerMapApiTest" assertions="2" time="0.572688"/>
        <testcase name="test_distance_api_handles_valid_array_response" file="C:\Users\D'Andre Good\Documents\GitHub\AdminPanel_Auth_Recovery\tests\Feature\ConfigControllerMapApiTest.php" line="413" class="Tests\Feature\ConfigControllerMapApiTest" classname="Tests.Feature.ConfigControllerMapApiTest" assertions="3" time="0.475161"/>
        <testcase name="test_direction_api_returns_cached_data_and_ignores_mode_case" file="C:\Users\D'Andre Good\Documents\GitHub\AdminPanel_Auth_Recovery\tests\Feature\ConfigControllerMapApiTest.php" line="429" class="Tests\Feature\ConfigControllerMapApiTest" classname="Tests.Feature.ConfigControllerMapApiTest" assertions="2" time="0.409836"/>
        <testcase name="test_direction_api_default_mode_is_drive" file="C:\Users\D'Andre Good\Documents\GitHub\AdminPanel_Auth_Recovery\tests\Feature\ConfigControllerMapApiTest.php" line="455" class="Tests\Feature\ConfigControllerMapApiTest" classname="Tests.Feature.ConfigControllerMapApiTest" assertions="2" time="0.471555"/>
        <testcase name="test_distance_api_default_mode_is_walk" file="C:\Users\D'Andre Good\Documents\GitHub\AdminPanel_Auth_Recovery\tests\Feature\ConfigControllerMapApiTest.php" line="481" class="Tests\Feature\ConfigControllerMapApiTest" classname="Tests.Feature.ConfigControllerMapApiTest" assertions="2" time="0.426488"/>
        <testcase name="test_expired_cache_is_not_returned" file="C:\Users\D'Andre Good\Documents\GitHub\AdminPanel_Auth_Recovery\tests\Feature\ConfigControllerMapApiTest.php" line="506" class="Tests\Feature\ConfigControllerMapApiTest" classname="Tests.Feature.ConfigControllerMapApiTest" assertions="1" time="0.483927"/>
        <testcase name="test_guard_blocks_caching_when_curl_returns_false" file="C:\Users\D'Andre Good\Documents\GitHub\AdminPanel_Auth_Recovery\tests\Feature\ConfigControllerMapApiTest.php" line="520" class="Tests\Feature\ConfigControllerMapApiTest" classname="Tests.Feature.ConfigControllerMapApiTest" assertions="1" time="0.419779"/>
        <testcase name="test_guard_blocks_caching_when_result_is_null" file="C:\Users\D'Andre Good\Documents\GitHub\AdminPanel_Auth_Recovery\tests\Feature\ConfigControllerMapApiTest.php" line="529" class="Tests\Feature\ConfigControllerMapApiTest" classname="Tests.Feature.ConfigControllerMapApiTest" assertions="1" time="0.365830"/>
        <testcase name="test_guard_blocks_caching_when_result_has_error_key" file="C:\Users\D'Andre Good\Documents\GitHub\AdminPanel_Auth_Recovery\tests\Feature\ConfigControllerMapApiTest.php" line="538" class="Tests\Feature\ConfigControllerMapApiTest" classname="Tests.Feature.ConfigControllerMapApiTest" assertions="1" time="0.278666"/>
        <testcase name="test_guard_allows_caching_for_valid_response" file="C:\Users\D'Andre Good\Documents\GitHub\AdminPanel_Auth_Recovery\tests\Feature\ConfigControllerMapApiTest.php" line="547" class="Tests\Feature\ConfigControllerMapApiTest" classname="Tests.Feature.ConfigControllerMapApiTest" assertions="1" time="0.381912"/>
        <testcase name="test_geocode_guard_blocks_over_quota_status" file="C:\Users\D'Andre Good\Documents\GitHub\AdminPanel_Auth_Recovery\tests\Feature\ConfigControllerMapApiTest.php" line="556" class="Tests\Feature\ConfigControllerMapApiTest" classname="Tests.Feature.ConfigControllerMapApiTest" assertions="1" time="0.339527"/>
        <testcase name="test_geocode_guard_blocks_unknown_error_status" file="C:\Users\D'Andre Good\Documents\GitHub\AdminPanel_Auth_Recovery\tests\Feature\ConfigControllerMapApiTest.php" line="564" class="Tests\Feature\ConfigControllerMapApiTest" classname="Tests.Feature.ConfigControllerMapApiTest" assertions="1" time="0.432686"/>
      </testsuite>
      <testsuite name="Tests\Feature\ExampleTest" file="C:\Users\D'Andre Good\Documents\GitHub\AdminPanel_Auth_Recovery\tests\Feature\ExampleTest.php" tests="1" assertions="2" errors="0" failures="1" skipped="0" time="0.504809">
        <testcase name="test_example" file="C:\Users\D'Andre Good\Documents\GitHub\AdminPanel_Auth_Recovery\tests\Feature\ExampleTest.php" line="15" class="Tests\Feature\ExampleTest" classname="Tests.Feature.ExampleTest" assertions="2" time="0.504809">
          <failure type="PHPUnit\Framework\ExpectationFailedException">Tests\Feature\ExampleTest::test_example&#13;
Failed asserting that two strings are equal.
--- Expected
+++ Actual
@@ @@
-'https://urbangoodzdelivery.com'
+'http://localhost/login/admin'
&#13;
C:\Users\D'Andre Good\Documents\GitHub\AdminPanel_Auth_Recovery\vendor\laravel\framework\src\Illuminate\Testing\TestResponseAssert.php:45
C:\Users\D'Andre Good\Documents\GitHub\AdminPanel_Auth_Recovery\vendor\laravel\framework\src\Illuminate\Testing\TestResponse.php:431
C:\Users\D'Andre Good\Documents\GitHub\AdminPanel_Auth_Recovery\vendor\laravel\framework\src\Illuminate\Testing\TestResponse.php:205
C:\Users\D'Andre Good\Documents\GitHub\AdminPanel_Auth_Recovery\tests\Feature\ExampleTest.php:19</failure>
        </testcase>
      </testsuite>
      <testsuite name="Tests\Feature\ServiceBookingMigrationSafetyTest" file="C:\Users\D'Andre Good\Documents\GitHub\AdminPanel_Auth_Recovery\tests\Feature\ServiceBookingMigrationSafetyTest.php" tests="12" assertions="51" errors="0" failures="0" skipped="0" time="4.447292">
[...]
C:\Users\D'Andre Good\Documents\GitHub\AdminPanel_Auth_Recovery\vendor\laravel\framework\src\Illuminate\Database\Query\Builder.php:3389
C:\Users\D'Andre Good\Documents\GitHub\AdminPanel_Auth_Recovery\vendor\laravel\framework\src\Illuminate\Database\Query\Builder.php:3374
C:\Users\D'Andre Good\Documents\GitHub\AdminPanel_Auth_Recovery\vendor\laravel\framework\src\Illuminate\Database\Query\Builder.php:3964
C:\Users\D'Andre Good\Documents\GitHub\AdminPanel_Auth_Recovery\vendor\laravel\framework\src\Illuminate\Database\Query\Builder.php:3373
C:\Users\D'Andre Good\Documents\GitHub\AdminPanel_Auth_Recovery\vendor\laravel\framework\src\Illuminate\Database\Eloquent\Builder.php:902
C:\Users\D'Andre Good\Documents\GitHub\AdminPanel_Auth_Recovery\vendor\laravel\framework\src\Illuminate\Database\Eloquent\Builder.php:884
C:\Users\D'Andre Good\Documents\GitHub\AdminPanel_Auth_Recovery\vendor\laravel\framework\src\Illuminate\Database\Concerns\BuildsQueries.php:366
C:\Users\D'Andre Good\Documents\GitHub\AdminPanel_Auth_Recovery\vendor\laravel\framework\src\Illuminate\Database\Eloquent\Builder.php:708
C:\Users\D'Andre Good\Documents\GitHub\AdminPanel_Auth_Recovery\vendor\laravel\framework\src\Illuminate\Support\Traits\ForwardsCalls.php:23
C:\Users\D'Andre Good\Documents\GitHub\AdminPanel_Auth_Recovery\vendor\laravel\framework\src\Illuminate\Database\Eloquent\Model.php:2540
C:\Users\D'Andre Good\Documents\GitHub\AdminPanel_Auth_Recovery\vendor\laravel\framework\src\Illuminate\Database\Eloquent\Model.php:2556
C:\Users\D'Andre Good\Documents\GitHub\AdminPanel_Auth_Recovery\tests\Feature\UrbanGoodzSplitControlTest.php:68</error>
        </testcase>
        <testcase name="test_card_purchase_does_not_modify_customer_payment_status" file="C:\Users\D'Andre Good\Documents\GitHub\AdminPanel_Auth_Recovery\tests\Feature\UrbanGoodzSplitControlTest.php" line="419" class="Tests\Feature\UrbanGoodzSplitControlTest" classname="Tests.Feature.UrbanGoodzSplitControlTest" assertions="0" time="0.000000">
          <error type="Illuminate\Database\QueryException">Tests\Feature\UrbanGoodzSplitControlTest::test_card_purchase_does_not_modify_customer_payment_status&#13;
Illuminate\Database\QueryException: SQLSTATE[42S22]: Column not found: 1054 Unknown column 'phone' in 'where clause' (Connection: mysql, Host: 127.0.0.1, Port: 3306, Database: urbangoodz_test, SQL: select * from `delivery_men` where (`phone` = 5551000004) limit 1)
&#13;
C:\Users\D'Andre Good\Documents\GitHub\AdminPanel_Auth_Recovery\vendor\laravel\framework\src\Illuminate\Database\Connection.php:838
C:\Users\D'Andre Good\Documents\GitHub\AdminPanel_Auth_Recovery\vendor\laravel\framework\src\Illuminate\Database\Connection.php:794
C:\Users\D'Andre Good\Documents\GitHub\AdminPanel_Auth_Recovery\vendor\laravel\framework\src\Illuminate\Database\Connection.php:411
C:\Users\D'Andre Good\Documents\GitHub\AdminPanel_Auth_Recovery\vendor\laravel\framework\src\Illuminate\Database\Query\Builder.php:3389
C:\Users\D'Andre Good\Documents\GitHub\AdminPanel_Auth_Recovery\vendor\laravel\framework\src\Illuminate\Database\Query\Builder.php:3374
C:\Users\D'Andre Good\Documents\GitHub\AdminPanel_Auth_Recovery\vendor\laravel\framework\src\Illuminate\Database\Query\Builder.php:3964
C:\Users\D'Andre Good\Documents\GitHub\AdminPanel_Auth_Recovery\vendor\laravel\framework\src\Illuminate\Database\Query\Builder.php:3373
C:\Users\D'Andre Good\Documents\GitHub\AdminPanel_Auth_Recovery\vendor\laravel\framework\src\Illuminate\Database\Eloquent\Builder.php:902
C:\Users\D'Andre Good\Documents\GitHub\AdminPanel_Auth_Recovery\vendor\laravel\framework\src\Illuminate\Database\Eloquent\Builder.php:884
C:\Users\D'Andre Good\Documents\GitHub\AdminPanel_Auth_Recovery\vendor\laravel\framework\src\Illuminate\Database\Concerns\BuildsQueries.php:366
C:\Users\D'Andre Good\Documents\GitHub\AdminPanel_Auth_Recovery\vendor\laravel\framework\src\Illuminate\Database\Eloquent\Builder.php:708
C:\Users\D'Andre Good\Documents\GitHub\AdminPanel_Auth_Recovery\vendor\laravel\framework\src\Illuminate\Support\Traits\ForwardsCalls.php:23
C:\Users\D'Andre Good\Documents\GitHub\AdminPanel_Auth_Recovery\vendor\laravel\framework\src\Illuminate\Database\Eloquent\Model.php:2540
C:\Users\D'Andre Good\Documents\GitHub\AdminPanel_Auth_Recovery\vendor\laravel\framework\src\Illuminate\Database\Eloquent\Model.php:2556
C:\Users\D'Andre Good\Documents\GitHub\AdminPanel_Auth_Recovery\tests\Feature\UrbanGoodzSplitControlTest.php:68</error>
        </testcase>
        <testcase name="test_all_public_methods_exist" file="C:\Users\D'Andre Good\Documents\GitHub\AdminPanel_Auth_Recovery\tests\Feature\UrbanGoodzSplitControlTest.php" line="448" class="Tests\Feature\UrbanGoodzSplitControlTest" classname="Tests.Feature.UrbanGoodzSplitControlTest" assertions="0" time="0.000000">
          <error type="Illuminate\Database\QueryException">Tests\Feature\UrbanGoodzSplitControlTest::test_all_public_methods_exist&#13;
Illuminate\Database\QueryException: SQLSTATE[42S22]: Column not found: 1054 Unknown column 'phone' in 'where clause' (Connection: mysql, Host: 127.0.0.1, Port: 3306, Database: urbangoodz_test, SQL: select * from `delivery_men` where (`phone` = 5551000004) limit 1)
&#13;
C:\Users\D'Andre Good\Documents\GitHub\AdminPanel_Auth_Recovery\vendor\laravel\framework\src\Illuminate\Database\Connection.php:838
C:\Users\D'Andre Good\Documents\GitHub\AdminPanel_Auth_Recovery\vendor\laravel\framework\src\Illuminate\Database\Connection.php:794
C:\Users\D'Andre Good\Documents\GitHub\AdminPanel_Auth_Recovery\vendor\laravel\framework\src\Illuminate\Database\Connection.php:411
C:\Users\D'Andre Good\Documents\GitHub\AdminPanel_Auth_Recovery\vendor\laravel\framework\src\Illuminate\Database\Query\Builder.php:3389
C:\Users\D'Andre Good\Documents\GitHub\AdminPanel_Auth_Recovery\vendor\laravel\framework\src\Illuminate\Database\Query\Builder.php:3374
C:\Users\D'Andre Good\Documents\GitHub\AdminPanel_Auth_Recovery\vendor\laravel\framework\src\Illuminate\Database\Query\Builder.php:3964
C:\Users\D'Andre Good\Documents\GitHub\AdminPanel_Auth_Recovery\vendor\laravel\framework\src\Illuminate\Database\Query\Builder.php:3373
C:\Users\D'Andre Good\Documents\GitHub\AdminPanel_Auth_Recovery\vendor\laravel\framework\src\Illuminate\Database\Eloquent\Builder.php:902
C:\Users\D'Andre Good\Documents\GitHub\AdminPanel_Auth_Recovery\vendor\laravel\framework\src\Illuminate\Database\Eloquent\Builder.php:884
C:\Users\D'Andre Good\Documents\GitHub\AdminPanel_Auth_Recovery\vendor\laravel\framework\src\Illuminate\Database\Concerns\BuildsQueries.php:366
C:\Users\D'Andre Good\Documents\GitHub\AdminPanel_Auth_Recovery\vendor\laravel\framework\src\Illuminate\Database\Eloquent\Builder.php:708
C:\Users\D'Andre Good\Documents\GitHub\AdminPanel_Auth_Recovery\vendor\laravel\framework\src\Illuminate\Support\Traits\ForwardsCalls.php:23
C:\Users\D'Andre Good\Documents\GitHub\AdminPanel_Auth_Recovery\vendor\laravel\framework\src\Illuminate\Database\Eloquent\Model.php:2540
C:\Users\D'Andre Good\Documents\GitHub\AdminPanel_Auth_Recovery\vendor\laravel\framework\src\Illuminate\Database\Eloquent\Model.php:2556
C:\Users\D'Andre Good\Documents\GitHub\AdminPanel_Auth_Recovery\tests\Feature\UrbanGoodzSplitControlTest.php:68</error>
        </testcase>
        <testcase name="test_reconciliation_passes_for_balanced_splits" file="C:\Users\D'Andre Good\Documents\GitHub\AdminPanel_Auth_Recovery\tests\Feature\UrbanGoodzSplitControlTest.php" line="470" class="Tests\Feature\UrbanGoodzSplitControlTest" classname="Tests.Feature.UrbanGoodzSplitControlTest" assertions="0" time="0.000000">
          <error type="Illuminate\Database\QueryException">Tests\Feature\UrbanGoodzSplitControlTest::test_reconciliation_passes_for_balanced_splits&#13;
Illuminate\Database\QueryException: SQLSTATE[42S22]: Column not found: 1054 Unknown column 'phone' in 'where clause' (Connection: mysql, Host: 127.0.0.1, Port: 3306, Database: urbangoodz_test, SQL: select * from `delivery_men` where (`phone` = 5551000004) limit 1)
&#13;
C:\Users\D'Andre Good\Documents\GitHub\AdminPanel_Auth_Recovery\vendor\laravel\framework\src\Illuminate\Database\Connection.php:838
C:\Users\D'Andre Good\Documents\GitHub\AdminPanel_Auth_Recovery\vendor\laravel\framework\src\Illuminate\Database\Connection.php:794
C:\Users\D'Andre Good\Documents\GitHub\AdminPanel_Auth_Recovery\vendor\laravel\framework\src\Illuminate\Database\Connection.php:411
C:\Users\D'Andre Good\Documents\GitHub\AdminPanel_Auth_Recovery\vendor\laravel\framework\src\Illuminate\Database\Query\Builder.php:3389
C:\Users\D'Andre Good\Documents\GitHub\AdminPanel_Auth_Recovery\vendor\laravel\framework\src\Illuminate\Database\Query\Builder.php:3374
C:\Users\D'Andre Good\Documents\GitHub\AdminPanel_Auth_Recovery\vendor\laravel\framework\src\Illuminate\Database\Query\Builder.php:3964
C:\Users\D'Andre Good\Documents\GitHub\AdminPanel_Auth_Recovery\vendor\laravel\framework\src\Illuminate\Database\Query\Builder.php:3373
C:\Users\D'Andre Good\Documents\GitHub\AdminPanel_Auth_Recovery\vendor\laravel\framework\src\Illuminate\Database\Eloquent\Builder.php:902
C:\Users\D'Andre Good\Documents\GitHub\AdminPanel_Auth_Recovery\vendor\laravel\framework\src\Illuminate\Database\Eloquent\Builder.php:884
C:\Users\D'Andre Good\Documents\GitHub\AdminPanel_Auth_Recovery\vendor\laravel\framework\src\Illuminate\Database\Concerns\BuildsQueries.php:366
C:\Users\D'Andre Good\Documents\GitHub\AdminPanel_Auth_Recovery\vendor\laravel\framework\src\Illuminate\Database\Eloquent\Builder.php:708
C:\Users\D'Andre Good\Documents\GitHub\AdminPanel_Auth_Recovery\vendor\laravel\framework\src\Illuminate\Support\Traits\ForwardsCalls.php:23
C:\Users\D'Andre Good\Documents\GitHub\AdminPanel_Auth_Recovery\vendor\laravel\framework\src\Illuminate\Database\Eloquent\Model.php:2540
C:\Users\D'Andre Good\Documents\GitHub\AdminPanel_Auth_Recovery\vendor\laravel\framework\src\Illuminate\Database\Eloquent\Model.php:2556
C:\Users\D'Andre Good\Documents\GitHub\AdminPanel_Auth_Recovery\tests\Feature\UrbanGoodzSplitControlTest.php:68</error>
        </testcase>
        <testcase name="test_reconciliation_fails_for_unbalanced_splits" file="C:\Users\D'Andre Good\Documents\GitHub\AdminPanel_Auth_Recovery\tests\Feature\UrbanGoodzSplitControlTest.php" line="509" class="Tests\Feature\UrbanGoodzSplitControlTest" classname="Tests.Feature.UrbanGoodzSplitControlTest" assertions="0" time="0.000000">
          <error type="Illuminate\Database\QueryException">Tests\Feature\UrbanGoodzSplitControlTest::test_reconciliation_fails_for_unbalanced_splits&#13;
Illuminate\Database\QueryException: SQLSTATE[42S22]: Column not found: 1054 Unknown column 'phone' in 'where clause' (Connection: mysql, Host: 127.0.0.1, Port: 3306, Database: urbangoodz_test, SQL: select * from `delivery_men` where (`phone` = 5551000004) limit 1)
&#13;
C:\Users\D'Andre Good\Documents\GitHub\AdminPanel_Auth_Recovery\vendor\laravel\framework\src\Illuminate\Database\Connection.php:838
C:\Users\D'Andre Good\Documents\GitHub\AdminPanel_Auth_Recovery\vendor\laravel\framework\src\Illuminate\Database\Connection.php:794
C:\Users\D'Andre Good\Documents\GitHub\AdminPanel_Auth_Recovery\vendor\laravel\framework\src\Illuminate\Database\Connection.php:411
C:\Users\D'Andre Good\Documents\GitHub\AdminPanel_Auth_Recovery\vendor\laravel\framework\src\Illuminate\Database\Query\Builder.php:3389
C:\Users\D'Andre Good\Documents\GitHub\AdminPanel_Auth_Recovery\vendor\laravel\framework\src\Illuminate\Database\Query\Builder.php:3374
C:\Users\D'Andre Good\Documents\GitHub\AdminPanel_Auth_Recovery\vendor\laravel\framework\src\Illuminate\Database\Query\Builder.php:3964
C:\Users\D'Andre Good\Documents\GitHub\AdminPanel_Auth_Recovery\vendor\laravel\framework\src\Illuminate\Database\Query\Builder.php:3373
C:\Users\D'Andre Good\Documents\GitHub\AdminPanel_Auth_Recovery\vendor\laravel\framework\src\Illuminate\Database\Eloquent\Builder.php:902
C:\Users\D'Andre Good\Documents\GitHub\AdminPanel_Auth_Recovery\vendor\laravel\framework\src\Illuminate\Database\Eloquent\Builder.php:884
C:\Users\D'Andre Good\Documents\GitHub\AdminPanel_Auth_Recovery\vendor\laravel\framework\src\Illuminate\Database\Concerns\BuildsQueries.php:366
C:\Users\D'Andre Good\Documents\GitHub\AdminPanel_Auth_Recovery\vendor\laravel\framework\src\Illuminate\Database\Eloquent\Builder.php:708
C:\Users\D'Andre Good\Documents\GitHub\AdminPanel_Auth_Recovery\vendor\laravel\framework\src\Illuminate\Support\Traits\ForwardsCalls.php:23
C:\Users\D'Andre Good\Documents\GitHub\AdminPanel_Auth_Recovery\vendor\laravel\framework\src\Illuminate\Database\Eloquent\Model.php:2540
C:\Users\D'Andre Good\Documents\GitHub\AdminPanel_Auth_Recovery\vendor\laravel\framework\src\Illuminate\Database\Eloquent\Model.php:2556
C:\Users\D'Andre Good\Documents\GitHub\AdminPanel_Auth_Recovery\tests\Feature\UrbanGoodzSplitControlTest.php:68</error>
        </testcase>
        <testcase name="test_ai_service_has_no_split_methods" file="C:\Users\D'Andre Good\Documents\GitHub\AdminPanel_Auth_Recovery\tests\Feature\UrbanGoodzSplitControlTest.php" line="535" class="Tests\Feature\UrbanGoodzSplitControlTest" classname="Tests.Feature.UrbanGoodzSplitControlTest" assertions="0" time="0.000000">
          <error type="Illuminate\Database\QueryException">Tests\Feature\UrbanGoodzSplitControlTest::test_ai_service_has_no_split_methods&#13;
Illuminate\Database\QueryException: SQLSTATE[42S22]: Column not found: 1054 Unknown column 'phone' in 'where clause' (Connection: mysql, Host: 127.0.0.1, Port: 3306, Database: urbangoodz_test, SQL: select * from `delivery_men` where (`phone` = 5551000004) limit 1)
&#13;
C:\Users\D'Andre Good\Documents\GitHub\AdminPanel_Auth_Recovery\vendor\laravel\framework\src\Illuminate\Database\Connection.php:838
C:\Users\D'Andre Good\Documents\GitHub\AdminPanel_Auth_Recovery\vendor\laravel\framework\src\Illuminate\Database\Connection.php:794
C:\Users\D'Andre Good\Documents\GitHub\AdminPanel_Auth_Recovery\vendor\laravel\framework\src\Illuminate\Database\Connection.php:411
C:\Users\D'Andre Good\Documents\GitHub\AdminPanel_Auth_Recovery\vendor\laravel\framework\src\Illuminate\Database\Query\Builder.php:3389
C:\Users\D'Andre Good\Documents\GitHub\AdminPanel_Auth_Recovery\vendor\laravel\framework\src\Illuminate\Database\Query\Builder.php:3374
C:\Users\D'Andre Good\Documents\GitHub\AdminPanel_Auth_Recovery\vendor\laravel\framework\src\Illuminate\Database\Query\Builder.php:3964
C:\Users\D'Andre Good\Documents\GitHub\AdminPanel_Auth_Recovery\vendor\laravel\framework\src\Illuminate\Database\Query\Builder.php:3373
C:\Users\D'Andre Good\Documents\GitHub\AdminPanel_Auth_Recovery\vendor\laravel\framework\src\Illuminate\Database\Eloquent\Builder.php:902
C:\Users\D'Andre Good\Documents\GitHub\AdminPanel_Auth_Recovery\vendor\laravel\framework\src\Illuminate\Database\Eloquent\Builder.php:884
C:\Users\D'Andre Good\Documents\GitHub\AdminPanel_Auth_Recovery\vendor\laravel\framework\src\Illuminate\Database\Concerns\BuildsQueries.php:366
C:\Users\D'Andre Good\Documents\GitHub\AdminPanel_Auth_Recovery\vendor\laravel\framework\src\Illuminate\Database\Eloquent\Builder.php:708
C:\Users\D'Andre Good\Documents\GitHub\AdminPanel_Auth_Recovery\vendor\laravel\framework\src\Illuminate\Support\Traits\ForwardsCalls.php:23
C:\Users\D'Andre Good\Documents\GitHub\AdminPanel_Auth_Recovery\vendor\laravel\framework\src\Illuminate\Database\Eloquent\Model.php:2540
C:\Users\D'Andre Good\Documents\GitHub\AdminPanel_Auth_Recovery\vendor\laravel\framework\src\Illuminate\Database\Eloquent\Model.php:2556
C:\Users\D'Andre Good\Documents\GitHub\AdminPanel_Auth_Recovery\tests\Feature\UrbanGoodzSplitControlTest.php:68</error>
        </testcase>
        <testcase name="test_payment_ai_controller_cannot_set_split_percentages" file="C:\Users\D'Andre Good\Documents\GitHub\AdminPanel_Auth_Recovery\tests\Feature\UrbanGoodzSplitControlTest.php" line="547" class="Tests\Feature\UrbanGoodzSplitControlTest" classname="Tests.Feature.UrbanGoodzSplitControlTest" assertions="0" time="0.000000">
          <error type="Illuminate\Database\QueryException">Tests\Feature\UrbanGoodzSplitControlTest::test_payment_ai_controller_cannot_set_split_percentages&#13;
Illuminate\Database\QueryException: SQLSTATE[42S22]: Column not found: 1054 Unknown column 'phone' in 'where clause' (Connection: mysql, Host: 127.0.0.1, Port: 3306, Database: urbangoodz_test, SQL: select * from `delivery_men` where (`phone` = 5551000004) limit 1)
&#13;
C:\Users\D'Andre Good\Documents\GitHub\AdminPanel_Auth_Recovery\vendor\laravel\framework\src\Illuminate\Database\Connection.php:838
C:\Users\D'Andre Good\Documents\GitHub\AdminPanel_Auth_Recovery\vendor\laravel\framework\src\Illuminate\Database\Connection.php:794
C:\Users\D'Andre Good\Documents\GitHub\AdminPanel_Auth_Recovery\vendor\laravel\framework\src\Illuminate\Database\Connection.php:411
C:\Users\D'Andre Good\Documents\GitHub\AdminPanel_Auth_Recovery\vendor\laravel\framework\src\Illuminate\Database\Query\Builder.php:3389
C:\Users\D'Andre Good\Documents\GitHub\AdminPanel_Auth_Recovery\vendor\laravel\framework\src\Illuminate\Database\Query\Builder.php:3374
C:\Users\D'Andre Good\Documents\GitHub\AdminPanel_Auth_Recovery\vendor\laravel\framework\src\Illuminate\Database\Query\Builder.php:3964
C:\Users\D'Andre Good\Documents\GitHub\AdminPanel_Auth_Recovery\vendor\laravel\framework\src\Illuminate\Database\Query\Builder.php:3373
C:\Users\D'Andre Good\Documents\GitHub\AdminPanel_Auth_Recovery\vendor\laravel\framework\src\Illuminate\Database\Eloquent\Builder.php:902
C:\Users\D'Andre Good\Documents\GitHub\AdminPanel_Auth_Recovery\vendor\laravel\framework\src\Illuminate\Database\Eloquent\Builder.php:884
C:\Users\D'Andre Good\Documents\GitHub\AdminPanel_Auth_Recovery\vendor\laravel\framework\src\Illuminate\Database\Concerns\BuildsQueries.php:366
C:\Users\D'Andre Good\Documents\GitHub\AdminPanel_Auth_Recovery\vendor\laravel\framework\src\Illuminate\Database\Eloquent\Builder.php:708
C:\Users\D'Andre Good\Documents\GitHub\AdminPanel_Auth_Recovery\vendor\laravel\framework\src\Illuminate\Support\Traits\ForwardsCalls.php:23
C:\Users\D'Andre Good\Documents\GitHub\AdminPanel_Auth_Recovery\vendor\laravel\framework\src\Illuminate\Database\Eloquent\Model.php:2540
C:\Users\D'Andre Good\Documents\GitHub\AdminPanel_Auth_Recovery\vendor\laravel\framework\src\Illuminate\Database\Eloquent\Model.php:2556
C:\Users\D'Andre Good\Documents\GitHub\AdminPanel_Auth_Recovery\tests\Feature\UrbanGoodzSplitControlTest.php:68</error>
        </testcase>
      </testsuite>
      <testsuite name="Tests\Feature\UrbanGoodzWithdrawalSecurityTest" file="C:\Users\D'Andre Good\Documents\GitHub\AdminPanel_Auth_Recovery\tests\Feature\UrbanGoodzWithdrawalSecurityTest.php" tests="3" assertions="16" errors="0" failures="0" skipped="0" time="1.384725">
        <testcase name="test_withdrawal_validates_balance_and_reserves_funds_atomically" file="C:\Users\D'Andre Good\Documents\GitHub\AdminPanel_Auth_Recovery\tests\Feature\UrbanGoodzWithdrawalSecurityTest.php" line="110" class="Tests\Feature\UrbanGoodzWithdrawalSecurityTest" classname="Tests.Feature.UrbanGoodzWithdrawalSecurityTest" assertions="10" time="0.412842"/>
        <testcase name="test_withdrawal_rejects_missing_or_inactive_method" file="C:\Users\D'Andre Good\Documents\GitHub\AdminPanel_Auth_Recovery\tests\Feature\UrbanGoodzWithdrawalSecurityTest.php" line="134" class="Tests\Feature\UrbanGoodzWithdrawalSecurityTest" classname="Tests.Feature.UrbanGoodzWithdrawalSecurityTest" assertions="3" time="0.500263"/>
        <testcase name="test_vendor_cannot_close_another_vendors_withdrawal" file="C:\Users\D'Andre Good\Documents\GitHub\AdminPanel_Auth_Recovery\tests\Feature\UrbanGoodzWithdrawalSecurityTest.php" line="153" class="Tests\Feature\UrbanGoodzWithdrawalSecurityTest" classname="Tests.Feature.UrbanGoodzWithdrawalSecurityTest" assertions="3" time="0.471620"/>
      </testsuite>
    </testsuite>
  </testsuite>
</testsuites>
