<?xml version="1.0" encoding="UTF-8"?>
<testsuites>
  <testsuite name="[repo]\phpunit.xml" tests="360" assertions="954" errors="112" failures="7" skipped="0" time="130.527085">
    <testsuite name="Unit" tests="56" assertions="206" errors="0" failures="1" skipped="0" time="12.328406">
      <testsuite name="Tests\Unit\CreatorCommerceContractTest" file="[repo]\tests\Unit\CreatorCommerceContractTest.php" tests="4" assertions="9" errors="0" failures="1" skipped="0" time="0.065378">
        <testcase name="test_public_feed_requires_published_and_moderated_reels" file="[repo]\tests\Unit\CreatorCommerceContractTest.php" line="9" class="Tests\Unit\CreatorCommerceContractTest" classname="Tests.Unit.CreatorCommerceContractTest" assertions="2" time="0.017663"/>
        <testcase name="test_vendor_tags_and_reel_mutations_are_store_scoped" file="[repo]\tests\Unit\CreatorCommerceContractTest.php" line="16" class="Tests\Unit\CreatorCommerceContractTest" classname="Tests.Unit.CreatorCommerceContractTest" assertions="3" time="0.000909"/>
        <testcase name="test_attribution_validates_customer_and_store_order_ownership" file="[repo]\tests\Unit\CreatorCommerceContractTest.php" line="24" class="Tests\Unit\CreatorCommerceContractTest" classname="Tests.Unit.CreatorCommerceContractTest" assertions="3" time="0.000669"/>
        <testcase name="test_file_backed_tester_routes_are_removed" file="[repo]\tests\Unit\CreatorCommerceContractTest.php" line="32" class="Tests\Unit\CreatorCommerceContractTest" classname="Tests.Unit.CreatorCommerceContractTest" assertions="1" time="0.046137">
          <failure type="PHPUnit\Framework\ExpectationFailedException">Tests\Unit\CreatorCommerceContractTest::test_file_backed_tester_routes_are_removed&#13;
Failed asserting that '&lt;?php\r\n
\r\n
use Illuminate\Support\Facades\Route;\r\n
\r\n
Route::group(['prefix' =&gt; 'urban-goodz', 'middleware' =&gt; ['auth:api', 'throttle:60,1']], function () {\r\n
    Route::get('app-config', 'Api\V1\UrbanGoodz\UrbanGoodzAppConfigController@index');\r\n
});\r\n
Route::get('urban-goodz/driver/vehicle-options', 'Api\UrbanGoodzDriverCapabilityController@vehicleOptionsEndpoint')-&gt;middleware('throttle:60,1');\r\n
Route::group(['prefix' =&gt; 'urban-goodz/discovery', 'middleware' =&gt; ['auth:api', 'throttle:60,1']], function () {\r\n
    Route::post('search-capture', 'Api\V1\UrbanGoodzDiscoveryController@searchCapture');\r\n
    Route::get('entities', 'Api\V1\UrbanGoodzDiscoveryController@entities');\r\n
    Route::get('entities/{id}', 'Api\V1\UrbanGoodzDiscoveryController@entity');\r\n
    Route::post('entities/{id}/action', 'Api\V1\UrbanGoodzDiscoveryController@entityAction');\r\n
    Route::get('opportunities', 'Api\V1\UrbanGoodzDiscoveryController@opportunities');\r\n
    Route::post('opportunities/{id}/accept', 'Api\V1\UrbanGoodzDiscoveryController@acceptOpportunity');\r\n
});\r\n
\r\n
Route::group(['prefix' =&gt; 'urban-goodz/earn-money', 'middleware' =&gt; ['auth:api', 'throttle:60,1']], function () {\r\n
    Route::get('opportunities', 'Api\V1\UrbanGoodzOpportunityController@earnMoneyOpportunities');\r\n
    Route::get('opportunities/{record}', 'Api\V1\UrbanGoodzOpportunityController@earnMoneyOpportunity');\r\n
    Route::post('opportunities/{record}/accept', 'Api\V1\UrbanGoodzOpportunityController@acceptEarnMoneyOpportunity');\r\n
});\r\n
\r\n
Route::group(['prefix' =&gt; 'urban-goodz/logistics', 'middleware' =&gt; ['auth:api', 'throttle:60,1']], function () {\r\n
    Route::get('jobs', 'Api\V1\UrbanGoodzOpportunityController@logisticsJobs');\r\n
    Route::get('jobs/{record}', 'Api\V1\UrbanGoodzOpportunityController@logisticsJob');\r\n
    Route::post('jobs/{record}/accept', 'Api\V1\UrbanGoodzOpportunityController@acceptLogisticsJob');\r\n
    Route::post('jobs/{record}/status', 'Api\V1\UrbanGoodzOpportunityController@updateLogisticsJobStatus');\r\n
});\r\n
\r\n
Route::group(['prefix' =&gt; 'urban-goodz/load-board', 'middleware' =&gt; 'auth:api'], function () {\r\n
    Route::get('loads', 'Api\V1\UrbanGoodzOpportunityController@loadBoardLoads');\r\n
    Route::get('loads/{record}', 'Api\V1\UrbanGoodzOpportunityController@loadBoardLoad');\r\n
    Route::post('loads/{record}/accept', 'Api\V1\UrbanGoodzOpportunityController@acceptLoadBoardLoad');\r\n
    Route::post('loads/{record}/status', 'Api\V1\UrbanGoodzOpportunityController@updateLoadBoardLoadStatus');\r\n
});\r\n
\r\n
Route::group(['prefix' =&gt; 'urban-goodz/medical-courier', 'middleware' =&gt; ['auth:api', 'throttle:60,1']], function () {\r\n
    Route::get('jobs', 'Api\V1\UrbanGoodzOpportunityController@medicalCourierJobs');\r\n
    Route::get('jobs/{record}', 'Api\V1\UrbanGoodzOpportunityController@medicalCourierJob');\r\n
    Route::post('jobs/{record}/accept', 'Api\V1\UrbanGoodzOpportunityController@acceptMedicalCourierJob');\r\n
    Route::post('jobs/{record}/status', 'Api\V1\UrbanGoodzOpportunityController@updateMedicalCourierJobStatus');\r\n
    Route::post('jobs/{record}/custody', 'Api\V1\UrbanGoodzOpportunityController@updateMedicalCourierCustody');\r\n
});\r\n
\r\n
Route::group(['prefix' =&gt; 'urban-goodz/book-anything', 'middleware' =&gt; ['auth:api', 'throttle:60,1']], function () {\r\n
    Route::get('records', 'Api\V1\UrbanGoodzOpportunityController@bookAnythingRecords');\r\n
    Route::get('records/{record}', 'Api\V1\UrbanGoodzOpportunityController@bookAnythingRecord');\r\n
    Route::post('request', 'Api\V1\UrbanGoodzOpportunityController@submitBookAnythingRequest');\r\n
});\r\n
\r\n
Route::group(['prefix' =&gt; 'urban-goodz/events', 'middleware' =&gt; ['auth:api', 'throttle:60,1']], function () {\r\n
    Route::get('/', 'Api\V1\UrbanGoodzOpportunityController@events');\r\n
    Route::get('{record}', 'Api\V1\UrbanGoodzOpportunityController@event');\r\n
    Route::post('{record}/interest', 'Api\V1\UrbanGoodzOpportunityController@eventInterest');\r\n
    Route::post('{record}/vendor-opportunity', 'Api\V1\UrbanGoodzOpportunityController@eventVendorOpportunity');\r\n
    Route::post('{record}/creator-opportunity', 'Api\V1\UrbanGoodzOpportunityController@eventCreatorOpportunity');\r\n
    Route::post('{record}/logistics-support', 'Api\V1\UrbanGoodzOpportunityController@eventLogisticsSupport');\r\n
});\r\n
\r\n
Route::group(['prefix' =&gt; 'urban-goodz/creator-commerce', 'middleware' =&gt; ['auth:api', 'throttle:60,1']], function () {\r\n
    Route::get('featured-reels', 'Api\V1\CreatorCommerceTesterController@featuredReels');\r\n
    Route::get('customer/applications', 'Api\V1\CreatorCommerceTesterController@customerApplications');\r\n
    Route::post('applications', 'Api\V1\CreatorCommerceTesterController@storeApplication');\r\n
    Route::get('promotions', 'Api\V1\CreatorCommerceTesterController@promotions');\r\n
    Route::post('promotions', 'Api\V1\CreatorCommerceTesterController@storePromotion');\r\n
});\r\n
\r\n
    // Creator Space AI\r\n
    Route::group(['prefix' =&gt; 'urban-goodz/creator/ai', 'middleware' =&gt; ['auth:api', 'throttle:60,1']], function () {\r\n
        Route::post('reel-script', 'Api\V1\UrbanGoodz\CreatorSpaceAIController@generateReelScript');\r\n
        Route::post('product-tags', 'Api\V1\UrbanGoodz\CreatorSpaceAIController@generateProductTags');\r\n
        Route::post('caption', 'Api\V1\UrbanGoodz\CreatorSpaceAIController@generateCaption');\r\n
        Route::post('performance', 'Api\V1\UrbanGoodz\CreatorSpaceAIController@analyzePerformance');\r\n
        Route::get('brand-matches', 'Api\V1\UrbanGoodz\CreatorSpaceAIController@matchBrand');\r\n
        Route::post('reel-analytics', 'Api\V1\UrbanGoodz\CreatorSpaceAIController@generateReelAnalytics');\r\n
    });\r\n
\r\n
Route::group(['prefix' =&gt; 'urban-goodz/fashion', 'middleware' =&gt; ['auth:api', 'throttle:60,1']], function () {\r\n
    Route::get('stylist-requests', 'Api\V1\UrbanGoodzFashionMeasurementController@stylistRequests');\r\n
    Route::post('stylist-requests', 'Api\V1\UrbanGoodzFashionMeasurementController@submitStylistRequest');\r\n
    Route::post('stylist-requests/{id}/status', 'Api\V1\UrbanGoodzFashionMeasurementController@updateStylistRequestStatus');\r\n
});\r\n
\r\n
Route::post('adyen/webhook', 'Api\V1\AdyenWebhookController@handle');\r\n
\r\n
Route::post('payments/webhooks/{provider}', 'Api\V1\PaymentWebhookController@handle')\r\n
    -&gt;where('provider', 'adyen|stripe|staged_test');\r\n
\r\n
Route::group(['prefix' =&gt; 'order-anywhere', 'middleware' =&gt; ['auth:api', 'throttle:60,1']], function () {\r\n
    Route::post('requests', 'Api\V1\OrderAnywhereController@store');\r\n
    Route::post('requests/estimate', 'Api\V1\OrderAnywhereController@estimate');\r\n
    Route::get('requests/{record}', 'Api\V1\OrderAnywhereController@show');\r\n
    Route::post('requests/{record}/authorize-payment', 'Api\V1\OrderAnywhereController@authorizePayment');\r\n
    Route::post('requests/{record}/receipt', 'Api\V1\OrderAnywhereController@uploadReceipt');\r\n
    Route::get('customer/requests', 'Api\V1\OrderAnywhereController@customerRequests');\r\n
    Route::post('orders/{orderId}/dispatch/trigger-nearest', 'Api\V1\UrbanGoodz\OrderAiDispatchController@triggerNearestDriver');\r\n
    Route::get('orders/{orderId}/dispatch/status', 'Api\V1\UrbanGoodz\OrderAiDispatchController@dispatchStatus');\r\n
});\r\n
\r\n
Route::group(['prefix' =&gt; 'order-anywhere/admin', 'middleware' =&gt; ['auth:admin', 'throttle:60,1']], function () {\r\n
    Route::get('requests', 'Api\V1\OrderAnywhereController@adminRequests');\r\n
    Route::post('requests/{record}/status', 'Api\V1\OrderAnywhereController@updateStatus');\r\n
    Route::post('requests/{record}/notes', 'Api\V1\OrderAnywhereController@addNotes');\r\n
    Route::post('requests/{record}/assign-driver', 'Api\V1\OrderAnywhereController@assignDriver');\r\n
    Route::post('requests/{record}/payment-link', 'Api\V1\OrderAnywhereController@createPaymentLink');\r\n
    Route::get('pending-orders', 'Api\V1\UrbanGoodz\OrderAiDispatchAdminController@pendingOrders');\r\n
    Route::post('orders/{orderId}/dispatch/trigger-nearest', 'Api\V1\UrbanGoodz\OrderAiDispatchAdminController@triggerNearestDriver');\r\n
    Route::post('orders/{orderId}/dispatch/assign', 'Api\V1\UrbanGoodz\OrderAiDispatchAdminController@assignDriver');\r\n
    Route::post('dispatches/{dispatchId}/cancel', 'Api\V1\UrbanGoodz\OrderAiDispatchAdminController@cancelDispatch');\r\n
    Route::get('dispatches', 'Api\V1\UrbanGoodz\OrderAiDispatchAdminController@getAllDispatches');\r\n
    Route::get('dispatches/{dispatchId}', 'Api\V1\UrbanGoodz\OrderAiDispatchAdminController@getDispatchDetail');\r\n
});\r\n
\r\n
Route::group(['prefix' =&gt; 'order-anywhere/vendor', 'middleware' =&gt; ['vendor.api', 'throttle:60,1']], function () {\r\n
    Route::post('requests/{record}/update', 'Api\V1\OrderAnywhereController@vendorUpdate');\r\n
    Route::get('orders', 'Api\V1\UrbanGoodz\OrderAiDispatchVendorController@orders');\r\n
    Route::get('orders/{orderId}', 'Api\V1\UrbanGoodz\OrderAiDispatchVendorController@orderDetail');\r\n
    Route::get('dispatches', 'Api\V1\UrbanGoodz\OrderAiDispatchVendorController@dispatches');\r\n
});\r\n
\r\n
Route::group(['prefix' =&gt; 'order-anywhere/driver', 'middleware' =&gt; ['dm.api', 'throttle:60,1']], function () {\r\n
    Route::get('available', 'Api\V1\OrderAnywhereController@driverAvailable');\r\n
    Route::post('{record}/accept', 'Api\V1\OrderAnywhereController@driverAccept');\r\n
    Route::post('{record}/status', 'Api\V1\OrderAnywhereController@driverStatus');\r\n
    Route::post('{record}/issue', 'Api\V1\OrderAnywhereController@driverIssue');\r\n
});\r\n
\r\n
Route::group(['prefix' =&gt; 'urban-goodz/fashion-fit'], function () {\r\n
    Route::post('photos/upload', 'Api\V1\UrbanGoodz\FashionFitFileController@uploadPhoto')-&gt;middleware('auth:api');\r\n
});\r\n
\r\n
Route::group(['prefix' =&gt; 'urban-goodz/files', 'middleware' =&gt; ['auth:api', 'throttle:60,1']], function () {\r\n
    Route::post('upload/{category}', 'Api\V1\UrbanGoodz\UrbanGoodzFileUploadController@upload');\r\n
});\r\n
\r\n
Route::group(['prefix' =&gt; 'urban-goodz/ai-concierge', 'middleware' =&gt; ['auth:api', 'throttle:60,1']], function () {\r\n
    Route::post('query', 'Api\V1\UrbanGoodz\UrbanGoodzAIConciergeController@query');\r\n
    Route::post('chat', 'Api\V1\UrbanGoodz\UrbanGoodzAIConciergeController@query');\r\n
    Route::get('history', 'Api\V1\UrbanGoodz\UrbanGoodzAIConciergeController@history');\r\n
});\r\n
\r\n
Route::group(['prefix' =&gt; 'urban-goodz/notifications/ai', 'middleware' =&gt; ['auth:api', 'throttle:60,1']], function () {\r\n
    Route::post('generate', 'Api\V1\UrbanGoodz\NotificationAIController@generateNotification');\r\n
    Route::post('batch', 'Api\V1\UrbanGoodz\NotificationAIController@generateBatch');\r\n
    Route::get('history', 'Api\V1\UrbanGoodz\NotificationAIController@history');\r\n
    Route::post('mark-read', 'Api\V1\UrbanGoodz\NotificationAIController@markAsRead');\r\n
    Route::post('preview', 'Api\V1\UrbanGoodz\NotificationAIController@previewTemplate');\r\n
});\r\n
\r\n
// Driver API - dedicated routes, package scanning, earnings, payouts\r\n
Route::group(['prefix' =&gt; 'urban-goodz/driver', 'middleware' =&gt; 'dm.api'], function () {\r\n
    Route::get('routes', 'Api\UrbanGoodzDriverApiController@assignedRoutes');\r\n
    Route::get('routes/{routeId}', 'Api\UrbanGoodzDriverApiController@routeDetail');\r\n
    Route::post('routes/{routeId}/sequence', 'Api\UrbanGoodzDriverApiController@resequenceRoute');\r\n
    Route::post('routes/{routeId}/started', 'Api\UrbanGoodzDriverApiController@routeStarted');\r\n
    Route::post('routes/{routeId}/completed', 'Api\UrbanGoodzDriverApiController@routeCompleted');\r\n
    Route::post('routes/{routeId}/scan-pickup', 'Api\UrbanGoodzDriverApiController@scanPickup');\r\n
    Route::post('routes/{routeId}/scan-dropoff', 'Api\UrbanGoodzDriverApiController@scanDropoff');\r\n
    Route::post('routes/{routeId}/scan-exception', 'Api\UrbanGoodzDriverApiController@scanException');\r\n
    Route::post('routes/{routeId}/age-verify', 'Api\UrbanGoodzDriverApiController@submitAgeVerification');\r\n
    Route::post('routes/{routeId}/age-refuse', 'Api\UrbanGoodzDriverApiController@submitAgeRefusal');\r\n
    Route::get('routes/{routeId}/age-status', 'Api\UrbanGoodzDriverApiController@checkAgeStatus');\r\n
    Route::get('earnings', 'Api\UrbanGoodzDriverApiController@earnings');\r\n
    Route::post('payout-request', 'Api\UrbanGoodzDriverApiController@requestPayout');\r\n
    Route::get('payout-history', 'Api\UrbanGoodzDriverApiController@payoutHistory');\r\n
    // Driver capability and vehicle profile\r\n
    Route::get('capability-profile', 'Api\UrbanGoodzDriverCapabilityController@profile');\r\n
    Route::get('capability-summary', 'Api\UrbanGoodzDriverCapabilityController@summary');\r\n
    Route::post('capability-profile/vehicle', 'Api\UrbanGoodzDriverCapabilityController@updateVehicle');\r\n
    Route::post('capability-profile/trailer', 'Api\UrbanGoodzDriverCapabilityController@updateTrailer');\r\n
    Route::post('capability-profile/commercial', 'Api\UrbanGoodzDriverCapabilityController@updateCommercial');\r\n
    Route::post('capability-profile/cargo', 'Api\UrbanGoodzDriverCapabilityController@updateCargo');\r\n
    Route::post('capability-profile/zones', 'Api\UrbanGoodzDriverCapabilityController@updateZones');\r\n
    Route::post('capability-profile/work-types', 'Api\UrbanGoodzDriverCapabilityController@updateWorkTypes');\r\n
    Route::post('capability-profile/tags', 'Api\UrbanGoodzDriverCapabilityController@updateTags');\r\n
    Route::post('capability-profile/availability', 'Api\UrbanGoodzDriverCapabilityController@updateAvailability');\r\n
\r\n
    // Driver job discovery (read-only discovery of available work)\r\n
    Route::get('job-discovery', 'Api\UrbanGoodzDriverJobDiscoveryController@index');\r\n
    Route::get('job-discovery/summary', 'Api\UrbanGoodzDriverJobDiscoveryController@summary');\r\n
    Route::get('job-discovery/{type}/{id}', 'Api\UrbanGoodzDriverJobDiscoveryController@detail');\r\n
\r\n
    // Driver dispatch notifications (read-only inbox over existing notification system)\r\n
    Route::get('dispatch-notifications', 'Api\UrbanGoodzDriverDispatchNotificationController@index');\r\n
    Route::get('dispatch-notifications/unread-count', 'Api\UrbanGoodzDriverDispatchNotificationController@unreadCount');\r\n
    Route::post('dispatch-notifications/read-all', 'Api\UrbanGoodzDriverDispatchNotificationController@readAll');\r\n
    Route::post('dispatch-notifications/{notificationId}/read', 'Api\UrbanGoodzDriverDispatchNotificationController@markRead');\r\n
    Route::post('dispatch-notifications/{notificationId}/dismiss', 'Api\UrbanGoodzDriverDispatchNotificationController@dismiss');\r\n
\r\n
    // Business courier jobs for driver\r\n
    Route::get('business-jobs', 'Api\UrbanGoodzDriverBusinessCourierController@assignedJobs');\r\n
    Route::get('business-jobs/{jobId}', 'Api\UrbanGoodzDriverBusinessCourierController@jobDetail');\r\n
    Route::post('business-jobs/{jobId}/accept', 'Api\UrbanGoodzDriverBusinessCourierController@acceptJob');\r\n
    Route::post('business-jobs/{jobId}/start', 'Api\UrbanGoodzDriverBusinessCourierController@startJob');\r\n
    Route::post('business-jobs/{jobId}/pickup', 'Api\UrbanGoodzDriverBusinessCourierController@markPickup');\r\n
    Route::post('business-jobs/{jobId}/delivery', 'Api\UrbanGoodzDriverBusinessCourierController@markDelivery');\r\n
    Route::post('business-jobs/{jobId}/proof-pickup', 'Api\UrbanGoodzDriverBusinessCourierController@submitPickupProof');\r\n
    Route::post('business-jobs/{jobId}/proof-delivery', 'Api\UrbanGoodzDriverBusinessCourierController@submitDeliveryProof');\r\n
    Route::post('business-jobs/{jobId}/exception', 'Api\UrbanGoodzDriverBusinessCourierController@reportException');\r\n
\r\n
    // Driver load board browsing and bidding\r\n
    Route::get('load-board', 'Api\UrbanGoodzDriverApiController@loadBoardAvailable');\r\n
    Route::get('load-board/{loadId}', 'Api\UrbanGoodzDriverApiController@loadBoardDetail');\r\n
    Route::post('load-board/{loadId}/bid', 'Api\UrbanGoodzDriverApiController@loadBoardPlaceBid');\r\n
    Route::get('my-bids', 'Api\UrbanGoodzDriverApiController@loadBoardMyBids');\r\n
    Route::post('my-bids/{bidId}/withdraw', 'Api\UrbanGoodzDriverApiController@loadBoardWithdrawBid');\r\n
\r\n
    // Active jobs overview\r\n
    Route::get('active-jobs', 'Api\UrbanGoodzDriverApiController@activeJobs');\r\n
\r\n
    // Load sourcing — AI recommendations\r\n
    Route::get('load-sourcing/recommendations', 'Api\UrbanGoodzDriverApiController@loadSourcingRecommendations');\r\n
    Route::get('load-sourcing/recommendations/{recommendationId}', 'Api\UrbanGoodzDriverApiController@loadSourcingDetail');\r\n
    Route::post('load-sourcing/recommendations/{recommendationId}/save', 'Api\UrbanGoodzDriverApiController@loadSourcingSave');\r\n
    Route::post('load-sourcing/recommendations/{recommendationId}/hide', 'Api\UrbanGoodzDriverApiController@loadSourcingHide');\r\n
    Route::post('load-sourcing/recommendations/{recommendationId}/interest', 'Api\UrbanGoodzDriverApiController@loadSourcingExpressInterest');\r\n
    Route::post('load-sourcing/recommendations/{recommendationId}/handoff', 'Api\UrbanGoodzDriverApiController@loadSourcingHandoff');\r\n
    Route::post('load-sourcing/confirm-booking/{referralId}', 'Api\UrbanGoodzDriverApiController@loadSourcingConfirmBooking');\r\n
    Route::put('load-sourcing/preferences', 'Api\UrbanGoodzDriverApiController@loadSourcingUpdatePreferences');\r\n
    Route::get('load-sourcing/available-external', 'Api\UrbanGoodzDriverApiController@loadSourcingAvailableExternal');\r\n
    Route::post('load-sourcing/share-external', 'Api\UrbanGoodzDriverApiController@loadSourcingShareExternal');\r\n
\r\n
    // Driver Order Anywhere purchase card\r\n
    Route::get('order-anywhere/{requestId}/purchase-card', 'Api\V1\UrbanGoodzDriverPurchaseCardController@getCard');\r\n
    Route::post('order-anywhere/{requestId}/purchase-card/authorize', 'Api\V1\UrbanGoodzDriverPurchaseCardController@authorizePurchase');\r\n
    Route::post('order-anywhere/{requestId}/purchase-card/complete', 'Api\V1\UrbanGoodzDriverPurchaseCardController@completePurchase');\r\n
\r\n
    // Driver active jobs (unified across all sources)\r\n
    Route::get('active-jobs', 'Api\UrbanGoodzDriverActiveJobsController@index');\r\n
    Route::get('active-jobs/{jobId}', 'Api\UrbanGoodzDriverActiveJobsController@detail');\r\n
    Route::post('active-jobs/{jobId}/start', 'Api\UrbanGoodzDriverActiveJobsController@startJob');\r\n
    Route::post('active-jobs/{jobId}/complete', 'Api\UrbanGoodzDriverActiveJobsController@completeJob');\r\n
    Route::post('active-jobs/{jobId}/cancel', 'Api\UrbanGoodzDriverActiveJobsController@cancelJob');\r\n
    Route::post('active-jobs/{jobId}/status', 'Api\UrbanGoodzDriverActiveJobsController@updateStatus');\r\n
\r\n
    // Driver load board\r\n
    Route::get('load-board', 'Api\UrbanGoodzDriverActiveJobsController@loadBoardAvailable');\r\n
    Route::post('load-board/{loadId}/bid', 'Api\UrbanGoodzDriverActiveJobsController@loadBoardBid');\r\n
    Route::post('load-board/{loadId}/accept', 'Api\UrbanGoodzDriverActiveJobsController@acceptJob');\r\n
\r\n
    // Driver opportunities\r\n
    Route::get('opportunities', 'Api\UrbanGoodzDriverActiveJobsController@opportunities');\r\n
    Route::post('opportunities/{opportunityId}/claim', 'Api\UrbanGoodzDriverActiveJobsController@claimOpportunity');\r\n
\r\n
    // Driver vehicles and certifications\r\n
    Route::get('vehicles', 'Api\UrbanGoodzDriverActiveJobsController@vehicles');\r\n
    Route::get('certifications', 'Api\UrbanGoodzDriverActiveJobsController@certifications');\r\n
    Route::post('certifications/{certId}/upload', 'Api\UrbanGoodzDriverActiveJobsController@uploadCertDocument');\r\n
Route::post('certifications/{certId}/renew', 'Api\UrbanGoodzDriverActiveJobsController@renewCertification');\r\n
\r\n
    // Driver AI dispatches (AiDispatch lifecycle)\r\n
    Route::get('ai-dispatches', 'Api\UrbanGoodzDriverDispatchController@index');\r\n
    Route::get('ai-dispatches/{dispatch}', 'Api\UrbanGoodzDriverDispatchController@show');\r\n
    Route::post('ai-dispatches/{dispatch}/accept', 'Api\UrbanGoodzDriverDispatchController@accept');\r\n
    Route::post('ai-dispatches/{dispatch}/decline', 'Api\UrbanGoodzDriverDispatchController@decline');\r\n
    Route::get('ai-dispatches/{dispatch}/route-guidance', 'Api\UrbanGoodzDriverDispatchController@routeGuidance');\r\n
    Route::post('ai-dispatches/{dispatch}/exceptions', 'Api\UrbanGoodzDriverDispatchController@reportException');\r\n
    Route::post('ai-dispatches/{dispatch}/deliver', 'Api\UrbanGoodzDriverDispatchController@markDelivered');\r\n
    Route::get('ai-performance-summary', 'Api\UrbanGoodzDriverDispatchController@performanceSummary');\r\n
    });\r\n
\r\n
    // Driver AI\r\n
    Route::group(['prefix' =&gt; 'ai', 'middleware' =&gt; 'dm.api'], function () {\r\n
        Route::get('route-optimization', 'Api\V1\UrbanGoodz\UrbanGoodzDriverAIController@optimizeRoute');\r\n
        Route::get('earnings-comparison', 'Api\V1\UrbanGoodz\UrbanGoodzDriverAIController@earningsComparison');\r\n
        Route::get('load-recommendations', 'Api\V1\UrbanGoodz\UrbanGoodzDriverAIController@loadRecommendations');\r\n
        Route::post('verify-pickup', 'Api\V1\UrbanGoodz\UrbanGoodzDriverAIController@verifyPickup');\r\n
        Route::post('verify-delivery', 'Api\V1\UrbanGoodz\UrbanGoodzDriverAIController@verifyDelivery');\r\n
        Route::post('exception', 'Api\V1\UrbanGoodz\UrbanGoodzDriverAIController@handleException');\r\n
        Route::get('warnings', 'Api\V1\UrbanGoodz\UrbanGoodzDriverAIController@getWarnings');\r\n
        Route::get('earnings-per-hour', 'Api\V1\UrbanGoodz\UrbanGoodzDriverAIController@earningsPerHour');\r\n
    });\r\n
\r\n
    // Dispatcher AI\r\n
    Route::group(['prefix' =&gt; 'urban-goodz/dispatcher/ai', 'middleware' =&gt; ['auth:admin', 'throttle:60,1']], function () {\r\n
        Route::post('load-ranking', 'Api\V1\Dispatcher\DispatcherAIController@rankLoads');\r\n
        Route::post('driver-match', 'Api\V1\Dispatcher\DispatcherAIController@matchDriver');\r\n
        Route::post('rate-estimate', 'Api\V1\Dispatcher\DispatcherAIController@estimateRate');\r\n
        Route::post('duplicate-check', 'Api\V1\Dispatcher\DispatcherAIController@checkDuplicates');\r\n
        Route::get('ops-summary', 'Api\V1\Dispatcher\DispatcherAIController@opsSummary');\r\n
        Route::post('parse-load', 'Api\V1\Dispatcher\DispatcherAIController@parseLoad');\r\n
        Route::post('parse-email', 'Api\V1\Dispatcher\DispatcherAIController@parseEmail');\r\n
        Route::post('parse-batch', 'Api\V1\Dispatcher\DispatcherAIController@parseBatch');\r\n
        Route::get('source-status', 'Api\V1\Dispatcher\DispatcherAIController@sourceStatus');\r\n
        Route::post('sync-source', 'Api\V1\Dispatcher\DispatcherAIController@syncSource');\r\n
    });\r\n
\r\n
    // Rental AI\r\n
    Route::group(['prefix' =&gt; 'urban-goodz/rentals/ai', 'middleware' =&gt; ['auth:api', 'throttle:60,1']], function () {\r\n
        Route::post('search', 'Api\V1\UrbanGoodz\RentalAIController@searchAssets');\r\n
        Route::post('match', 'Api\V1\UrbanGoodz\RentalAIController@matchAssets');\r\n
        Route::post('availability', 'Api\V1\UrbanGoodz\RentalAIController@checkAvailability');\r\n
        Route::post('quote', 'Api\V1\UrbanGoodz\RentalAIController@getQuote');\r\n
        Route::post('extension', 'Api\V1\UrbanGoodz\RentalAIController@extendRental');\r\n
        Route::post('late-return', 'Api\V1\UrbanGoodz\RentalAIController@handleLateReturn');\r\n
        Route::post('damage-report', 'Api\V1\UrbanGoodz\RentalAIController@reportDamage');\r\n
        Route::post('return-inspection', 'Api\V1\UrbanGoodz\RentalAIController@inspectReturn');\r\n
    });\r\n
\r\n
    // Support AI\r\n
    Route::group(['prefix' =&gt; 'urban-goodz/support/ai', 'middleware' =&gt; ['auth:api', 'throttle:60,1']], function () {\r\n
        Route::post('classify', 'Api\V1\UrbanGoodz\SupportAIController@classifyIssue');\r\n
        Route::post('auto-resolve', 'Api\V1\UrbanGoodz\SupportAIController@autoResolve');\r\n
        Route::post('escalate', 'Api\V1\UrbanGoodz\SupportAIController@escalateToHuman');\r\n
        Route::get('knowledge-base', 'Api\V1\UrbanGoodz\SupportAIController@searchKnowledgeBase');\r\n
        Route::post('feedback', 'Api\V1\UrbanGoodz\SupportAIController@submitFeedback');\r\n
    });\r\n
\r\n
    // Fraud Detection AI\r\n
    Route::group(['prefix' =&gt; 'urban-goodz/fraud/ai', 'middleware' =&gt; ['auth:admin', 'throttle:60,1']], function () {\r\n
        Route::post('scan-transaction', 'Api\V1\UrbanGoodz\FraudDetectionController@scanTransaction');\r\n
        Route::post('scan-account', 'Api\V1\UrbanGoodz\FraudDetectionController@scanAccount');\r\n
        Route::get('flags', 'Api\V1\UrbanGoodz\FraudDetectionController@getFlags');\r\n
        Route::post('review', 'Api\V1\UrbanGoodz\FraudDetectionController@reviewFlag');\r\n
        Route::get('risk-score/{entity_type}/{entity_id}', 'Api\V1\UrbanGoodz\FraudDetectionController@getRiskScore');\r\n
        Route::get('dashboard', 'Api\V1\UrbanGoodz\FraudDetectionController@getDashboard');\r\n
    });\r\n
\r\n
    // ETA Prediction AI\r\n
    Route::group(['prefix' =&gt; 'urban-goodz/eta/ai', 'middleware' =&gt; ['auth:api', 'throttle:60,1']], function () {\r\n
        Route::post('predict', 'Api\V1\UrbanGoodz\ETAPredictionController@predictETA');\r\n
        Route::post('batch-predict', 'Api\V1\UrbanGoodz\ETAPredictionController@batchPredict');\r\n
        Route::get('driver/{driver_id}', 'Api\V1\UrbanGoodz\ETAPredictionController@getDriverETA');\r\n
        Route::get('order/{order_id}', 'Api\V1\UrbanGoodz\ETAPredictionController@getOrderETA');\r\n
    });\r\n
\r\n
    // Dynamic Pricing AI\r\n
    Route::group(['prefix' =&gt; 'urban-goodz/pricing/ai', 'middleware' =&gt; ['vendor.api', 'actch:vendor_app', 'throttle:60,1']], function () {\r\n
        Route::post('recommend', 'Api\V1\UrbanGoodz\DynamicPricingController@recommendPrices');\r\n
        Route::post('simulate', 'Api\V1\UrbanGoodz\DynamicPricingController@simulatePriceChange');\r\n
        Route::get('history', 'Api\V1\UrbanGoodz\DynamicPricingController@getPriceHistory');\r\n
        Route::post('rollback', 'Api\V1\UrbanGoodz\DynamicPricingController@rollbackPrice');\r\n
});\r\n
\r\n
    // Cross-App AI (unified endpoints for all apps)\r\n
    Route::group(['prefix' =&gt; 'urban-goodz/cross-app/ai', 'middleware' =&gt; ['auth:api', 'throttle:120,1']], function () {\r\n
        // Customer\r\n
        Route::post('customer/query', 'Api\V1\UrbanGoodz\CrossAppAIController@customerQuery');\r\n
        Route::get('customer/history', 'Api\V1\UrbanGoodz\CrossAppAIController@customerHistory');\r\n
        Route::post('customer/fashion-fit/measurements', 'Api\V1\UrbanGoodz\CrossAppAIController@fashionFitMeasurements');\r\n
        Route::post('customer/order-anywhere', 'Api\V1\UrbanGoodz\CrossAppAIController@orderAnywhere');\r\n
        Route::post('customer/smart-reorder', 'Api\V1\UrbanGoodz\CrossAppAIController@smartReorder');\r\n
        Route::post('customer/delivery-eta', 'Api\V1\UrbanGoodz\CrossAppAIController@deliveryETA');\r\n
\r\n
        // Vendor\r\n
        Route::get('vendor/daily-brief', 'Api\V1\UrbanGoodz\CrossAppAIController@vendorDailyBrief');\r\n
        Route::post('vendor/order-summary', 'Api\V1\UrbanGoodz\CrossAppAIController@vendorOrderSummary');\r\n
        Route::get('vendor/alerts', 'Api\V1\UrbanGoodz\CrossAppAIController@vendorAlerts');\r\n
        Route::get('vendor/performance', 'Api\V1\UrbanGoodz\CrossAppAIController@vendorPerformance');\r\n
        Route::get('vendor/pricing', 'Api\V1\UrbanGoodz\CrossAppAIController@vendorPricing');\r\n
        Route::get('vendor/promotions', 'Api\V1\UrbanGoodz\CrossAppAIController@vendorPromotions');\r\n
        Route::post('vendor/prep-time', 'Api\V1\UrbanGoodz\CrossAppAIController@vendorPrepTime');\r\n
\r\n
        // Driver\r\n
        Route::get('driver/daily-summary', 'Api\V1\UrbanGoodz\CrossAppAIController@driverDailySummary');\r\n
        Route::post('driver/route-optimization', 'Api\V1\UrbanGoodz\CrossAppAIController@driverRouteOptimization');\r\n
        Route::post('driver/verify-package', 'Api\V1\UrbanGoodz\CrossAppAIController@driverVerifyPackage');\r\n
        Route::post('driver/verify-delivery', 'Api\V1\UrbanGoodz\CrossAppAIController@driverVerifyDelivery');\r\n
\r\n
        // Business\r\n
        Route::post('business/manifest/import', 'Api\V1\UrbanGoodz\CrossAppAIController@importManifest');\r\n
        Route::post('business/packages/group', 'Api\V1\UrbanGoodz\CrossAppAIController@groupPackages');\r\n
        Route::post('business/route/create', 'Api\V1\UrbanGoodz\CrossAppAIController@createRoute');\r\n
        Route::post('business/route/optimize', 'Api\V1\UrbanGoodz\CrossAppAIController@optimizeRoute');\r\n
        Route::post('business/driver/match', 'Api\V1\UrbanGoodz\CrossAppAIController@matchDriver');\r\n
        Route::post('business/route/predict', 'Api\V1\UrbanGoodz\CrossAppAIController@predictRouteCompletion');\r\n
        Route::post('business/route/risk', 'Api\V1\UrbanGoodz\CrossAppAIController@assessRouteRisk');\r\n
        Route::get('business/performance', 'Api\V1\UrbanGoodz\CrossAppAIController@routePerformance');\r\n
        Route::get('business/cost-anomaly', 'Api\V1\UrbanGoodz\CrossAppAIController@costAnomalyAlert');\r\n
        Route::post('business/invoice-support', 'Api\V1\UrbanGoodz\CrossAppAIController@generateInvoiceSupport');\r\n
        Route::post('business/delivery-proof', 'Api\V1\UrbanGoodz\CrossAppAIController@compileDeliveryProof');\r\n
\r\n
        // Dispatcher\r\n
        Route::post('dispatcher/load-ranking', 'Api\V1\UrbanGoodz\CrossAppAIController@rankLoads');\r\n
        Route::post('dispatcher/driver-match', 'Api\V1\UrbanGoodz\CrossAppAIController@matchDriver');\r\n
        Route::post('dispatcher/rate-estimate', 'Api\V1\UrbanGoodz\CrossAppAIController@estimateRate');\r\n
        Route::post('dispatcher/duplicate-check', 'Api\V1\UrbanGoodz\CrossAppAIController@checkDuplicates');\r\n
        Route::get('dispatcher/ops-summary', 'Api\V1\UrbanGoodz\CrossAppAIController@opsSummary');\r\n
        Route::post('dispatcher/parse-load', 'Api\V1\UrbanGoodz\CrossAppAIController@parseLoad');\r\n
        Route::post('dispatcher/parse-email', 'Api\V1\UrbanGoodz\CrossAppAIController@parseEmail');\r\n
        Route::post('dispatcher/parse-batch', 'Api\V1\UrbanGoodz\CrossAppAIController@parseBatch');\r\n
        Route::get('dispatcher/source-status', 'Api\V1\UrbanGoodz\CrossAppAIController@sourceStatus');\r\n
        Route::post('dispatcher/sync-source', 'Api\V1\UrbanGoodz\CrossAppAIController@syncSource');\r\n
    });\r\n
' [UTF-8](length: 29931) does not contain "CreatorCommerceTesterController" [ASCII](length: 31).
&#13;
[repo]\tests\Unit\CreatorCommerceContractTest.php:35</failure>
        </testcase>
      </testsuite>
      <testsuite name="Tests\Unit\DynamicPricingServiceTest" file="[repo]\tests\Unit\DynamicPricingServiceTest.php" tests="7" assertions="40" errors="0" failures="0" skipped="0" time="2.837325">
        <testcase name="test_calculate_dynamic_price_uses_ai_when_available" file="[repo]\tests\Unit\DynamicPricingServiceTest.php" line="26" class="Tests\Unit\DynamicPricingServiceTest" classname="Tests.Unit.DynamicPricingServiceTest" assertions="7" time="1.326793"/>
        <testcase name="test_calculate_dynamic_price_clamps_multiplier_to_bounds" file="[repo]\tests\Unit\DynamicPricingServiceTest.php" line="60" class="Tests\Unit\DynamicPricingServiceTest" classname="Tests.Unit.DynamicPricingServiceTest" assertions="3" time="0.153239"/>
        <testcase name="test_calculate_dynamic_price_fallback_when_ai_fails" file="[repo]\tests\Unit\DynamicPricingServiceTest.php" line="85" class="Tests\Unit\DynamicPricingServiceTest" classname="Tests.Unit.DynamicPricingServiceTest" assertions="5" time="0.166273"/>
        <testcase name="test_calculate_dynamic_price_fallback_when_ai_returns_invalid_json" file="[repo]\tests\Unit\DynamicPricingServiceTest.php" line="104" class="Tests\Unit\DynamicPricingServiceTest" classname="Tests.Unit.DynamicPricingServiceTest" assertions="4" time="0.206849"/>
        <testcase name="test_fallback_pricing_by_demand_level" file="[repo]\tests\Unit\DynamicPricingServiceTest.php" line="122" class="Tests\Unit\DynamicPricingServiceTest" classname="Tests.Unit.DynamicPricingServiceTest" assertions="8" time="0.333068"/>
        <testcase name="test_simulate_price_change_uses_ai_when_available" file="[repo]\tests\Unit\DynamicPricingServiceTest.php" line="147" class="Tests\Unit\DynamicPricingServiceTest" classname="Tests.Unit.DynamicPricingServiceTest" assertions="6" time="0.310179"/>
        <testcase name="test_simulate_price_change_fallback_when_ai_fails" file="[repo]\tests\Unit\DynamicPricingServiceTest.php" line="177" class="Tests\Unit\DynamicPricingServiceTest" classname="Tests.Unit.DynamicPricingServiceTest" assertions="7" time="0.340925"/>
      </testsuite>
      <testsuite name="Tests\Unit\ExampleTest" file="[repo]\tests\Unit\ExampleTest.php" tests="1" assertions="1" errors="0" failures="0" skipped="0" time="0.005164">
        <testcase name="test_example" file="[repo]\tests\Unit\ExampleTest.php" line="14" class="Tests\Unit\ExampleTest" classname="Tests.Unit.ExampleTest" assertions="1" time="0.005164"/>
      </testsuite>
      <testsuite name="Tests\Unit\FashionFitAiContractTest" file="[repo]\tests\Unit\FashionFitAiContractTest.php" tests="7" assertions="18" errors="0" failures="0" skipped="0" time="2.302615">
        <testcase name="test_completed_provider_fixture_passes_structured_validation" file="[repo]\tests\Unit\FashionFitAiContractTest.php" line="11" class="Tests\Unit\FashionFitAiContractTest" classname="Tests.Unit.FashionFitAiContractTest" assertions="4" time="0.372955"/>
        <testcase name="test_invalid_or_fabricated_measurements_are_rejected" file="[repo]\tests\Unit\FashionFitAiContractTest.php" line="22" class="Tests\Unit\FashionFitAiContractTest" classname="Tests.Unit.FashionFitAiContractTest" assertions="1" time="0.391732"/>
        <testcase name="test_retake_response_requires_view_specific_instructions" file="[repo]\tests\Unit\FashionFitAiContractTest.php" line="38" class="Tests\Unit\FashionFitAiContractTest" classname="Tests.Unit.FashionFitAiContractTest" assertions="2" time="0.273700"/>
        <testcase name="test_customer_provider_and_admin_routes_are_authenticated" file="[repo]\tests\Unit\FashionFitAiContractTest.php" line="50" class="Tests\Unit\FashionFitAiContractTest" classname="Tests.Unit.FashionFitAiContractTest" assertions="3" time="0.225335"/>
        <testcase name="test_photo_storage_and_provider_access_fail_closed" file="[repo]\tests\Unit\FashionFitAiContractTest.php" line="59" class="Tests\Unit\FashionFitAiContractTest" classname="Tests.Unit.FashionFitAiContractTest" assertions="4" time="0.247550"/>
        <testcase name="test_queued_analysis_rechecks_consent_and_required_views" file="[repo]\tests\Unit\FashionFitAiContractTest.php" line="70" class="Tests\Unit\FashionFitAiContractTest" classname="Tests.Unit.FashionFitAiContractTest" assertions="2" time="0.336821"/>
        <testcase name="test_staged_payment_and_legacy_upload_fail_closed" file="[repo]\tests\Unit\FashionFitAiContractTest.php" line="78" class="Tests\Unit\FashionFitAiContractTest" classname="Tests.Unit.FashionFitAiContractTest" assertions="2" time="0.454522"/>
      </testsuite>
      <testsuite name="Tests\Unit\FraudDetectionServiceTest" file="[repo]\tests\Unit\FraudDetectionServiceTest.php" tests="8" assertions="53" errors="0" failures="0" skipped="0" time="2.073110">
        <testcase name="test_analyze_transaction_uses_ai_when_available" file="[repo]\tests\Unit\FraudDetectionServiceTest.php" line="26" class="Tests\Unit\FraudDetectionServiceTest" classname="Tests.Unit.FraudDetectionServiceTest" assertions="7" time="0.256411"/>
        <testcase name="test_analyze_transaction_fallback_when_ai_fails" file="[repo]\tests\Unit\FraudDetectionServiceTest.php" line="59" class="Tests\Unit\FraudDetectionServiceTest" classname="Tests.Unit.FraudDetectionServiceTest" assertions="8" time="0.452301"/>
        <testcase name="test_analyze_transaction_fallback_below_threshold" file="[repo]\tests\Unit\FraudDetectionServiceTest.php" line="80" class="Tests\Unit\FraudDetectionServiceTest" classname="Tests.Unit.FraudDetectionServiceTest" assertions="6" time="0.243150"/>
        <testcase name="test_analyze_account_uses_ai_when_available" file="[repo]\tests\Unit\FraudDetectionServiceTest.php" line="99" class="Tests\Unit\FraudDetectionServiceTest" classname="Tests.Unit.FraudDetectionServiceTest" assertions="8" time="0.200534"/>
        <testcase name="test_analyze_account_fallback_when_ai_fails" file="[repo]\tests\Unit\FraudDetectionServiceTest.php" line="134" class="Tests\Unit\FraudDetectionServiceTest" classname="Tests.Unit.FraudDetectionServiceTest" assertions="8" time="0.202002"/>
        <testcase name="test_analyze_receipt_uses_ai_when_available" file="[repo]\tests\Unit\FraudDetectionServiceTest.php" line="155" class="Tests\Unit\FraudDetectionServiceTest" classname="Tests.Unit.FraudDetectionServiceTest" assertions="5" time="0.205081"/>
        <testcase name="test_analyze_receipt_fallback_when_ai_fails" file="[repo]\tests\Unit\FraudDetectionServiceTest.php" line="182" class="Tests\Unit\FraudDetectionServiceTest" classname="Tests.Unit.FraudDetectionServiceTest" assertions="6" time="0.261161"/>
        <testcase name="test_classify_risk_levels" file="[repo]\tests\Unit\FraudDetectionServiceTest.php" line="202" class="Tests\Unit\FraudDetectionServiceTest" classname="Tests.Unit.FraudDetectionServiceTest" assertions="5" time="0.252470"/>
      </testsuite>
      <testsuite name="Tests\Unit\MailRuntimeConfigurationTest" file="[repo]\tests\Unit\MailRuntimeConfigurationTest.php" tests="4" assertions="14" errors="0" failures="0" skipped="0" time="0.842309">
        <testcase name="test_it_encrypts_and_decrypts_smtp_passwords" file="[repo]\tests\Unit\MailRuntimeConfigurationTest.php" line="11" class="Tests\Unit\MailRuntimeConfigurationTest" classname="Tests.Unit.MailRuntimeConfigurationTest" assertions="3" time="0.231694"/>
        <testcase name="test_it_maps_saved_admin_values_into_runtime_configuration" file="[repo]\tests\Unit\MailRuntimeConfigurationTest.php" line="21" class="Tests\Unit\MailRuntimeConfigurationTest" classname="Tests.Unit.MailRuntimeConfigurationTest" assertions="6" time="0.212284"/>
        <testcase name="test_it_classifies_authentication_errors_without_returning_the_secret" file="[repo]\tests\Unit\MailRuntimeConfigurationTest.php" line="47" class="Tests\Unit\MailRuntimeConfigurationTest" classname="Tests.Unit.MailRuntimeConfigurationTest" assertions="2" time="0.193231"/>
        <testcase name="test_redacted_diagnostics_never_return_the_password" file="[repo]\tests\Unit\MailRuntimeConfigurationTest.php" line="56" class="Tests\Unit\MailRuntimeConfigurationTest" classname="Tests.Unit.MailRuntimeConfigurationTest" assertions="3" time="0.205101"/>
      </testsuite>
      <testsuite name="Tests\Unit\NotificationAIServiceTest" file="[repo]\tests\Unit\NotificationAIServiceTest.php" tests="6" assertions="23" errors="0" failures="0" skipped="0" time="1.244980">
        <testcase name="test_generate_smart_notification_uses_ai_when_available" file="[repo]\tests\Unit\NotificationAIServiceTest.php" line="26" class="Tests\Unit\NotificationAIServiceTest" classname="Tests.Unit.NotificationAIServiceTest" assertions="6" time="0.192728"/>
        <testcase name="test_generate_smart_notification_fallback_when_ai_fails" file="[repo]\tests\Unit\NotificationAIServiceTest.php" line="58" class="Tests\Unit\NotificationAIServiceTest" classname="Tests.Unit.NotificationAIServiceTest" assertions="3" time="0.208887"/>
        <testcase name="test_generate_digest_uses_ai_when_available" file="[repo]\tests\Unit\NotificationAIServiceTest.php" line="77" class="Tests\Unit\NotificationAIServiceTest" classname="Tests.Unit.NotificationAIServiceTest" assertions="4" time="0.185839"/>
        <testcase name="test_generate_digest_fallback_when_ai_fails" file="[repo]\tests\Unit\NotificationAIServiceTest.php" line="106" class="Tests\Unit\NotificationAIServiceTest" classname="Tests.Unit.NotificationAIServiceTest" assertions="3" time="0.219032"/>
        <testcase name="test_prioritize_notifications_uses_ai_when_available" file="[repo]\tests\Unit\NotificationAIServiceTest.php" line="122" class="Tests\Unit\NotificationAIServiceTest" classname="Tests.Unit.NotificationAIServiceTest" assertions="4" time="0.218011"/>
        <testcase name="test_prioritize_notifications_fallback_when_ai_fails" file="[repo]\tests\Unit\NotificationAIServiceTest.php" line="145" class="Tests\Unit\NotificationAIServiceTest" classname="Tests.Unit.NotificationAIServiceTest" assertions="3" time="0.220483"/>
      </testsuite>
      <testsuite name="Tests\Unit\ServiceBookingContractTest" file="[repo]\tests\Unit\ServiceBookingContractTest.php" tests="8" assertions="19" errors="0" failures="0" skipped="0" time="1.811485">
        <testcase name="test_stripe_gateway_uses_sandbox_key_and_validates_response" file="[repo]\tests\Unit\ServiceBookingContractTest.php" line="14" class="Tests\Unit\ServiceBookingContractTest" classname="Tests.Unit.ServiceBookingContractTest" assertions="2" time="0.278727"/>
        <testcase name="test_stripe_gateway_uses_live_key_when_sandbox_false" file="[repo]\tests\Unit\ServiceBookingContractTest.php" line="34" class="Tests\Unit\ServiceBookingContractTest" classname="Tests.Unit.ServiceBookingContractTest" assertions="2" time="0.228352"/>
        <testcase name="test_stripe_gateway_fails_closed_on_missing_key" file="[repo]\tests\Unit\ServiceBookingContractTest.php" line="54" class="Tests\Unit\ServiceBookingContractTest" classname="Tests.Unit.ServiceBookingContractTest" assertions="2" time="0.232555"/>
        <testcase name="test_stripe_gateway_fails_closed_on_rejection" file="[repo]\tests\Unit\ServiceBookingContractTest.php" line="72" class="Tests\Unit\ServiceBookingContractTest" classname="Tests.Unit.ServiceBookingContractTest" assertions="2" time="0.202711"/>
        <testcase name="test_sandbox_gateway_uses_server_configuration_and_validates_response" file="[repo]\tests\Unit\ServiceBookingContractTest.php" line="93" class="Tests\Unit\ServiceBookingContractTest" classname="Tests.Unit.ServiceBookingContractTest" assertions="2" time="0.215957"/>
        <testcase name="test_sandbox_gateway_fails_closed_on_provider_rejection" file="[repo]\tests\Unit\ServiceBookingContractTest.php" line="103" class="Tests\Unit\ServiceBookingContractTest" classname="Tests.Unit.ServiceBookingContractTest" assertions="1" time="0.253549"/>
        <testcase name="test_ownership_status_money_and_notifications_are_server_enforced" file="[repo]\tests\Unit\ServiceBookingContractTest.php" line="111" class="Tests\Unit\ServiceBookingContractTest" classname="Tests.Unit.ServiceBookingContractTest" assertions="7" time="0.214273"/>
        <testcase name="test_all_required_categories_are_configured" file="[repo]\tests\Unit\ServiceBookingContractTest.php" line="125" class="Tests\Unit\ServiceBookingContractTest" classname="Tests.Unit.ServiceBookingContractTest" assertions="1" time="0.185361"/>
      </testsuite>
      <testsuite name="Tests\Unit\SmtpSecuritySourceTest" file="[repo]\tests\Unit\SmtpSecuritySourceTest.php" tests="2" assertions="7" errors="0" failures="0" skipped="0" time="0.005718">
        <testcase name="test_test_email_is_authorized_post_and_rate_limited" file="[repo]\tests\Unit\SmtpSecuritySourceTest.php" line="9" class="Tests\Unit\SmtpSecuritySourceTest" classname="Tests.Unit.SmtpSecuritySourceTest" assertions="3" time="0.000469"/>
        <testcase name="test_password_is_not_rendered_or_logged_in_plaintext" file="[repo]\tests\Unit\SmtpSecuritySourceTest.php" line="18" class="Tests\Unit\SmtpSecuritySourceTest" classname="Tests.Unit.SmtpSecuritySourceTest" assertions="4" time="0.005249"/>
      </testsuite>
      <testsuite name="Tests\Unit\UrbanGoodzDriverPricingServiceTest" file="[repo]\tests\Unit\UrbanGoodzDriverPricingServiceTest.php" tests="5" assertions="13" errors="0" failures="0" skipped="0" time="1.131667">
        <testcase name="test_calculate_payout_uses_fallback_when_policy_not_found" file="[repo]\tests\Unit\UrbanGoodzDriverPricingServiceTest.php" line="49" class="Tests\Unit\UrbanGoodzDriverPricingServiceTest" classname="Tests.Unit.UrbanGoodzDriverPricingServiceTest" assertions="3" time="0.236126"/>
        <testcase name="test_calculate_payout_applies_operational_rates_and_limits" file="[repo]\tests\Unit\UrbanGoodzDriverPricingServiceTest.php" line="67" class="Tests\Unit\UrbanGoodzDriverPricingServiceTest" classname="Tests.Unit.UrbanGoodzDriverPricingServiceTest" assertions="3" time="0.237263"/>
        <testcase name="test_calculate_payout_supports_numeric_string_inputs" file="[repo]\tests\Unit\UrbanGoodzDriverPricingServiceTest.php" line="108" class="Tests\Unit\UrbanGoodzDriverPricingServiceTest" classname="Tests.Unit.UrbanGoodzDriverPricingServiceTest" assertions="1" time="0.227670"/>
        <testcase name="test_calculate_payout_uses_dynamic_pricing_service_for_dynamic_mode" file="[repo]\tests\Unit\UrbanGoodzDriverPricingServiceTest.php" line="129" class="Tests\Unit\UrbanGoodzDriverPricingServiceTest" classname="Tests.Unit.UrbanGoodzDriverPricingServiceTest" assertions="4" time="0.243309"/>
        <testcase name="test_calculate_payout_enforces_minimum_margin" file="[repo]\tests\Unit\UrbanGoodzDriverPricingServiceTest.php" line="161" class="Tests\Unit\UrbanGoodzDriverPricingServiceTest" classname="Tests.Unit.UrbanGoodzDriverPricingServiceTest" assertions="2" time="0.187300"/>
      </testsuite>
      <testsuite name="Tests\Unit\VendorApiSecuritySourceTest" file="[repo]\tests\Unit\VendorApiSecuritySourceTest.php" tests="4" assertions="9" errors="0" failures="0" skipped="0" time="0.008655">
        <testcase name="test_vendor_routes_require_vendor_middleware_and_expose_logout" file="[repo]\tests\Unit\VendorApiSecuritySourceTest.php" line="9" class="Tests\Unit\VendorApiSecuritySourceTest" classname="Tests.Unit.VendorApiSecuritySourceTest" assertions="2" time="0.000600"/>
        <testcase name="test_order_status_updates_enforce_ownership_and_transition_rules" file="[repo]\tests\Unit\VendorApiSecuritySourceTest.php" line="17" class="Tests\Unit\VendorApiSecuritySourceTest" classname="Tests.Unit.VendorApiSecuritySourceTest" assertions="3" time="0.002138"/>
        <testcase name="test_inventory_updates_are_scoped_to_the_authenticated_store" file="[repo]\tests\Unit\VendorApiSecuritySourceTest.php" line="26" class="Tests\Unit\VendorApiSecuritySourceTest" classname="Tests.Unit.VendorApiSecuritySourceTest" assertions="1" time="0.003375"/>
        <testcase name="test_fashion_fit_queries_fail_closed_and_redact_unapproved_photos" file="[repo]\tests\Unit\VendorApiSecuritySourceTest.php" line="33" class="Tests\Unit\VendorApiSecuritySourceTest" classname="Tests.Unit.VendorApiSecuritySourceTest" assertions="3" time="0.002543"/>
      </testsuite>
    </testsuite>
    <testsuite name="Feature" tests="304" assertions="748" errors="112" failures="6" skipped="0" time="118.198679">
      <testsuite name="Tests\Feature\AdminLoginRecoveryRegressionTest" file="[repo]\tests\Feature\AdminLoginRecoveryRegressionTest.php" tests="5" assertions="31" errors="0" failures="0" skipped="0" time="1.518528">
        <testcase name="test_valid_admin_credentials_with_invalid_custom_captcha_are_rejected_cleanly" file="[repo]\tests\Feature\AdminLoginRecoveryRegressionTest.php" line="15" class="Tests\Feature\AdminLoginRecoveryRegressionTest" classname="Tests.Feature.AdminLoginRecoveryRegressionTest" assertions="6" time="0.532742"/>
        <testcase name="test_admin_hostname_root_redirects_to_the_registered_admin_login_route" file="[repo]\tests\Feature\AdminLoginRecoveryRegressionTest.php" line="72" class="Tests\Feature\AdminLoginRecoveryRegressionTest" classname="Tests.Feature.AdminLoginRecoveryRegressionTest" assertions="4" time="0.255061"/>
        <testcase name="test_dashboard_links_use_registered_route_names" file="[repo]\tests\Feature\AdminLoginRecoveryRegressionTest.php" line="81" class="Tests\Feature\AdminLoginRecoveryRegressionTest" classname="Tests.Feature.AdminLoginRecoveryRegressionTest" assertions="8" time="0.252367"/>
        <testcase name="test_admin_login_uses_the_approved_command_center_assets" file="[repo]\tests\Feature\AdminLoginRecoveryRegressionTest.php" line="95" class="Tests\Feature\AdminLoginRecoveryRegressionTest" classname="Tests.Feature.AdminLoginRecoveryRegressionTest" assertions="8" time="0.248027"/>
        <testcase name="test_business_login_uses_the_approved_operations_hub_assets" file="[repo]\tests\Feature\AdminLoginRecoveryRegressionTest.php" line="109" class="Tests\Feature\AdminLoginRecoveryRegressionTest" classname="Tests.Feature.AdminLoginRecoveryRegressionTest" assertions="5" time="0.230331"/>
      </testsuite>
      <testsuite name="Tests\Feature\ConfigControllerMapApiTest" file="[repo]\tests\Feature\ConfigControllerMapApiTest.php" tests="36" assertions="62" errors="0" failures="0" skipped="0" time="12.563766">
        <testcase name="test_place_autocomplete_validation_fails_without_search_text" file="[repo]\tests\Feature\ConfigControllerMapApiTest.php" line="25" class="Tests\Feature\ConfigControllerMapApiTest" classname="Tests.Feature.ConfigControllerMapApiTest" assertions="2" time="0.944383"/>
        <testcase name="test_distance_api_validation_fails_without_required_fields" file="[repo]\tests\Feature\ConfigControllerMapApiTest.php" line="33" class="Tests\Feature\ConfigControllerMapApiTest" classname="Tests.Feature.ConfigControllerMapApiTest" assertions="2" time="0.387513"/>
        <testcase name="test_distance_api_validation_fails_with_partial_fields" file="[repo]\tests\Feature\ConfigControllerMapApiTest.php" line="41" class="Tests\Feature\ConfigControllerMapApiTest" classname="Tests.Feature.ConfigControllerMapApiTest" assertions="2" time="0.330376"/>
        <testcase name="test_distance_api_validation_fails_with_invalid_mode" file="[repo]\tests\Feature\ConfigControllerMapApiTest.php" line="49" class="Tests\Feature\ConfigControllerMapApiTest" classname="Tests.Feature.ConfigControllerMapApiTest" assertions="1" time="0.351548"/>
        <testcase name="test_place_details_validation_fails_without_placeid" file="[repo]\tests\Feature\ConfigControllerMapApiTest.php" line="62" class="Tests\Feature\ConfigControllerMapApiTest" classname="Tests.Feature.ConfigControllerMapApiTest" assertions="2" time="0.363237"/>
        <testcase name="test_geocode_api_validation_fails_without_coordinates" file="[repo]\tests\Feature\ConfigControllerMapApiTest.php" line="70" class="Tests\Feature\ConfigControllerMapApiTest" classname="Tests.Feature.ConfigControllerMapApiTest" assertions="2" time="1.024212"/>
        <testcase name="test_geocode_api_validation_fails_with_partial_coordinates" file="[repo]\tests\Feature\ConfigControllerMapApiTest.php" line="78" class="Tests\Feature\ConfigControllerMapApiTest" classname="Tests.Feature.ConfigControllerMapApiTest" assertions="2" time="0.391384"/>
        <testcase name="test_direction_api_validation_fails_without_required_fields" file="[repo]\tests\Feature\ConfigControllerMapApiTest.php" line="86" class="Tests\Feature\ConfigControllerMapApiTest" classname="Tests.Feature.ConfigControllerMapApiTest" assertions="2" time="0.393743"/>
        <testcase name="test_place_autocomplete_returns_cached_data_on_cache_hit" file="[repo]\tests\Feature\ConfigControllerMapApiTest.php" line="96" class="Tests\Feature\ConfigControllerMapApiTest" classname="Tests.Feature.ConfigControllerMapApiTest" assertions="2" time="0.312597"/>
        <testcase name="test_distance_api_returns_cached_data_on_cache_hit" file="[repo]\tests\Feature\ConfigControllerMapApiTest.php" line="111" class="Tests\Feature\ConfigControllerMapApiTest" classname="Tests.Feature.ConfigControllerMapApiTest" assertions="2" time="0.319127"/>
        <testcase name="test_place_details_returns_cached_data_on_cache_hit" file="[repo]\tests\Feature\ConfigControllerMapApiTest.php" line="135" class="Tests\Feature\ConfigControllerMapApiTest" classname="Tests.Feature.ConfigControllerMapApiTest" assertions="2" time="0.370389"/>
        <testcase name="test_geocode_api_returns_cached_data_on_cache_hit" file="[repo]\tests\Feature\ConfigControllerMapApiTest.php" line="154" class="Tests\Feature\ConfigControllerMapApiTest" classname="Tests.Feature.ConfigControllerMapApiTest" assertions="2" time="0.384000"/>
        <testcase name="test_direction_api_returns_cached_data_on_cache_hit" file="[repo]\tests\Feature\ConfigControllerMapApiTest.php" line="172" class="Tests\Feature\ConfigControllerMapApiTest" classname="Tests.Feature.ConfigControllerMapApiTest" assertions="2" time="0.378641"/>
        <testcase name="test_distance_api_nearby_coordinates_use_same_cache_key" file="[repo]\tests\Feature\ConfigControllerMapApiTest.php" line="200" class="Tests\Feature\ConfigControllerMapApiTest" classname="Tests.Feature.ConfigControllerMapApiTest" assertions="1" time="0.316374"/>
        <testcase name="test_geocode_api_nearby_coordinates_use_same_cache_key" file="[repo]\tests\Feature\ConfigControllerMapApiTest.php" line="213" class="Tests\Feature\ConfigControllerMapApiTest" classname="Tests.Feature.ConfigControllerMapApiTest" assertions="1" time="0.299593"/>
        <testcase name="test_distance_api_different_modes_produce_different_cache_keys" file="[repo]\tests\Feature\ConfigControllerMapApiTest.php" line="226" class="Tests\Feature\ConfigControllerMapApiTest" classname="Tests.Feature.ConfigControllerMapApiTest" assertions="1" time="0.257860"/>
        <testcase name="test_place_autocomplete_different_locales_produce_different_cache_keys" file="[repo]\tests\Feature\ConfigControllerMapApiTest.php" line="236" class="Tests\Feature\ConfigControllerMapApiTest" classname="Tests.Feature.ConfigControllerMapApiTest" assertions="1" time="0.251586"/>
        <testcase name="test_geocode_api_does_not_cache_non_ok_status" file="[repo]\tests\Feature\ConfigControllerMapApiTest.php" line="248" class="Tests\Feature\ConfigControllerMapApiTest" classname="Tests.Feature.ConfigControllerMapApiTest" assertions="2" time="0.256623"/>
        <testcase name="test_geocode_api_does_not_cache_request_denied" file="[repo]\tests\Feature\ConfigControllerMapApiTest.php" line="267" class="Tests\Feature\ConfigControllerMapApiTest" classname="Tests.Feature.ConfigControllerMapApiTest" assertions="1" time="0.308826"/>
        <testcase name="test_geocode_api_caches_successful_ok_response" file="[repo]\tests\Feature\ConfigControllerMapApiTest.php" line="286" class="Tests\Feature\ConfigControllerMapApiTest" classname="Tests.Feature.ConfigControllerMapApiTest" assertions="2" time="0.269178"/>
        <testcase name="test_geocode_api_does_not_cache_http_failure" file="[repo]\tests\Feature\ConfigControllerMapApiTest.php" line="308" class="Tests\Feature\ConfigControllerMapApiTest" classname="Tests.Feature.ConfigControllerMapApiTest" assertions="1" time="0.268132"/>
        <testcase name="test_geocode_api_makes_api_call_on_cache_miss" file="[repo]\tests\Feature\ConfigControllerMapApiTest.php" line="325" class="Tests\Feature\ConfigControllerMapApiTest" classname="Tests.Feature.ConfigControllerMapApiTest" assertions="3" time="0.322752"/>
        <testcase name="test_geocode_api_does_not_call_api_on_cache_hit" file="[repo]\tests\Feature\ConfigControllerMapApiTest.php" line="347" class="Tests\Feature\ConfigControllerMapApiTest" classname="Tests.Feature.ConfigControllerMapApiTest" assertions="3" time="0.364542"/>
        <testcase name="test_distance_api_handles_null_decoded_response_safely" file="[repo]\tests\Feature\ConfigControllerMapApiTest.php" line="369" class="Tests\Feature\ConfigControllerMapApiTest" classname="Tests.Feature.ConfigControllerMapApiTest" assertions="3" time="0.354619"/>
        <testcase name="test_distance_api_handles_error_json_response_safely" file="[repo]\tests\Feature\ConfigControllerMapApiTest.php" line="399" class="Tests\Feature\ConfigControllerMapApiTest" classname="Tests.Feature.ConfigControllerMapApiTest" assertions="2" time="0.331364"/>
        <testcase name="test_distance_api_handles_valid_array_response" file="[repo]\tests\Feature\ConfigControllerMapApiTest.php" line="413" class="Tests\Feature\ConfigControllerMapApiTest" classname="Tests.Feature.ConfigControllerMapApiTest" assertions="3" time="0.200064"/>
        <testcase name="test_direction_api_returns_cached_data_and_ignores_mode_case" file="[repo]\tests\Feature\ConfigControllerMapApiTest.php" line="429" class="Tests\Feature\ConfigControllerMapApiTest" classname="Tests.Feature.ConfigControllerMapApiTest" assertions="2" time="0.287995"/>
        <testcase name="test_direction_api_default_mode_is_drive" file="[repo]\tests\Feature\ConfigControllerMapApiTest.php" line="455" class="Tests\Feature\ConfigControllerMapApiTest" classname="Tests.Feature.ConfigControllerMapApiTest" assertions="2" time="0.253015"/>
        <testcase name="test_distance_api_default_mode_is_walk" file="[repo]\tests\Feature\ConfigControllerMapApiTest.php" line="481" class="Tests\Feature\ConfigControllerMapApiTest" classname="Tests.Feature.ConfigControllerMapApiTest" assertions="2" time="0.314359"/>
        <testcase name="test_expired_cache_is_not_returned" file="[repo]\tests\Feature\ConfigControllerMapApiTest.php" line="506" class="Tests\Feature\ConfigControllerMapApiTest" classname="Tests.Feature.ConfigControllerMapApiTest" assertions="1" time="0.302538"/>
        <testcase name="test_guard_blocks_caching_when_curl_returns_false" file="[repo]\tests\Feature\ConfigControllerMapApiTest.php" line="520" class="Tests\Feature\ConfigControllerMapApiTest" classname="Tests.Feature.ConfigControllerMapApiTest" assertions="1" time="0.289180"/>
        <testcase name="test_guard_blocks_caching_when_result_is_null" file="[repo]\tests\Feature\ConfigControllerMapApiTest.php" line="529" class="Tests\Feature\ConfigControllerMapApiTest" classname="Tests.Feature.ConfigControllerMapApiTest" assertions="1" time="0.240155"/>
        <testcase name="test_guard_blocks_caching_when_result_has_error_key" file="[repo]\tests\Feature\ConfigControllerMapApiTest.php" line="538" class="Tests\Feature\ConfigControllerMapApiTest" classname="Tests.Feature.ConfigControllerMapApiTest" assertions="1" time="0.319253"/>
        <testcase name="test_guard_allows_caching_for_valid_response" file="[repo]\tests\Feature\ConfigControllerMapApiTest.php" line="547" class="Tests\Feature\ConfigControllerMapApiTest" classname="Tests.Feature.ConfigControllerMapApiTest" assertions="1" time="0.262825"/>
        <testcase name="test_geocode_guard_blocks_over_quota_status" file="[repo]\tests\Feature\ConfigControllerMapApiTest.php" line="556" class="Tests\Feature\ConfigControllerMapApiTest" classname="Tests.Feature.ConfigControllerMapApiTest" assertions="1" time="0.270468"/>
        <testcase name="test_geocode_guard_blocks_unknown_error_status" file="[repo]\tests\Feature\ConfigControllerMapApiTest.php" line="564" class="Tests\Feature\ConfigControllerMapApiTest" classname="Tests.Feature.ConfigControllerMapApiTest" assertions="1" time="0.271314"/>
      </testsuite>
      <testsuite name="Tests\Feature\ExampleTest" file="[repo]\tests\Feature\ExampleTest.php" tests="1" assertions="2" errors="0" failures="1" skipped="0" time="0.241023">
        <testcase name="test_example" file="[repo]\tests\Feature\ExampleTest.php" line="15" class="Tests\Feature\ExampleTest" classname="Tests.Feature.ExampleTest" assertions="2" time="0.241023">
          <failure type="PHPUnit\Framework\ExpectationFailedException">Tests\Feature\ExampleTest::test_example&#13;
Failed asserting that two strings are equal.
--- Expected
+++ Actual
@@ @@
-'https://urbangoodzdelivery.com'
+'http://localhost/login/admin'
&#13;
[repo]\vendor\laravel\framework\src\Illuminate\Testing\TestResponseAssert.php:45
[repo]\vendor\laravel\framework\src\Illuminate\Testing\TestResponse.php:431
[repo]\vendor\laravel\framework\src\Illuminate\Testing\TestResponse.php:205
[repo]\tests\Feature\ExampleTest.php:19</failure>
        </testcase>
      </testsuite>
      <testsuite name="Tests\Feature\ServiceBookingMigrationSafetyTest" file="[repo]\tests\Feature\ServiceBookingMigrationSafetyTest.php" tests="12" assertions="51" errors="0" failures="0" skipped="0" time="3.096234">
        <testcase name="test_130000_migration_uses_has_table_guards" file="[repo]\tests\Feature\ServiceBookingMigrationSafetyTest.php" line="44" class="Tests\Feature\ServiceBookingMigrationSafetyTest" classname="Tests.Feature.ServiceBookingMigrationSafetyTest" assertions="7" time="0.221728"/>
        <testcase name="test_130000_migration_checks_columns_before_adding" file="[repo]\tests\Feature\ServiceBookingMigrationSafetyTest.php" line="57" class="Tests\Feature\ServiceBookingMigrationSafetyTest" classname="Tests.Feature.ServiceBookingMigrationSafetyTest" assertions="20" time="0.254013"/>
        <testcase name="test_130000_migration_has_no脆弱_after_clauses" file="[repo]\tests\Feature\ServiceBookingMigrationSafetyTest.php" line="76" class="Tests\Feature\ServiceBookingMigrationSafetyTest" classname="Tests.Feature.ServiceBookingMigrationSafetyTest" assertions="1" time="0.245433"/>
        <testcase name="test_130000_create_tables_use_has_table_guard" file="[repo]\tests\Feature\ServiceBookingMigrationSafetyTest.php" line="82" class="Tests\Feature\ServiceBookingMigrationSafetyTest" classname="Tests.Feature.ServiceBookingMigrationSafetyTest" assertions="5" time="0.219031"/>
        <testcase name="test_130000_down_method_is_defensive" file="[repo]\tests\Feature\ServiceBookingMigrationSafetyTest.php" line="93" class="Tests\Feature\ServiceBookingMigrationSafetyTest" classname="Tests.Feature.ServiceBookingMigrationSafetyTest" assertions="7" time="0.230521"/>
        <testcase name="test_130000_no_destructive_operations" file="[repo]\tests\Feature\ServiceBookingMigrationSafetyTest.php" line="106" class="Tests\Feature\ServiceBookingMigrationSafetyTest" classname="Tests.Feature.ServiceBookingMigrationSafetyTest" assertions="3" time="0.265094"/>
        <testcase name="test_delivery_man_vehicles_has_has_table_guard" file="[repo]\tests\Feature\ServiceBookingMigrationSafetyTest.php" line="114" class="Tests\Feature\ServiceBookingMigrationSafetyTest" classname="Tests.Feature.ServiceBookingMigrationSafetyTest" assertions="1" time="0.276408"/>
        <testcase name="test_driver_certifications_has_has_table_guard" file="[repo]\tests\Feature\ServiceBookingMigrationSafetyTest.php" line="120" class="Tests\Feature\ServiceBookingMigrationSafetyTest" classname="Tests.Feature.ServiceBookingMigrationSafetyTest" assertions="1" time="0.236878"/>
        <testcase name="test_vendor_notifications_has_has_table_guard" file="[repo]\tests\Feature\ServiceBookingMigrationSafetyTest.php" line="126" class="Tests\Feature\ServiceBookingMigrationSafetyTest" classname="Tests.Feature.ServiceBookingMigrationSafetyTest" assertions="1" time="0.265798"/>
        <testcase name="test_earn_money_has_table_guard" file="[repo]\tests\Feature\ServiceBookingMigrationSafetyTest.php" line="132" class="Tests\Feature\ServiceBookingMigrationSafetyTest" classname="Tests.Feature.ServiceBookingMigrationSafetyTest" assertions="1" time="0.333205"/>
        <testcase name="test_earn_money_columns_guarded" file="[repo]\tests\Feature\ServiceBookingMigrationSafetyTest.php" line="138" class="Tests\Feature\ServiceBookingMigrationSafetyTest" classname="Tests.Feature.ServiceBookingMigrationSafetyTest" assertions="2" time="0.305539"/>
        <testcase name="test_earn_money_down_method_is_defensive" file="[repo]\tests\Feature\ServiceBookingMigrationSafetyTest.php" line="145" class="Tests\Feature\ServiceBookingMigrationSafetyTest" classname="Tests.Feature.ServiceBookingMigrationSafetyTest" assertions="2" time="0.242588"/>
      </testsuite>
      <testsuite name="Tests\Feature\UrbanGoodzAIExecutionEngineTest" file="[repo]\tests\Feature\UrbanGoodzAIExecutionEngineTest.php" tests="18" assertions="0" errors="18" failures="0" skipped="0" time="0.000000">
        <testcase name="test_intent_classification_returns_valid_intent" file="[repo]\tests\Feature\UrbanGoodzAIExecutionEngineTest.php" line="112" class="Tests\Feature\UrbanGoodzAIExecutionEngineTest" classname="Tests.Feature.UrbanGoodzAIExecutionEngineTest" assertions="0" time="0.000000">
          <error type="Error">Tests\Feature\UrbanGoodzAIExecutionEngineTest::test_intent_classification_returns_valid_intent&#13;
Error: Class "Tests\Feature\DB" not found
&#13;
[repo]\tests\Feature\UrbanGoodzAIExecutionEngineTest.php:55</error>
        </testcase>
        <testcase name="test_book_services_intent_classifies_correctly" file="[repo]\tests\Feature\UrbanGoodzAIExecutionEngineTest.php" line="123" class="Tests\Feature\UrbanGoodzAIExecutionEngineTest" classname="Tests.Feature.UrbanGoodzAIExecutionEngineTest" assertions="0" time="0.000000">
          <error type="Error">Tests\Feature\UrbanGoodzAIExecutionEngineTest::test_book_services_intent_classifies_correctly&#13;
Error: Class "Tests\Feature\DB" not found
&#13;
[repo]\tests\Feature\UrbanGoodzAIExecutionEngineTest.php:55</error>
        </testcase>
        <testcase name="test_order_anywhere_intent_classifies_correctly" file="[repo]\tests\Feature\UrbanGoodzAIExecutionEngineTest.php" line="137" class="Tests\Feature\UrbanGoodzAIExecutionEngineTest" classname="Tests.Feature.UrbanGoodzAIExecutionEngineTest" assertions="0" time="0.000000">
          <error type="Error">Tests\Feature\UrbanGoodzAIExecutionEngineTest::test_order_anywhere_intent_classifies_correctly&#13;
Error: Class "Tests\Feature\DB" not found
&#13;
[repo]\tests\Feature\UrbanGoodzAIExecutionEngineTest.php:55</error>
        </testcase>
        <testcase name="test_fashion_fit_intent_classifies_correctly" file="[repo]\tests\Feature\UrbanGoodzAIExecutionEngineTest.php" line="146" class="Tests\Feature\UrbanGoodzAIExecutionEngineTest" classname="Tests.Feature.UrbanGoodzAIExecutionEngineTest" assertions="0" time="0.000000">
          <error type="Error">Tests\Feature\UrbanGoodzAIExecutionEngineTest::test_fashion_fit_intent_classifies_correctly&#13;
Error: Class "Tests\Feature\DB" not found
&#13;
[repo]\tests\Feature\UrbanGoodzAIExecutionEngineTest.php:55</error>
        </testcase>
        <testcase name="test_load_board_intent_classifies_correctly" file="[repo]\tests\Feature\UrbanGoodzAIExecutionEngineTest.php" line="155" class="Tests\Feature\UrbanGoodzAIExecutionEngineTest" classname="Tests.Feature.UrbanGoodzAIExecutionEngineTest" assertions="0" time="0.000000">
          <error type="Error">Tests\Feature\UrbanGoodzAIExecutionEngineTest::test_load_board_intent_classifies_correctly&#13;
Error: Class "Tests\Feature\DB" not found
&#13;
[repo]\tests\Feature\UrbanGoodzAIExecutionEngineTest.php:55</error>
        </testcase>
        <testcase name="test_execute_book_services_requires_confirmation" file="[repo]\tests\Feature\UrbanGoodzAIExecutionEngineTest.php" line="168" class="Tests\Feature\UrbanGoodzAIExecutionEngineTest" classname="Tests.Feature.UrbanGoodzAIExecutionEngineTest" assertions="0" time="0.000000">
          <error type="Error">Tests\Feature\UrbanGoodzAIExecutionEngineTest::test_execute_book_services_requires_confirmation&#13;
Error: Class "Tests\Feature\DB" not found
&#13;
[repo]\tests\Feature\UrbanGoodzAIExecutionEngineTest.php:55</error>
        </testcase>
        <testcase name="test_execute_order_anywhere_requires_confirmation" file="[repo]\tests\Feature\UrbanGoodzAIExecutionEngineTest.php" line="178" class="Tests\Feature\UrbanGoodzAIExecutionEngineTest" classname="Tests.Feature.UrbanGoodzAIExecutionEngineTest" assertions="0" time="0.000000">
          <error type="Error">Tests\Feature\UrbanGoodzAIExecutionEngineTest::test_execute_order_anywhere_requires_confirmation&#13;
Error: Class "Tests\Feature\DB" not found
&#13;
[repo]\tests\Feature\UrbanGoodzAIExecutionEngineTest.php:55</error>
        </testcase>
        <testcase name="test_execute_fashion_fit_requires_confirmation" file="[repo]\tests\Feature\UrbanGoodzAIExecutionEngineTest.php" line="188" class="Tests\Feature\UrbanGoodzAIExecutionEngineTest" classname="Tests.Feature.UrbanGoodzAIExecutionEngineTest" assertions="0" time="0.000000">
          <error type="Error">Tests\Feature\UrbanGoodzAIExecutionEngineTest::test_execute_fashion_fit_requires_confirmation&#13;
Error: Class "Tests\Feature\DB" not found
&#13;
[repo]\tests\Feature\UrbanGoodzAIExecutionEngineTest.php:55</error>
        </testcase>
        <testcase name="test_customer_cannot_execute_admin_only_actions" file="[repo]\tests\Feature\UrbanGoodzAIExecutionEngineTest.php" line="201" class="Tests\Feature\UrbanGoodzAIExecutionEngineTest" classname="Tests.Feature.UrbanGoodzAIExecutionEngineTest" assertions="0" time="0.000000">
          <error type="Error">Tests\Feature\UrbanGoodzAIExecutionEngineTest::test_customer_cannot_execute_admin_only_actions&#13;
Error: Class "Tests\Feature\DB" not found
&#13;
[repo]\tests\Feature\UrbanGoodzAIExecutionEngineTest.php:55</error>
        </testcase>
        <testcase name="test_driver_can_search_load_board" file="[repo]\tests\Feature\UrbanGoodzAIExecutionEngineTest.php" line="220" class="Tests\Feature\UrbanGoodzAIExecutionEngineTest" classname="Tests.Feature.UrbanGoodzAIExecutionEngineTest" assertions="0" time="0.000000">
          <error type="Error">Tests\Feature\UrbanGoodzAIExecutionEngineTest::test_driver_can_search_load_board&#13;
Error: Class "Tests\Feature\DB" not found
&#13;
[repo]\tests\Feature\UrbanGoodzAIExecutionEngineTest.php:55</error>
        </testcase>
        <testcase name="test_vendor_can_search_marketplace" file="[repo]\tests\Feature\UrbanGoodzAIExecutionEngineTest.php" line="229" class="Tests\Feature\UrbanGoodzAIExecutionEngineTest" classname="Tests.Feature.UrbanGoodzAIExecutionEngineTest" assertions="0" time="0.000000">
          <error type="Error">Tests\Feature\UrbanGoodzAIExecutionEngineTest::test_vendor_can_search_marketplace&#13;
Error: Class "Tests\Feature\DB" not found
&#13;
[repo]\tests\Feature\UrbanGoodzAIExecutionEngineTest.php:55</error>
        </testcase>
        <testcase name="test_duplicate_action_blocked_by_idempotency" file="[repo]\tests\Feature\UrbanGoodzAIExecutionEngineTest.php" line="242" class="Tests\Feature\UrbanGoodzAIExecutionEngineTest" classname="Tests.Feature.UrbanGoodzAIExecutionEngineTest" assertions="0" time="0.000000">
          <error type="Error">Tests\Feature\UrbanGoodzAIExecutionEngineTest::test_duplicate_action_blocked_by_idempotency&#13;
Error: Class "Tests\Feature\DB" not found
&#13;
[repo]\tests\Feature\UrbanGoodzAIExecutionEngineTest.php:55</error>
        </testcase>
        <testcase name="test_ai_result_matches_required_schema" file="[repo]\tests\Feature\UrbanGoodzAIExecutionEngineTest.php" line="260" class="Tests\Feature\UrbanGoodzAIExecutionEngineTest" classname="Tests.Feature.UrbanGoodzAIExecutionEngineTest" assertions="0" time="0.000000">
          <error type="Error">Tests\Feature\UrbanGoodzAIExecutionEngineTest::test_ai_result_matches_required_schema&#13;
Error: Class "Tests\Feature\DB" not found
&#13;
[repo]\tests\Feature\UrbanGoodzAIExecutionEngineTest.php:55</error>
        </testcase>
        <testcase name="test_unknown_intent_returns_fallback" file="[repo]\tests\Feature\UrbanGoodzAIExecutionEngineTest.php" line="276" class="Tests\Feature\UrbanGoodzAIExecutionEngineTest" classname="Tests.Feature.UrbanGoodzAIExecutionEngineTest" assertions="0" time="0.000000">
          <error type="Error">Tests\Feature\UrbanGoodzAIExecutionEngineTest::test_unknown_intent_returns_fallback&#13;
Error: Class "Tests\Feature\DB" not found
&#13;
[repo]\tests\Feature\UrbanGoodzAIExecutionEngineTest.php:55</error>
        </testcase>
        <testcase name="test_low_confidence_triggers_clarification" file="[repo]\tests\Feature\UrbanGoodzAIExecutionEngineTest.php" line="285" class="Tests\Feature\UrbanGoodzAIExecutionEngineTest" classname="Tests.Feature.UrbanGoodzAIExecutionEngineTest" assertions="0" time="0.000000">
          <error type="Error">Tests\Feature\UrbanGoodzAIExecutionEngineTest::test_low_confidence_triggers_clarification&#13;
Error: Class "Tests\Feature\DB" not found
&#13;
[repo]\tests\Feature\UrbanGoodzAIExecutionEngineTest.php:55</error>
        </testcase>
        <testcase name="test_execution_logs_audit_event" file="[repo]\tests\Feature\UrbanGoodzAIExecutionEngineTest.php" line="298" class="Tests\Feature\UrbanGoodzAIExecutionEngineTest" classname="Tests.Feature.UrbanGoodzAIExecutionEngineTest" assertions="0" time="0.000000">
          <error type="Error">Tests\Feature\UrbanGoodzAIExecutionEngineTest::test_execution_logs_audit_event&#13;
Error: Class "Tests\Feature\DB" not found
&#13;
[repo]\tests\Feature\UrbanGoodzAIExecutionEngineTest.php:55</error>
        </testcase>
        <testcase name="test_ai_unavailable_falls_back_to_keywords" file="[repo]\tests\Feature\UrbanGoodzAIExecutionEngineTest.php" line="322" class="Tests\Feature\UrbanGoodzAIExecutionEngineTest" classname="Tests.Feature.UrbanGoodzAIExecutionEngineTest" assertions="0" time="0.000000">
          <error type="Error">Tests\Feature\UrbanGoodzAIExecutionEngineTest::test_ai_unavailable_falls_back_to_keywords&#13;
Error: Class "Tests\Feature\DB" not found
&#13;
[repo]\tests\Feature\UrbanGoodzAIExecutionEngineTest.php:55</error>
        </testcase>
        <testcase name="test_prompt_injection_attempt_returns_safe_response" file="[repo]\tests\Feature\UrbanGoodzAIExecutionEngineTest.php" line="336" class="Tests\Feature\UrbanGoodzAIExecutionEngineTest" classname="Tests.Feature.UrbanGoodzAIExecutionEngineTest" assertions="0" time="0.000000">
          <error type="Error">Tests\Feature\UrbanGoodzAIExecutionEngineTest::test_prompt_injection_attempt_returns_safe_response&#13;
Error: Class "Tests\Feature\DB" not found
&#13;
[repo]\tests\Feature\UrbanGoodzAIExecutionEngineTest.php:55</error>
        </testcase>
      </testsuite>
      <testsuite name="Tests\Feature\UrbanGoodzAgeComplianceRuntimeTest" file="[repo]\tests\Feature\UrbanGoodzAgeComplianceRuntimeTest.php" tests="7" assertions="0" errors="7" failures="0" skipped="0" time="0.000000">
        <testcase name="test_1_age_compliance_index_page_loads" file="[repo]\tests\Feature\UrbanGoodzAgeComplianceRuntimeTest.php" line="33" class="Tests\Feature\UrbanGoodzAgeComplianceRuntimeTest" classname="Tests.Feature.UrbanGoodzAgeComplianceRuntimeTest" assertions="0" time="0.000000">
          <error type="Illuminate\Database\QueryException">Tests\Feature\UrbanGoodzAgeComplianceRuntimeTest::test_1_age_compliance_index_page_loads&#13;
Illuminate\Database\QueryException: SQLSTATE[42S22]: Column not found: 1054 Unknown column 'image' in 'field list' (Connection: mysql, Host: 127.0.0.1, Port: 3306, Database: urbangoodz_test, SQL: insert into `admins` (`f_name`, `l_name`, `email`, `phone`, `password`, `role_id`, `image`, `is_logged_in`, `updated_at`, `created_at`) values (Test, Admin, test@admin.com, 1234567890, $2y$04$B41cMbNFMuFE3E8gHhSTWOex.vCZSDbnLelYrI9uBABsMnXuwNa6i, 1, def.png, 1, 2026-07-23 10:10:55, 2026-07-23 10:10:55))
&#13;
[repo]\vendor\laravel\framework\src\Illuminate\Database\Connection.php:838
[repo]\vendor\laravel\framework\src\Illuminate\Database\Connection.php:794
[repo]\vendor\laravel\framework\src\Illuminate\Database\MySqlConnection.php:42
[repo]\vendor\laravel\framework\src\Illuminate\Database\Query\Processors\MySqlProcessor.php:35
[repo]\vendor\laravel\framework\src\Illuminate\Database\Query\Builder.php:4054
[repo]\vendor\laravel\framework\src\Illuminate\Database\Eloquent\Builder.php:2235
[repo]\vendor\laravel\framework\src\Illuminate\Database\Eloquent\Model.php:1436
[repo]\vendor\laravel\framework\src\Illuminate\Database\Eloquent\Model.php:1401
[repo]\vendor\laravel\framework\src\Illuminate\Database\Eloquent\Model.php:1240
[repo]\vendor\laravel\framework\src\Illuminate\Database\Eloquent\Builder.php:1219
[repo]\vendor\laravel\framework\src\Illuminate\Support\helpers.php:388
[repo]\vendor\laravel\framework\src\Illuminate\Database\Eloquent\Builder.php:1218
[repo]\vendor\laravel\framework\src\Illuminate\Support\Traits\ForwardsCalls.php:23
[repo]\vendor\laravel\framework\src\Illuminate\Database\Eloquent\Model.php:2540
[repo]\vendor\laravel\framework\src\Illuminate\Database\Eloquent\Model.php:2556
[repo]\tests\Feature\UrbanGoodzAgeComplianceRuntimeTest.php:19</error>
        </testcase>
        <testcase name="test_2_age_compliance_packages_page_loads" file="[repo]\tests\Feature\UrbanGoodzAgeComplianceRuntimeTest.php" line="39" class="Tests\Feature\UrbanGoodzAgeComplianceRuntimeTest" classname="Tests.Feature.UrbanGoodzAgeComplianceRuntimeTest" assertions="0" time="0.000000">
          <error type="Illuminate\Database\QueryException">Tests\Feature\UrbanGoodzAgeComplianceRuntimeTest::test_2_age_compliance_packages_page_loads&#13;
[...]
          <error type="Illuminate\Database\QueryException">Tests\Feature\UrbanGoodzSplitControlTest::test_config_change_does_not_affect_existing_order&#13;
Illuminate\Database\QueryException: SQLSTATE[42S22]: Column not found: 1054 Unknown column 'phone' in 'where clause' (Connection: mysql, Host: 127.0.0.1, Port: 3306, Database: urbangoodz_test, SQL: select * from `delivery_men` where (`phone` = 5551000004) limit 1)
&#13;
[repo]\vendor\laravel\framework\src\Illuminate\Database\Connection.php:838
[repo]\vendor\laravel\framework\src\Illuminate\Database\Connection.php:794
[repo]\vendor\laravel\framework\src\Illuminate\Database\Connection.php:411
[repo]\vendor\laravel\framework\src\Illuminate\Database\Query\Builder.php:3389
[repo]\vendor\laravel\framework\src\Illuminate\Database\Query\Builder.php:3374
[repo]\vendor\laravel\framework\src\Illuminate\Database\Query\Builder.php:3964
[repo]\vendor\laravel\framework\src\Illuminate\Database\Query\Builder.php:3373
[repo]\vendor\laravel\framework\src\Illuminate\Database\Eloquent\Builder.php:902
[repo]\vendor\laravel\framework\src\Illuminate\Database\Eloquent\Builder.php:884
[repo]\vendor\laravel\framework\src\Illuminate\Database\Concerns\BuildsQueries.php:366
[repo]\vendor\laravel\framework\src\Illuminate\Database\Eloquent\Builder.php:708
[repo]\vendor\laravel\framework\src\Illuminate\Support\Traits\ForwardsCalls.php:23
[repo]\vendor\laravel\framework\src\Illuminate\Database\Eloquent\Model.php:2540
[repo]\vendor\laravel\framework\src\Illuminate\Database\Eloquent\Model.php:2556
[repo]\tests\Feature\UrbanGoodzSplitControlTest.php:68</error>
        </testcase>
        <testcase name="test_settle_splits_only_once" file="[repo]\tests\Feature\UrbanGoodzSplitControlTest.php" line="322" class="Tests\Feature\UrbanGoodzSplitControlTest" classname="Tests.Feature.UrbanGoodzSplitControlTest" assertions="0" time="0.000000">
          <error type="Illuminate\Database\QueryException">Tests\Feature\UrbanGoodzSplitControlTest::test_settle_splits_only_once&#13;
Illuminate\Database\QueryException: SQLSTATE[42S22]: Column not found: 1054 Unknown column 'phone' in 'where clause' (Connection: mysql, Host: 127.0.0.1, Port: 3306, Database: urbangoodz_test, SQL: select * from `delivery_men` where (`phone` = 5551000004) limit 1)
&#13;
[repo]\vendor\laravel\framework\src\Illuminate\Database\Connection.php:838
[repo]\vendor\laravel\framework\src\Illuminate\Database\Connection.php:794
[repo]\vendor\laravel\framework\src\Illuminate\Database\Connection.php:411
[repo]\vendor\laravel\framework\src\Illuminate\Database\Query\Builder.php:3389
[repo]\vendor\laravel\framework\src\Illuminate\Database\Query\Builder.php:3374
[repo]\vendor\laravel\framework\src\Illuminate\Database\Query\Builder.php:3964
[repo]\vendor\laravel\framework\src\Illuminate\Database\Query\Builder.php:3373
[repo]\vendor\laravel\framework\src\Illuminate\Database\Eloquent\Builder.php:902
[repo]\vendor\laravel\framework\src\Illuminate\Database\Eloquent\Builder.php:884
[repo]\vendor\laravel\framework\src\Illuminate\Database\Concerns\BuildsQueries.php:366
[repo]\vendor\laravel\framework\src\Illuminate\Database\Eloquent\Builder.php:708
[repo]\vendor\laravel\framework\src\Illuminate\Support\Traits\ForwardsCalls.php:23
[repo]\vendor\laravel\framework\src\Illuminate\Database\Eloquent\Model.php:2540
[repo]\vendor\laravel\framework\src\Illuminate\Database\Eloquent\Model.php:2556
[repo]\tests\Feature\UrbanGoodzSplitControlTest.php:68</error>
        </testcase>
        <testcase name="test_duplicate_refund_is_prevented" file="[repo]\tests\Feature\UrbanGoodzSplitControlTest.php" line="356" class="Tests\Feature\UrbanGoodzSplitControlTest" classname="Tests.Feature.UrbanGoodzSplitControlTest" assertions="0" time="0.000000">
          <error type="Illuminate\Database\QueryException">Tests\Feature\UrbanGoodzSplitControlTest::test_duplicate_refund_is_prevented&#13;
Illuminate\Database\QueryException: SQLSTATE[42S22]: Column not found: 1054 Unknown column 'phone' in 'where clause' (Connection: mysql, Host: 127.0.0.1, Port: 3306, Database: urbangoodz_test, SQL: select * from `delivery_men` where (`phone` = 5551000004) limit 1)
&#13;
[repo]\vendor\laravel\framework\src\Illuminate\Database\Connection.php:838
[repo]\vendor\laravel\framework\src\Illuminate\Database\Connection.php:794
[repo]\vendor\laravel\framework\src\Illuminate\Database\Connection.php:411
[repo]\vendor\laravel\framework\src\Illuminate\Database\Query\Builder.php:3389
[repo]\vendor\laravel\framework\src\Illuminate\Database\Query\Builder.php:3374
[repo]\vendor\laravel\framework\src\Illuminate\Database\Query\Builder.php:3964
[repo]\vendor\laravel\framework\src\Illuminate\Database\Query\Builder.php:3373
[repo]\vendor\laravel\framework\src\Illuminate\Database\Eloquent\Builder.php:902
[repo]\vendor\laravel\framework\src\Illuminate\Database\Eloquent\Builder.php:884
[repo]\vendor\laravel\framework\src\Illuminate\Database\Concerns\BuildsQueries.php:366
[repo]\vendor\laravel\framework\src\Illuminate\Database\Eloquent\Builder.php:708
[repo]\vendor\laravel\framework\src\Illuminate\Support\Traits\ForwardsCalls.php:23
[repo]\vendor\laravel\framework\src\Illuminate\Database\Eloquent\Model.php:2540
[repo]\vendor\laravel\framework\src\Illuminate\Database\Eloquent\Model.php:2556
[repo]\tests\Feature\UrbanGoodzSplitControlTest.php:68</error>
        </testcase>
        <testcase name="test_cancellation_before_authorization_reverses_pending_splits" file="[repo]\tests\Feature\UrbanGoodzSplitControlTest.php" line="393" class="Tests\Feature\UrbanGoodzSplitControlTest" classname="Tests.Feature.UrbanGoodzSplitControlTest" assertions="0" time="0.000000">
          <error type="Illuminate\Database\QueryException">Tests\Feature\UrbanGoodzSplitControlTest::test_cancellation_before_authorization_reverses_pending_splits&#13;
Illuminate\Database\QueryException: SQLSTATE[42S22]: Column not found: 1054 Unknown column 'phone' in 'where clause' (Connection: mysql, Host: 127.0.0.1, Port: 3306, Database: urbangoodz_test, SQL: select * from `delivery_men` where (`phone` = 5551000004) limit 1)
&#13;
[repo]\vendor\laravel\framework\src\Illuminate\Database\Connection.php:838
[repo]\vendor\laravel\framework\src\Illuminate\Database\Connection.php:794
[repo]\vendor\laravel\framework\src\Illuminate\Database\Connection.php:411
[repo]\vendor\laravel\framework\src\Illuminate\Database\Query\Builder.php:3389
[repo]\vendor\laravel\framework\src\Illuminate\Database\Query\Builder.php:3374
[repo]\vendor\laravel\framework\src\Illuminate\Database\Query\Builder.php:3964
[repo]\vendor\laravel\framework\src\Illuminate\Database\Query\Builder.php:3373
[repo]\vendor\laravel\framework\src\Illuminate\Database\Eloquent\Builder.php:902
[repo]\vendor\laravel\framework\src\Illuminate\Database\Eloquent\Builder.php:884
[repo]\vendor\laravel\framework\src\Illuminate\Database\Concerns\BuildsQueries.php:366
[repo]\vendor\laravel\framework\src\Illuminate\Database\Eloquent\Builder.php:708
[repo]\vendor\laravel\framework\src\Illuminate\Support\Traits\ForwardsCalls.php:23
[repo]\vendor\laravel\framework\src\Illuminate\Database\Eloquent\Model.php:2540
[repo]\vendor\laravel\framework\src\Illuminate\Database\Eloquent\Model.php:2556
[repo]\tests\Feature\UrbanGoodzSplitControlTest.php:68</error>
        </testcase>
        <testcase name="test_card_purchase_does_not_modify_customer_payment_status" file="[repo]\tests\Feature\UrbanGoodzSplitControlTest.php" line="419" class="Tests\Feature\UrbanGoodzSplitControlTest" classname="Tests.Feature.UrbanGoodzSplitControlTest" assertions="0" time="0.000000">
          <error type="Illuminate\Database\QueryException">Tests\Feature\UrbanGoodzSplitControlTest::test_card_purchase_does_not_modify_customer_payment_status&#13;
Illuminate\Database\QueryException: SQLSTATE[42S22]: Column not found: 1054 Unknown column 'phone' in 'where clause' (Connection: mysql, Host: 127.0.0.1, Port: 3306, Database: urbangoodz_test, SQL: select * from `delivery_men` where (`phone` = 5551000004) limit 1)
&#13;
[repo]\vendor\laravel\framework\src\Illuminate\Database\Connection.php:838
[repo]\vendor\laravel\framework\src\Illuminate\Database\Connection.php:794
[repo]\vendor\laravel\framework\src\Illuminate\Database\Connection.php:411
[repo]\vendor\laravel\framework\src\Illuminate\Database\Query\Builder.php:3389
[repo]\vendor\laravel\framework\src\Illuminate\Database\Query\Builder.php:3374
[repo]\vendor\laravel\framework\src\Illuminate\Database\Query\Builder.php:3964
[repo]\vendor\laravel\framework\src\Illuminate\Database\Query\Builder.php:3373
[repo]\vendor\laravel\framework\src\Illuminate\Database\Eloquent\Builder.php:902
[repo]\vendor\laravel\framework\src\Illuminate\Database\Eloquent\Builder.php:884
[repo]\vendor\laravel\framework\src\Illuminate\Database\Concerns\BuildsQueries.php:366
[repo]\vendor\laravel\framework\src\Illuminate\Database\Eloquent\Builder.php:708
[repo]\vendor\laravel\framework\src\Illuminate\Support\Traits\ForwardsCalls.php:23
[repo]\vendor\laravel\framework\src\Illuminate\Database\Eloquent\Model.php:2540
[repo]\vendor\laravel\framework\src\Illuminate\Database\Eloquent\Model.php:2556
[repo]\tests\Feature\UrbanGoodzSplitControlTest.php:68</error>
        </testcase>
        <testcase name="test_all_public_methods_exist" file="[repo]\tests\Feature\UrbanGoodzSplitControlTest.php" line="448" class="Tests\Feature\UrbanGoodzSplitControlTest" classname="Tests.Feature.UrbanGoodzSplitControlTest" assertions="0" time="0.000000">
          <error type="Illuminate\Database\QueryException">Tests\Feature\UrbanGoodzSplitControlTest::test_all_public_methods_exist&#13;
Illuminate\Database\QueryException: SQLSTATE[42S22]: Column not found: 1054 Unknown column 'phone' in 'where clause' (Connection: mysql, Host: 127.0.0.1, Port: 3306, Database: urbangoodz_test, SQL: select * from `delivery_men` where (`phone` = 5551000004) limit 1)
&#13;
[repo]\vendor\laravel\framework\src\Illuminate\Database\Connection.php:838
[repo]\vendor\laravel\framework\src\Illuminate\Database\Connection.php:794
[repo]\vendor\laravel\framework\src\Illuminate\Database\Connection.php:411
[repo]\vendor\laravel\framework\src\Illuminate\Database\Query\Builder.php:3389
[repo]\vendor\laravel\framework\src\Illuminate\Database\Query\Builder.php:3374
[repo]\vendor\laravel\framework\src\Illuminate\Database\Query\Builder.php:3964
[repo]\vendor\laravel\framework\src\Illuminate\Database\Query\Builder.php:3373
[repo]\vendor\laravel\framework\src\Illuminate\Database\Eloquent\Builder.php:902
[repo]\vendor\laravel\framework\src\Illuminate\Database\Eloquent\Builder.php:884
[repo]\vendor\laravel\framework\src\Illuminate\Database\Concerns\BuildsQueries.php:366
[repo]\vendor\laravel\framework\src\Illuminate\Database\Eloquent\Builder.php:708
[repo]\vendor\laravel\framework\src\Illuminate\Support\Traits\ForwardsCalls.php:23
[repo]\vendor\laravel\framework\src\Illuminate\Database\Eloquent\Model.php:2540
[repo]\vendor\laravel\framework\src\Illuminate\Database\Eloquent\Model.php:2556
[repo]\tests\Feature\UrbanGoodzSplitControlTest.php:68</error>
        </testcase>
        <testcase name="test_reconciliation_passes_for_balanced_splits" file="[repo]\tests\Feature\UrbanGoodzSplitControlTest.php" line="470" class="Tests\Feature\UrbanGoodzSplitControlTest" classname="Tests.Feature.UrbanGoodzSplitControlTest" assertions="0" time="0.000000">
          <error type="Illuminate\Database\QueryException">Tests\Feature\UrbanGoodzSplitControlTest::test_reconciliation_passes_for_balanced_splits&#13;
Illuminate\Database\QueryException: SQLSTATE[42S22]: Column not found: 1054 Unknown column 'phone' in 'where clause' (Connection: mysql, Host: 127.0.0.1, Port: 3306, Database: urbangoodz_test, SQL: select * from `delivery_men` where (`phone` = 5551000004) limit 1)
&#13;
[repo]\vendor\laravel\framework\src\Illuminate\Database\Connection.php:838
[repo]\vendor\laravel\framework\src\Illuminate\Database\Connection.php:794
[repo]\vendor\laravel\framework\src\Illuminate\Database\Connection.php:411
[repo]\vendor\laravel\framework\src\Illuminate\Database\Query\Builder.php:3389
[repo]\vendor\laravel\framework\src\Illuminate\Database\Query\Builder.php:3374
[repo]\vendor\laravel\framework\src\Illuminate\Database\Query\Builder.php:3964
[repo]\vendor\laravel\framework\src\Illuminate\Database\Query\Builder.php:3373
[repo]\vendor\laravel\framework\src\Illuminate\Database\Eloquent\Builder.php:902
[repo]\vendor\laravel\framework\src\Illuminate\Database\Eloquent\Builder.php:884
[repo]\vendor\laravel\framework\src\Illuminate\Database\Concerns\BuildsQueries.php:366
[repo]\vendor\laravel\framework\src\Illuminate\Database\Eloquent\Builder.php:708
[repo]\vendor\laravel\framework\src\Illuminate\Support\Traits\ForwardsCalls.php:23
[repo]\vendor\laravel\framework\src\Illuminate\Database\Eloquent\Model.php:2540
[repo]\vendor\laravel\framework\src\Illuminate\Database\Eloquent\Model.php:2556
[repo]\tests\Feature\UrbanGoodzSplitControlTest.php:68</error>
        </testcase>
        <testcase name="test_reconciliation_fails_for_unbalanced_splits" file="[repo]\tests\Feature\UrbanGoodzSplitControlTest.php" line="509" class="Tests\Feature\UrbanGoodzSplitControlTest" classname="Tests.Feature.UrbanGoodzSplitControlTest" assertions="0" time="0.000000">
          <error type="Illuminate\Database\QueryException">Tests\Feature\UrbanGoodzSplitControlTest::test_reconciliation_fails_for_unbalanced_splits&#13;
Illuminate\Database\QueryException: SQLSTATE[42S22]: Column not found: 1054 Unknown column 'phone' in 'where clause' (Connection: mysql, Host: 127.0.0.1, Port: 3306, Database: urbangoodz_test, SQL: select * from `delivery_men` where (`phone` = 5551000004) limit 1)
&#13;
[repo]\vendor\laravel\framework\src\Illuminate\Database\Connection.php:838
[repo]\vendor\laravel\framework\src\Illuminate\Database\Connection.php:794
[repo]\vendor\laravel\framework\src\Illuminate\Database\Connection.php:411
[repo]\vendor\laravel\framework\src\Illuminate\Database\Query\Builder.php:3389
[repo]\vendor\laravel\framework\src\Illuminate\Database\Query\Builder.php:3374
[repo]\vendor\laravel\framework\src\Illuminate\Database\Query\Builder.php:3964
[repo]\vendor\laravel\framework\src\Illuminate\Database\Query\Builder.php:3373
[repo]\vendor\laravel\framework\src\Illuminate\Database\Eloquent\Builder.php:902
[repo]\vendor\laravel\framework\src\Illuminate\Database\Eloquent\Builder.php:884
[repo]\vendor\laravel\framework\src\Illuminate\Database\Concerns\BuildsQueries.php:366
[repo]\vendor\laravel\framework\src\Illuminate\Database\Eloquent\Builder.php:708
[repo]\vendor\laravel\framework\src\Illuminate\Support\Traits\ForwardsCalls.php:23
[repo]\vendor\laravel\framework\src\Illuminate\Database\Eloquent\Model.php:2540
[repo]\vendor\laravel\framework\src\Illuminate\Database\Eloquent\Model.php:2556
[repo]\tests\Feature\UrbanGoodzSplitControlTest.php:68</error>
        </testcase>
        <testcase name="test_ai_service_has_no_split_methods" file="[repo]\tests\Feature\UrbanGoodzSplitControlTest.php" line="535" class="Tests\Feature\UrbanGoodzSplitControlTest" classname="Tests.Feature.UrbanGoodzSplitControlTest" assertions="0" time="0.000000">
          <error type="Illuminate\Database\QueryException">Tests\Feature\UrbanGoodzSplitControlTest::test_ai_service_has_no_split_methods&#13;
Illuminate\Database\QueryException: SQLSTATE[42S22]: Column not found: 1054 Unknown column 'phone' in 'where clause' (Connection: mysql, Host: 127.0.0.1, Port: 3306, Database: urbangoodz_test, SQL: select * from `delivery_men` where (`phone` = 5551000004) limit 1)
&#13;
[repo]\vendor\laravel\framework\src\Illuminate\Database\Connection.php:838
[repo]\vendor\laravel\framework\src\Illuminate\Database\Connection.php:794
[repo]\vendor\laravel\framework\src\Illuminate\Database\Connection.php:411
[repo]\vendor\laravel\framework\src\Illuminate\Database\Query\Builder.php:3389
[repo]\vendor\laravel\framework\src\Illuminate\Database\Query\Builder.php:3374
[repo]\vendor\laravel\framework\src\Illuminate\Database\Query\Builder.php:3964
[repo]\vendor\laravel\framework\src\Illuminate\Database\Query\Builder.php:3373
[repo]\vendor\laravel\framework\src\Illuminate\Database\Eloquent\Builder.php:902
[repo]\vendor\laravel\framework\src\Illuminate\Database\Eloquent\Builder.php:884
[repo]\vendor\laravel\framework\src\Illuminate\Database\Concerns\BuildsQueries.php:366
[repo]\vendor\laravel\framework\src\Illuminate\Database\Eloquent\Builder.php:708
[repo]\vendor\laravel\framework\src\Illuminate\Support\Traits\ForwardsCalls.php:23
[repo]\vendor\laravel\framework\src\Illuminate\Database\Eloquent\Model.php:2540
[repo]\vendor\laravel\framework\src\Illuminate\Database\Eloquent\Model.php:2556
[repo]\tests\Feature\UrbanGoodzSplitControlTest.php:68</error>
        </testcase>
        <testcase name="test_payment_ai_controller_cannot_set_split_percentages" file="[repo]\tests\Feature\UrbanGoodzSplitControlTest.php" line="547" class="Tests\Feature\UrbanGoodzSplitControlTest" classname="Tests.Feature.UrbanGoodzSplitControlTest" assertions="0" time="0.000000">
          <error type="Illuminate\Database\QueryException">Tests\Feature\UrbanGoodzSplitControlTest::test_payment_ai_controller_cannot_set_split_percentages&#13;
Illuminate\Database\QueryException: SQLSTATE[42S22]: Column not found: 1054 Unknown column 'phone' in 'where clause' (Connection: mysql, Host: 127.0.0.1, Port: 3306, Database: urbangoodz_test, SQL: select * from `delivery_men` where (`phone` = 5551000004) limit 1)
&#13;
[repo]\vendor\laravel\framework\src\Illuminate\Database\Connection.php:838
[repo]\vendor\laravel\framework\src\Illuminate\Database\Connection.php:794
[repo]\vendor\laravel\framework\src\Illuminate\Database\Connection.php:411
[repo]\vendor\laravel\framework\src\Illuminate\Database\Query\Builder.php:3389
[repo]\vendor\laravel\framework\src\Illuminate\Database\Query\Builder.php:3374
[repo]\vendor\laravel\framework\src\Illuminate\Database\Query\Builder.php:3964
[repo]\vendor\laravel\framework\src\Illuminate\Database\Query\Builder.php:3373
[repo]\vendor\laravel\framework\src\Illuminate\Database\Eloquent\Builder.php:902
[repo]\vendor\laravel\framework\src\Illuminate\Database\Eloquent\Builder.php:884
[repo]\vendor\laravel\framework\src\Illuminate\Database\Concerns\BuildsQueries.php:366
[repo]\vendor\laravel\framework\src\Illuminate\Database\Eloquent\Builder.php:708
[repo]\vendor\laravel\framework\src\Illuminate\Support\Traits\ForwardsCalls.php:23
[repo]\vendor\laravel\framework\src\Illuminate\Database\Eloquent\Model.php:2540
[repo]\vendor\laravel\framework\src\Illuminate\Database\Eloquent\Model.php:2556
[repo]\tests\Feature\UrbanGoodzSplitControlTest.php:68</error>
        </testcase>
      </testsuite>
      <testsuite name="Tests\Feature\UrbanGoodzWithdrawalSecurityTest" file="[repo]\tests\Feature\UrbanGoodzWithdrawalSecurityTest.php" tests="3" assertions="16" errors="0" failures="0" skipped="0" time="6.741937">
        <testcase name="test_withdrawal_validates_balance_and_reserves_funds_atomically" file="[repo]\tests\Feature\UrbanGoodzWithdrawalSecurityTest.php" line="110" class="Tests\Feature\UrbanGoodzWithdrawalSecurityTest" classname="Tests.Feature.UrbanGoodzWithdrawalSecurityTest" assertions="10" time="4.189151"/>
        <testcase name="test_withdrawal_rejects_missing_or_inactive_method" file="[repo]\tests\Feature\UrbanGoodzWithdrawalSecurityTest.php" line="134" class="Tests\Feature\UrbanGoodzWithdrawalSecurityTest" classname="Tests.Feature.UrbanGoodzWithdrawalSecurityTest" assertions="3" time="1.043828"/>
        <testcase name="test_vendor_cannot_close_another_vendors_withdrawal" file="[repo]\tests\Feature\UrbanGoodzWithdrawalSecurityTest.php" line="153" class="Tests\Feature\UrbanGoodzWithdrawalSecurityTest" classname="Tests.Feature.UrbanGoodzWithdrawalSecurityTest" assertions="3" time="1.508958"/>
      </testsuite>
    </testsuite>
  </testsuite>
</testsuites>
